2018-10-21 20:07:30,907 INFO: Creating class Read
2018-10-21 20:07:32,969 Calculate the tonality and apply it to the whole music piece
2018-10-21 20:07:33,424 Extract the sequence of chords
2018-10-21 20:07:33,425 Create the Deep Learning object
2018-10-21 20:07:33,427 Config LSTM
2018-10-21 20:07:34,707 From CreateMusic.py:81: softmax_cross_entropy_with_logits (from tensorflow.python.ops.nn_ops) is deprecated and will be removed in a future version.
Instructions for updating:

Future major versions of TensorFlow will allow gradients to flow
into the labels input on backprop by default.

See @{tf.nn.softmax_cross_entropy_with_logits_v2}.

2018-10-21 20:07:42,029 Estimate initial sequence to predict based on LSTM
2018-10-21 20:07:42,030 Train and save LSTM
2018-10-21 20:07:42.030454: I tensorflow/core/platform/cpu_feature_guard.cc:140] Your CPU supports instructions that this TensorFlow binary was not compiled to use: AVX2 FMA
La tonalidad es: Reb
['Do#', 'La#', 'Re#', 'Fa#', 'Sol#']
Iter= 1000, Average Loss= 11.551343, Average Accuracy= 0.20%
[('V3', 'I5', 'I4', 'III4', 'III5'), ('IV2', 'I3', 'III5'), ('I3', 'I4', 'VI3', 'VI4', 'IV2', 'IV3', 'IV4', 'II5'), ('I3', 'I4', 'III5', 'VI3', 'VI4', 'IV2', 'IV3', 'IV4'), ('I3', 'I4', 'VI3', 'VI4', 'IV2', 'IV3', 'IV4', 'II5'), ('I4', 'I5', 'VI3', 'VI4', 'IV3', 'IV4'), ('V2', 'I5'), ('VI3+', 'III3', 'V4', 'V2', 'I4', 'I5'), ('VI3+', 'III3', 'V4', 'V2', 'II4', 'II5'), ('VI3+', 'V2', 'I4', 'III5', 'VI4', 'VI5', 'III4'), ('VI3+', 'V4', 'V5', 'V2', 'I4', 'III5', 'III4'), ('V4', 'V5', 'V2', 'III5'), ('V2', 'III4', 'III5'), ('VI2',), ('III3', 'III4', 'VI2', 'VI3', 'VI4', 'II4', 'II5'), ('III3', 'III4', 'III5', 'VI2', 'VI3', 'VI4', 'II4'), ('III3', 'III4', 'VI2', 'VI3', 'VI4', 'II4', 'II5'), ('III3', 'I4', 'I5', 'VI3', 'VI4', 'III4'), ('III3', 'III4', 'I5', 'VI2', 'VI3', 'VI4', 'I4'), ('III3', 'VI3', 'VI4', 'I4', 'III4')] - [('II2', 'II1')] vs [('I4', 'III5', 'VI3', 'IV3', 'I5', 'II4')]
Iter= 2000, Average Loss= 6.524830, Average Accuracy= 1.40%
[('I2', 'V4', 'I4', 'III4'), ('III2', 'V4', 'III4'), ('III2', 'VII3', 'V4', 'III4'), ('III2', 'III3', 'V4', 'III4'), ('III2', 'V4', 'V3', 'III4'), ('III2', 'V4', 'VII4', 'III4'), ('III2', 'V4', 'III4'), ('V4', 'V2', 'VI4+'), ('V4', 'V2', 'II3+', 'VI4+'), ('V4', 'V2', 'V3', 'VI4+'), ('VI3+', 'V4', 'V2', 'VI4+'), ('V2', 'II4+', 'I5'), ('V4', 'V2', 'I5'), ('I2', 'V4', 'III4'), ('I2', 'V4', 'V2', 'III4'), ('I2', 'I3', 'V4', 'III4'), ('I2', 'III3', 'V4', 'III4'), ('I2', 'V4', 'V3', 'III4'), ('I2', 'V4', 'I4', 'III4'), ('III2', 'V4', 'III4')] - [('III2', 'VII3', 'V4', 'III4')] vs [('I2', 'V4', 'V3', 'III4')]
Iter= 3000, Average Loss= 5.638381, Average Accuracy= 5.40%
[('IV6', 'IV4', 'III4'), ('V4+', 'IV6', 'III4'), ('IV6', 'III4', 'I5'), ('IV6', 'III4', 'IV5'), ('I6', 'IV6', 'III4'), ('V5+', 'IV6', 'III4'), ('IV6', 'II4+', 'IV4'), ('V4+', 'IV6', 'II4+'), ('IV6', 'II4+', 'I5'), ('IV6', 'II4+', 'IV5'), ('I6', 'IV6', 'II4+'), ('V5+', 'IV6', 'II4+'), ('IV6', 'IV4', 'II4'), ('V4+', 'IV6', 'II4'), ('IV6', 'II4', 'I5'), ('IV6', 'II4', 'IV5'), ('I6', 'IV6', 'II4'), ('V5+', 'IV6', 'II4'), ('V6+', 'II4+', 'I4'), ('V4+', 'V6+', 'I4')] - [('V6+', 'I4', 'I5')] vs [('VI4+', 'I4', 'II6+')]
Iter= 4000, Average Loss= 5.446368, Average Accuracy= 6.00%
[('II3', 'VI4', 'IV4', 'II5'), ('VI4', 'IV4', 'I4', 'V3'), ('II3', 'VI4', 'IV4', 'I4'), ('VI3', 'VI4', 'V3', 'IV4'), ('VI3', 'VI4', 'II4', 'IV4'), ('VI4', 'I4', 'IV4', 'V3'), ('II3', 'VI4', 'I4', 'IV4'), ('V4', 'VI3', 'V3', 'IV4'), ('II3', 'V4', 'VI3', 'IV4'), ('V4', 'V2', 'VII4', 'IV4'), ('II3', 'V4', 'VII4', 'IV4'), ('V4', 'V2', 'II4', 'IV4'), ('II2', 'V4', 'II4', 'IV4'), ('V2', 'VI4', 'I4', 'IV4'), ('II2', 'VI4', 'I4', 'IV4'), ('V4', 'VII5', 'V2', 'III5'), ('II3', 'V4', 'VII5', 'III5'), ('V2', 'VI4', 'IV4', 'II5'), ('II3', 'VI4', 'IV4', 'II5'), ('VI4', 'IV4', 'I4', 'V3')] - [('II3', 'VI4', 'IV4', 'I4')] vs [('IV3', 'I4', 'II4', 'II3')]
Iter= 5000, Average Loss= 4.903049, Average Accuracy= 11.90%
[('II6', 'VI5'), ('II6', 'IV4'), ('VI4', 'II6'), ('II6', 'I5'), ('II6', 'II5'), ('II6', 'IV5'), ('VII6', 'II6'), ('II6', 'IV4'), ('VI4', 'II6', 'IV4'), ('II6', 'IV4', 'I5'), ('II6', 'IV4', 'II5'), ('II6', 'IV4', 'IV5'), ('II6', 'VI5', 'IV4'), ('II6', 'IV4'), ('V4+', 'II6'), ('II6', 'I5'), ('II6', 'II5'), ('II6', 'IV5'), ('V5+', 'II6'), ('I6', 'IV4')] - [('V4+', 'I6')] vs [('V4', 'II4', 'IV4', 'V3')]
Iter= 6000, Average Loss= 3.950917, Average Accuracy= 21.90%
[('VI5', 'IV5'), ('V5', 'VI3', 'VII4', 'III5'), ('V5', 'VI3', 'II4', 'VII4', 'III5'), ('V5', 'III4', 'III5', 'VI3', 'VII4', 'II4'), ('V4', 'V5', 'III4', 'III5', 'VI3', 'VII4', 'II4'), ('V4', 'III4', 'III5', 'VI3', 'VII4', 'VII5', 'II4', 'VI5'), ('V4', 'V5', 'III4', 'III5', 'VI3', 'VII4', 'II4', 'VII5'), ('V4', 'V5', 'III4', 'III5', 'VII3', 'VII5'), ('V4', 'V5', 'III4', 'III5', 'VII3', 'II4', 'VII5'), ('IV3', 'V5', 'VII5', 'III5'), ('V5', 'V4', 'VII5', 'IV3', 'III5'), ('II5', 'VI3', 'IV5'), ('II5', 'VII4', 'IV5'), ('V5', 'II4', 'III5'), ('V5', 'IV4', 'III5'), ('II5', 'VI4', 'IV5'), ('V4+', 'III3', 'VII4', 'II4', 'III5'), ('V3', 'VII4', 'III5'), ('VI3', 'V3', 'III5'), ('V3', 'I4', 'III5')] - [('V3', 'III4', 'III5')] vs [('VI3', 'IV4', 'I4')]
Iter= 7000, Average Loss= 3.054818, Average Accuracy= 39.40%
[('I2', 'V2'), ('I2', 'I3'), ('I2', 'III3'), ('I2', 'V3'), ('I2', 'I4'), ('III2',), ('III2', 'VII3'), ('III2', 'III3'), ('III2', 'V3'), ('III2', 'VII4'), ('III2', 'III4'), ('I2',), ('I2', 'V2'), ('I2', 'I3'), ('I2', 'III3'), ('I2', 'V3'), ('I2', 'I4'), ('III2',), ('III2', 'VII3'), ('III2', 'III3')] - [('III2', 'V3')] vs [('III2', 'V3')]
Iter= 8000, Average Loss= 2.326238, Average Accuracy= 51.80%
[('III2', 'I3', 'V4', 'V3', 'III3', 'II4', 'II5'), ('III2', 'I3', 'V4', 'V5', 'III4', 'I5', 'I4'), ('V3', 'I5', 'I4', 'III4', 'III5'), ('IV2', 'I3', 'III5'), ('I3', 'I4', 'VI3', 'VI4', 'IV2', 'IV3', 'IV4', 'II5'), ('I3', 'I4', 'III5', 'VI3', 'VI4', 'IV2', 'IV3', 'IV4'), ('I3', 'I4', 'VI3', 'VI4', 'IV2', 'IV3', 'IV4', 'II5'), ('I4', 'I5', 'VI3', 'VI4', 'IV3', 'IV4'), ('V2', 'I5'), ('VI3+', 'III3', 'V4', 'V2', 'I4', 'I5'), ('VI3+', 'III3', 'V4', 'V2', 'II4', 'II5'), ('VI3+', 'V2', 'I4', 'III5', 'VI4', 'VI5', 'III4'), ('VI3+', 'V4', 'V5', 'V2', 'I4', 'III5', 'III4'), ('V4', 'V5', 'V2', 'III5'), ('V2', 'III4', 'III5'), ('VI2',), ('III3', 'III4', 'VI2', 'VI3', 'VI4', 'II4', 'II5'), ('III3', 'III4', 'III5', 'VI2', 'VI3', 'VI4', 'II4'), ('III3', 'III4', 'VI2', 'VI3', 'VI4', 'II4', 'II5'), ('III3', 'I4', 'I5', 'VI3', 'VI4', 'III4')] - [('III3', 'III4', 'I5', 'VI2', 'VI3', 'VI4', 'I4')] vs [('IV3', 'II4', 'I4')]
Iter= 9000, Average Loss= 2.187890, Average Accuracy= 55.60%
[('IV3', 'IV4', 'IV5'), ('IV3', 'II4', 'IV4', 'IV5'), ('V1+', 'V2+'), ('VII4', 'II4', 'V2+', 'IV5', 'IV3', 'VII5', 'V1+', 'IV4', 'II5'), ('V4', 'V5', 'V3', 'II4', 'VII4', 'II5', 'V1+', 'V2+', 'VII5'), ('II4', 'IV5', 'IV4', 'IV3', 'VII5', 'VII4', 'II5'), ('VI1', 'VI2'), ('I4', 'I5', 'VI1', 'VI2', 'VI3', 'IV3', 'IV4', 'IV5'), ('V4', 'V5', 'V3', 'I4', 'I5', 'VI1', 'VI2', 'VI3'), ('I6', 'I4', 'I5', 'VI1', 'VI2', 'VI3'), ('I4', 'VI3', 'VI4', 'VI5', 'IV4', 'IV5'), ('IV3', 'I4', 'IV4', 'IV5'), ('V2', 'V1'), ('V2', 'V1', 'VI3', 'VI4', 'II4', 'IV3', 'IV5', 'IV4', 'II5'), ('V4', 'V5', 'V2', 'V3', 'III4', 'III5', 'V1', 'VII4', 'VII5'), ('VI3', 'VI4', 'IV4', 'IV3', 'IV5', 'II4', 'II5'), ('I2', 'I3'), ('I2', 'I3', 'I4', 'I5', 'VI3', 'VI4', 'IV3', 'IV4', 'IV5'), ('I2', 'I3', 'V4', 'V5', 'V3', 'I4', 'I5', 'VI3', 'VI4'), ('I2', 'I3', 'I4', 'I5', 'VI3', 'VI4', 'II6', 'II4', 'II5')] - [('I6', 'I4', 'I5', 'VI4', 'VI5', 'IV4', 'IV5')] vs [('I6', 'I4', 'I5', 'VI4', 'VI5', 'IV4', 'IV5')]
Iter= 10000, Average Loss= 1.543023, Average Accuracy= 67.10%
[('I2', 'V4', 'V2', 'III4'), ('I2', 'V4', 'V2', 'III4', 'VII5'), ('I2', 'I3', 'V4', 'III4'), ('I2', 'III3', 'V4', 'III4'), ('I2', 'V4', 'V3', 'III4'), ('I2', 'V4', 'I4', 'III4'), ('III2', 'V4', 'III4'), ('III2', 'VII3', 'V4', 'III4'), ('III2', 'III3', 'V4', 'III4'), ('III2', 'V4', 'V3', 'III4'), ('III2', 'V4', 'VII4', 'III4'), ('III2', 'V4', 'III4'), ('V4', 'V2', 'VI4+'), ('V4', 'V2', 'II3+', 'VI4+'), ('V4', 'V2', 'V3', 'VI4+'), ('VI3+', 'V4', 'V2', 'VI4+'), ('V2', 'II4+', 'I5'), ('V4', 'V2', 'I5'), ('I2', 'V4', 'III4'), ('I2', 'V4', 'V2', 'III4')] - [('I2', 'I3', 'V4', 'III4')] vs [('I2', 'I3', 'V4', 'III4')]
Iter= 11000, Average Loss= 1.429329, Average Accuracy= 69.90%
[('V4', 'V5', 'V3'), ('V5', 'V3', 'VII5'), ('V5', 'II5+', 'V3'), ('V5', 'V3'), ('I3', 'V5', 'III5'), ('I3', 'V5', 'V3', 'III5'), ('I3', 'V5', 'I4', 'III5'), ('I3', 'V5', 'III4', 'III5'), ('I3', 'V4', 'V5', 'III5'), ('I5', 'I3', 'V5', 'III5'), ('III3', 'V5', 'V3', 'III5'), ('III3', 'V5', 'VII4', 'III5'), ('III3', 'V5', 'III4', 'III5'), ('III3', 'V4', 'V5', 'III5'), ('III3', 'V5', 'VII5', 'III5'), ('III3', 'V5', 'III5'), ('VI3+', 'V5', 'V3', 'VI5+'), ('V5', 'V3', 'VI5+', 'II4+'), ('V4', 'V5', 'V3', 'VI5+'), ('V5', 'V3', 'VI5+', 'VI4+')] - [('II5+', 'I6', 'V3')] vs [('V5', 'V3')]
Iter= 12000, Average Loss= 1.189940, Average Accuracy= 78.40%
[('II3+', 'V4', 'II4+'), ('I3', 'V4', 'II4+'), ('IV2', 'V4', 'II4+', 'V3+'), ('I3', 'V4', 'II4+', 'V3+'), ('IV2', 'II4', 'IV4', 'V3+'), ('I3', 'II4', 'IV4', 'V3+'), ('IV2', 'II4+', 'I4', 'V3+'), ('I3', 'II4+', 'I4', 'V3+'), ('IV3', 'V2', 'I4', 'II4'), ('IV3', 'I4', 'II4', 'II3'), ('IV3', 'V2', 'I4', 'II4'), ('IV3', 'I4', 'II4', 'II3'), ('V2', 'I4', 'II4', 'V3'), ('II3', 'I4', 'II4', 'V3'), ('VI3', 'V2', 'I4', 'II4'), ('II3', 'VI3', 'I4', 'II4'), ('VI3', 'V2', 'I4', 'II4'), ('II3', 'VI3', 'I4', 'II4'), ('V2', 'I4', 'II4'), ('II3', 'I4', 'II4')] - [('II4', 'V2', 'IV4', 'VII4')] vs [('II4', 'V2', 'IV4', 'VII4')]
Iter= 13000, Average Loss= 0.945177, Average Accuracy= 82.40%
[('II4', 'V2', 'IV4', 'VII4'), ('II3', 'II4', 'IV4', 'VII4'), ('II4', 'V2', 'IV4', 'VII4'), ('II3', 'II4', 'IV4', 'VII4'), ('V2', 'II4', 'VI4', 'IV4', 'VII4'), ('II3', 'II4', 'VI4', 'IV4', 'VII4'), ('V2', 'VI4', 'I4', 'IV4'), ('II2', 'VI4', 'I4', 'IV4'), ('V4', 'VII5', 'V2', 'III5'), ('II3', 'V4', 'VII5', 'III5'), ('V2', 'VI4', 'IV4', 'II5'), ('II3', 'VI4', 'IV4', 'II5'), ('VI4', 'IV4', 'I4', 'V3'), ('II3', 'VI4', 'IV4', 'I4'), ('VI3', 'VI4', 'V3', 'IV4'), ('VI3', 'VI4', 'II4', 'IV4'), ('VI4', 'I4', 'IV4', 'V3'), ('II3', 'VI4', 'I4', 'IV4'), ('V4', 'VI3', 'V3', 'IV4'), ('II3', 'V4', 'VI3', 'IV4')] - [('V4', 'V2', 'VII4', 'IV4')] vs [('V4', 'VII4', 'IV4', 'V3')]
Iter= 14000, Average Loss= 0.900888, Average Accuracy= 80.60%
[('II6', 'VI5', 'IV4'), ('II6', 'IV4'), ('V4+', 'II6'), ('II6', 'I5'), ('II6', 'II5'), ('II6', 'IV5'), ('V5+', 'II6'), ('I6', 'IV4'), ('V4+', 'I6'), ('I6', 'I5'), ('I6', 'II5'), ('I6', 'IV5'), ('I6', 'VI5+'), ('II6', 'IV4'), ('V4+', 'II6', 'IV4'), ('II6', 'IV4', 'I5'), ('II6', 'IV4', 'II5'), ('II6', 'IV4', 'IV5'), ('V5', 'II6', 'IV4'), ('III4',)] - [('V4',)] vs [('V4',)]
Iter= 15000, Average Loss= 0.635943, Average Accuracy= 87.50%
[('V3', 'III4', 'III5'), ('V4', 'V3', 'IV5'), ('VI4', 'V3', 'IV5'), ('III5', 'V3', 'I5'), ('VI5', 'V3', 'I5'), ('III5', 'V3', 'I5'), ('IV3', 'II5', 'I5'), ('IV3', 'II5', 'VI3', 'I5'), ('IV3', 'II5', 'VI3', 'I4', 'I5'), ('I4', 'I5', 'VI3', 'IV3', 'II4', 'II5'), ('I4', 'III5', 'VI3', 'IV3', 'I5', 'II4'), ('I4', 'I5', 'VI3', 'IV3', 'II4', 'II5'), ('III3', 'VI3', 'II4', 'I4', 'II5'), ('III3', 'II4', 'I4', 'II5'), ('V3', 'II4', 'II5'), ('V3', 'II5'), ('VI3', 'VI4', 'I5'), ('VI4', 'I4', 'I5'), ('VII5', 'III4', 'II5'), ('V4', 'VII5', 'II5')] - [('VI4', 'I5')] vs [('VI4', 'I5')]
Iter= 16000, Average Loss= 0.353317, Average Accuracy= 93.50%
[('I2', 'I4'), ('III2',), ('III2', 'VII3'), ('III2', 'III3'), ('III2', 'V3'), ('III2', 'VII4'), ('III2', 'III4'), ('V4', 'V2', 'VI4+'), ('V4', 'II3+', 'VI4+'), ('V4', 'V3', 'VI4+'), ('VI3+', 'V4', 'VI4+'), ('V4', 'II4+', 'VI4+'), ('V4', 'IV4', 'VI4+'), ('V4', 'II4+', 'I5'), ('VI2',), ('VI2', 'V3'), ('VI2', 'I4'), ('VI2', 'III4'), ('VI2', 'V4'), ('VI2', 'I5')] - [('III3',)] vs [('III3',)]
Iter= 17000, Average Loss= 0.325849, Average Accuracy= 93.40%
[('I4', 'I5', 'VI3', 'VI4', 'IV3', 'IV4'), ('V2', 'I5'), ('VI3+', 'III3', 'V4', 'V2', 'I4', 'I5'), ('VI3+', 'III3', 'V4', 'V2', 'II4', 'II5'), ('VI3+', 'V2', 'I4', 'III5', 'VI4', 'VI5', 'III4'), ('VI3+', 'V4', 'V5', 'V2', 'I4', 'III5', 'III4'), ('V4', 'V5', 'V2', 'III5'), ('V2', 'III4', 'III5'), ('VI2',), ('III3', 'III4', 'VI2', 'VI3', 'VI4', 'II4', 'II5'), ('III3', 'III4', 'III5', 'VI2', 'VI3', 'VI4', 'II4'), ('III3', 'III4', 'VI2', 'VI3', 'VI4', 'II4', 'II5'), ('III3', 'I4', 'I5', 'VI3', 'VI4', 'III4'), ('III3', 'III4', 'I5', 'VI2', 'VI3', 'VI4', 'I4'), ('III3', 'VI3', 'VI4', 'I4', 'III4'), ('II2', 'II1'), ('III6', 'III4', 'III5', 'VI4', 'VI5', 'II2', 'II1', 'IV4'), ('VI4', 'VI5', 'IV4', 'II6', 'II4', 'II5'), ('II4', 'VI4', 'VI5', 'II2', 'II1', 'II6', 'IV4', 'II5'), ('I6', 'I4', 'I5', 'VI4', 'VI5', 'IV4')] - [('VI4', 'VI5', 'VII4', 'IV5', 'VII6', 'IV4', 'VII5')] vs [('VI4', 'VI5', 'VII4', 'IV5', 'VII6', 'IV4', 'VII5')]
Iter= 18000, Average Loss= 0.545751, Average Accuracy= 91.50%
[('I2', 'I3', 'V4', 'III4'), ('I2', 'III3', 'V4', 'III4'), ('I2', 'V4', 'V3', 'III4'), ('I2', 'V4', 'I4', 'III4'), ('III2', 'V4', 'III4'), ('III2', 'VII3', 'V4', 'III4'), ('III2', 'III3', 'V4', 'III4'), ('III2', 'V4', 'V3', 'III4'), ('III2', 'V4', 'VII4', 'III4'), ('III2', 'V4', 'III4'), ('V4', 'V2', 'VI4+'), ('V4', 'V2', 'II3+', 'VI4+'), ('V4', 'V2', 'V3', 'VI4+'), ('VI3+', 'V4', 'V2', 'VI4+'), ('V2', 'II4+', 'I5'), ('V4', 'V2', 'I5'), ('I2', 'V4', 'III4'), ('I2', 'V4', 'V2', 'III4'), ('I2', 'I3', 'V4', 'III4'), ('I2', 'III3', 'V4', 'III4')] - [('I2', 'V4', 'V3', 'III4')] vs [('I2', 'V4', 'V3', 'III4')]
Iter= 19000, Average Loss= 0.510583, Average Accuracy= 91.90%
[('V2', 'III4', 'I5'), ('I3', 'III4', 'I5'), ('III3', 'III4', 'I5'), ('V4', 'V3', 'II5'), ('V4', 'I4', 'II5'), ('I5', 'III4', 'III5'), ('V4', 'I5', 'III5'), ('I5', 'III4', 'III5'), ('I5', 'I4', 'III5'), ('I5', 'V3', 'III5'), ('III3', 'I5', 'III5'), ('V3', 'III4', 'I5'), ('III3', 'III4', 'I5'), ('I3', 'III4', 'I5'), ('V2', 'III4', 'I5'), ('I3', 'I5', 'III5'), ('I5', 'V2', 'III5'), ('II2', 'IV5+', 'II5'), ('VI2', 'IV5+', 'II5'), ('II3', 'I5', 'III5')] - [('I5', 'IV3+', 'III5')] vs [('I5', 'IV3+', 'III5')]
Iter= 20000, Average Loss= 0.367399, Average Accuracy= 92.80%
[('V5', 'V3', 'VII4'), ('V5', 'V3', 'II4+'), ('V4', 'V5', 'V3'), ('V5', 'V3', 'VII5'), ('V5', 'II5+', 'V3'), ('V5', 'V3'), ('I3', 'V5', 'III5'), ('I3', 'V5', 'V3', 'III5'), ('I3', 'V5', 'I4', 'III5'), ('I3', 'V5', 'III4', 'III5'), ('I3', 'V4', 'V5', 'III5'), ('I5', 'I3', 'V5', 'III5'), ('III3', 'V5', 'V3', 'III5'), ('III3', 'V5', 'VII4', 'III5'), ('III3', 'V5', 'III4', 'III5'), ('III3', 'V4', 'V5', 'III5'), ('III3', 'V5', 'VII5', 'III5'), ('III3', 'V5', 'III5'), ('VI3+', 'V5', 'V3', 'VI5+'), ('V5', 'V3', 'VI5+', 'II4+')] - [('V4', 'V5', 'V3', 'VI5+')] vs [('V4', 'V5', 'V3', 'VI5+')]
Iter= 21000, Average Loss= 0.342478, Average Accuracy= 94.50%
[('V5', 'II5+', 'VI5+'), ('V5', 'VI5+', 'IV5'), ('V5', 'II5+', 'VI5+'), ('V5+', 'I5', 'IV5'), ('V4+', 'V5+', 'IV5'), ('V5+', 'IV4', 'IV5'), ('V5+', 'II4+', 'IV5'), ('V5+', 'IV4', 'IV5'), ('V5', 'II5+', 'II4+'), ('V5', 'II5+', 'I4'), ('V3+', 'II5', 'IV5'), ('IV3', 'II5', 'IV5'), ('IV2', 'II5+', 'I5'), ('I3', 'II5+', 'I5'), ('II3+', 'VI4+', 'II5'), ('IV3', 'VI4+', 'II5'), ('V4+', 'V3+', 'I5'), ('V4+', 'I4', 'I5'), ('V4', 'II4+', 'VI4+'), ('V4', 'I4', 'VI4+')] - [('V4+', 'IV4', 'V3+')] vs [('V4+', 'IV4', 'V3+')]
Iter= 22000, Average Loss= 0.324968, Average Accuracy= 95.30%
[('IV4', 'VII4', 'IV5'), ('VI4', 'VII4', 'IV5'), ('VI5', 'VII4', 'VII5'), ('VI5', 'VII4', 'II5'), ('II6', 'IV4'), ('VI4', 'II6'), ('II6', 'I5'), ('II6', 'II5'), ('II6', 'IV5'), ('II6', 'VI5'), ('II6', 'IV4'), ('VI4', 'II6'), ('II6', 'I5'), ('II6', 'II5'), ('II6', 'IV5'), ('VII6', 'II6'), ('II6', 'IV4'), ('VI4', 'II6', 'IV4'), ('II6', 'IV4', 'I5'), ('II6', 'IV4', 'II5')] - [('II6', 'IV4', 'IV5')] vs [('II6', 'IV4', 'IV5')]
Iter= 23000, Average Loss= 0.235236, Average Accuracy= 96.20%
[('V5', 'V4', 'VII5', 'IV3', 'III5'), ('II5', 'VI3', 'IV5'), ('II5', 'VII4', 'IV5'), ('V5', 'II4', 'III5'), ('V5', 'IV4', 'III5'), ('II5', 'VI4', 'IV5'), ('V4+', 'III3', 'VII4', 'II4', 'III5'), ('V3', 'VII4', 'III5'), ('VI3', 'V3', 'III5'), ('V3', 'I4', 'III5'), ('V3', 'III4', 'III5'), ('V4', 'V3', 'IV5'), ('VI4', 'V3', 'IV5'), ('III5', 'V3', 'I5'), ('VI5', 'V3', 'I5'), ('III5', 'V3', 'I5'), ('IV3', 'II5', 'I5'), ('IV3', 'II5', 'VI3', 'I5'), ('IV3', 'II5', 'VI3', 'I4', 'I5'), ('I4', 'I5', 'VI3', 'IV3', 'II4', 'II5')] - [('I4', 'III5', 'VI3', 'IV3', 'I5', 'II4')] vs [('I4', 'III5', 'VI3', 'IV3', 'I5', 'II4')]
Iter= 24000, Average Loss= 0.238591, Average Accuracy= 96.70%
[('I2',), ('I2', 'V2'), ('I2', 'I3'), ('I2', 'III3'), ('I2', 'V3'), ('I2', 'I4'), ('III2',), ('III2', 'VII3'), ('III2', 'III3'), ('III2', 'V3'), ('III2', 'VII4'), ('III2', 'III4'), ('I2',), ('I2', 'V2'), ('I2', 'I3'), ('I2', 'III3'), ('I2', 'V3'), ('I2', 'I4'), ('III2',), ('III2', 'VII3')] - [('III2', 'III3')] vs [('III2', 'III3')]
Iter= 25000, Average Loss= 0.176370, Average Accuracy= 97.20%
[('III3', 'VI3', 'V3', 'I4'), ('III3', 'VI3', 'V3', 'II4'), ('III3', 'VI3', 'V3', 'I4'), ('IV3', 'V3', 'VII4', 'II3'), ('IV3', 'V2', 'V3', 'VII4'), ('I2', 'V2'), ('III3', 'V3'), ('III3', 'V4', 'V3', 'III4'), ('V4', 'V5', 'III4', 'III5'), ('V4', 'III5', 'III4', 'I5'), ('IV2', 'I3', 'III5', 'I5'), ('I3', 'I4', 'VI3', 'VI4', 'IV2', 'IV3', 'IV4', 'II5'), ('I3', 'I4', 'III5', 'VI3', 'VI4', 'IV2', 'IV3', 'IV4'), ('I3', 'I4', 'VI3', 'VI4', 'IV2', 'IV3', 'IV4', 'II5'), ('I4', 'VI3', 'VI4', 'IV3', 'IV4', 'II5'), ('III2', 'I3', 'II5'), ('III2', 'I3', 'V4', 'V3', 'I4', 'I5', 'III3'), ('III2', 'I3', 'V4', 'V3', 'III3', 'II4', 'II5'), ('III2', 'I3', 'V4', 'V5', 'III4', 'I5', 'I4'), ('V3', 'I5', 'I4', 'III4', 'III5')] - [('IV2', 'I3', 'III5')] vs [('IV2', 'I3', 'III5')]
Iter= 26000, Average Loss= 0.258557, Average Accuracy= 96.50%
[('II6',), ('VI4', 'VI5', 'IV4', 'VII6', 'VII4', 'VII5'), ('I6', 'I4', 'I5', 'VI4', 'VI5', 'IV4'), ('VI3', 'VI4', 'VI5', 'IV4', 'II4', 'IV5'), ('V2', 'V1', 'VI4', 'VI5', 'IV5'), ('IV3', 'IV5', 'V2', 'IV4', 'V1'), ('V4', 'V5', 'V2', 'V3', 'V1', 'VII4', 'II4', 'II5'), ('VII6', 'VII5', 'V2', 'V1'), ('V2', 'V1', 'II4', 'VII6', 'VII4', 'VII5'), ('VI3', 'VI4', 'VI5', 'IV4', 'II4', 'IV5'), ('IV3', 'IV4', 'IV5'), ('IV3', 'II4', 'IV4', 'IV5'), ('V1+', 'V2+'), ('VII4', 'II4', 'V2+', 'IV5', 'IV3', 'VII5', 'V1+', 'IV4', 'II5'), ('V4', 'V5', 'V3', 'II4', 'VII4', 'II5', 'V1+', 'V2+', 'VII5'), ('II4', 'IV5', 'IV4', 'IV3', 'VII5', 'VII4', 'II5'), ('VI1', 'VI2'), ('I4', 'I5', 'VI1', 'VI2', 'VI3', 'IV3', 'IV4', 'IV5'), ('V4', 'V5', 'V3', 'I4', 'I5', 'VI1', 'VI2', 'VI3'), ('I6', 'I4', 'I5', 'VI1', 'VI2', 'VI3')] - [('I4', 'VI3', 'VI4', 'VI5', 'IV4', 'IV5')] vs [('I4', 'VI3', 'VI4', 'VI5', 'IV4', 'IV5')]
Iter= 27000, Average Loss= 0.162633, Average Accuracy= 97.20%
[('I3', 'III4', 'I5'), ('V2', 'III4', 'I5'), ('I3', 'I5', 'III5'), ('I5', 'V2', 'III5'), ('II2', 'IV5+', 'II5'), ('VI2', 'IV5+', 'II5'), ('II3', 'I5', 'III5'), ('I5', 'IV3+', 'III5'), ('VI3', 'VI4', 'I5'), ('VI4', 'II4', 'I5'), ('IV4+', 'VI4', 'IV4', 'I5'), ('IV4+', 'VI4', 'II4', 'I5'), ('VI3', 'VI4', 'III4', 'I5'), ('VI4', 'IV3+', 'III4', 'I5'), ('II3', 'VI4', 'I4', 'I5'), ('VI2', 'VI4', 'I4', 'I5'), ('II2', 'I4'), ('VI2', 'I4'), ('II3', 'I4'), ('VI3', 'IV3+')] - [('II3', 'VI3')] vs [('II3', 'VI3')]
Iter= 28000, Average Loss= 0.108792, Average Accuracy= 98.10%
[('VI4', 'II4', 'II5'), ('VI5', 'I4+'), ('IV4', 'VI5', 'I4+'), ('VI4', 'VI5', 'I4+'), ('VI5', 'I4+', 'IV5'), ('VI5', 'I4+'), ('VI5', 'II4'), ('IV4', 'VI5', 'II4'), ('VI4', 'VI5', 'II4'), ('VI5', 'II4', 'IV5'), ('VI5', 'II4'), ('V5', 'V3', 'VII4'), ('V5', 'V3', 'II4+'), ('V4', 'V5', 'V3'), ('V5', 'V3', 'VII5'), ('V5', 'II5+', 'V3'), ('V5', 'V3'), ('I3', 'V5', 'III5'), ('I3', 'V5', 'V3', 'III5'), ('I3', 'V5', 'I4', 'III5')] - [('I3', 'V5', 'III4', 'III5')] vs [('I3', 'V5', 'III4', 'III5')]
Iter= 29000, Average Loss= 0.055256, Average Accuracy= 99.30%
[('V3+', 'II5', 'IV5'), ('IV3', 'II5', 'IV5'), ('IV2', 'II5+', 'I5'), ('I3', 'II5+', 'I5'), ('II3+', 'VI4+', 'II5'), ('IV3', 'VI4+', 'II5'), ('V4+', 'V3+', 'I5'), ('V4+', 'I4', 'I5'), ('V4', 'II4+', 'VI4+'), ('V4', 'I4', 'VI4+'), ('V4+', 'IV4', 'V3+'), ('V4+', 'IV3', 'IV4'), ('II3+', 'V4', 'II4+'), ('I3', 'V4', 'II4+'), ('IV2', 'V4', 'II4+', 'V3+'), ('I3', 'V4', 'II4+', 'V3+'), ('IV2', 'II4', 'IV4', 'V3+'), ('I3', 'II4', 'IV4', 'V3+'), ('IV2', 'II4+', 'I4', 'V3+'), ('I3', 'II4+', 'I4', 'V3+')] - [('IV3', 'V2', 'I4', 'II4')] vs [('IV3', 'V2', 'I4', 'II4')]
Iter= 30000, Average Loss= 0.107509, Average Accuracy= 98.60%
[('II3', 'V4', 'II4', 'IV4'), ('IV3', 'I4', 'II5'), ('IV3', 'II4', 'I4'), ('IV3', 'IV4', 'I4'), ('IV3', 'VI4', 'I4'), ('IV4', 'I4', 'V3'), ('II4', 'V3', 'I4'), ('VI3', 'I4'), ('VI3', 'II4', 'I4'), ('VI3', 'IV4', 'I4'), ('VI3', 'VI4', 'I4'), ('IV4', 'I4'), ('II4', 'I4'), ('VII4', 'IV5'), ('II4', 'VII4', 'IV5'), ('IV4', 'VII4', 'IV5'), ('VI4', 'VII4', 'IV5'), ('VI5', 'VII4', 'VII5'), ('VI5', 'VII4', 'II5'), ('IV3', 'I4', 'II5')] - [('IV3', 'II4', 'I4')] vs [('IV3', 'II4', 'I4')]
Iter= 31000, Average Loss= 0.246625, Average Accuracy= 97.70%
[('VI3', 'V3', 'III5'), ('V3', 'I4', 'III5'), ('V3', 'III4', 'III5'), ('V4', 'V3', 'IV5'), ('VI4', 'V3', 'IV5'), ('III5', 'V3', 'I5'), ('VI5', 'V3', 'I5'), ('III5', 'V3', 'I5'), ('IV3', 'II5', 'I5'), ('IV3', 'II5', 'VI3', 'I5'), ('IV3', 'II5', 'VI3', 'I4', 'I5'), ('I4', 'I5', 'VI3', 'IV3', 'II4', 'II5'), ('I4', 'III5', 'VI3', 'IV3', 'I5', 'II4'), ('I4', 'I5', 'VI3', 'IV3', 'II4', 'II5'), ('III3', 'VI3', 'II4', 'I4', 'II5'), ('III3', 'II4', 'I4', 'II5'), ('V3', 'II4', 'II5'), ('V3', 'II5'), ('VI3', 'VI4', 'I5'), ('VI4', 'I4', 'I5')] - [('VII5', 'III4', 'II5')] vs [('VII5', 'III4', 'II5')]
Iter= 32000, Average Loss= 0.167310, Average Accuracy= 98.00%
[('III3', 'III5'), ('I3',), ('I3', 'V3'), ('I3', 'I4'), ('I3', 'III4'), ('I3', 'V4'), ('I3', 'I5'), ('III3',), ('III3', 'VII4'), ('III3', 'III4'), ('III3', 'V4'), ('III3', 'VII5'), ('III3', 'III5'), ('V5', 'V3', 'VI5+'), ('VI3+', 'V5', 'VI5+'), ('V5', 'II4+', 'VI5+'), ('V4', 'V5', 'VI5+'), ('V5', 'VI5+', 'VI4+'), ('V5', 'II5+', 'VI5+'), ('I6', 'V5', 'II5+')] - [('V5', 'V3', 'VI5+')] vs [('V5', 'V3', 'VI5+')]
Iter= 33000, Average Loss= 0.177162, Average Accuracy= 97.30%
[('III3', 'VI3', 'V3', 'II4'), ('III3', 'VI3', 'V3', 'I4'), ('III3', 'VI3', 'V3', 'II4'), ('III3', 'VI3', 'V3', 'I4'), ('IV3', 'V3', 'VII4', 'II3'), ('IV3', 'V2', 'V3', 'VII4'), ('I2', 'V2'), ('III3', 'V3'), ('III3', 'V4', 'V3', 'III4'), ('V4', 'V5', 'III4', 'III5'), ('V4', 'III5', 'III4', 'I5'), ('IV2', 'I3', 'III5', 'I5'), ('I3', 'I4', 'VI3', 'VI4', 'IV2', 'IV3', 'IV4', 'II5'), ('I3', 'I4', 'III5', 'VI3', 'VI4', 'IV2', 'IV3', 'IV4'), ('I3', 'I4', 'VI3', 'VI4', 'IV2', 'IV3', 'IV4', 'II5'), ('I4', 'VI3', 'VI4', 'IV3', 'IV4', 'II5'), ('III2', 'I3', 'II5'), ('III2', 'I3', 'V4', 'V3', 'I4', 'I5', 'III3'), ('III2', 'I3', 'V4', 'V3', 'III3', 'II4', 'II5'), ('III2', 'I3', 'V4', 'V5', 'III4', 'I5', 'I4')] - [('V3', 'I5', 'I4', 'III4', 'III5')] vs [('V3', 'I5', 'I4', 'III4', 'III5')]
Iter= 34000, Average Loss= 0.173911, Average Accuracy= 97.60%
[('VI3', 'VI4', 'VI5', 'IV4', 'IV5'), ('II2', 'II3'), ('I4', 'VI3', 'VI4', 'VI5', 'II2', 'II3', 'IV4', 'IV5'), ('V4', 'V5', 'VII4', 'II2', 'II3', 'VII6', 'II4', 'VII5'), ('I4', 'VI3', 'VI4', 'VI5', 'IV4', 'IV5'), ('I6', 'I4', 'I5', 'VI4', 'VI5', 'IV4'), ('VI4', 'VI5', 'IV4', 'II6', 'II4', 'II5'), ('V5', 'III4'), ('V4', 'V5', 'I6', 'III4'), ('V6', 'V4', 'V5', 'I6', 'III4', 'I5'), ('V6', 'V4', 'V5', 'I6', 'III4', 'I5', 'III5'), ('V6', 'V4', 'V5', 'I6', 'III5', 'I5', 'II4+'), ('V6', 'V4', 'V5', 'I6', 'III5', 'VI4', 'II4+'), ('V6', 'V4', 'V5', 'I6', 'I5', 'VI4', 'II4+'), ('V6', 'V4', 'V5', 'I6', 'I5', 'VI4', 'II5+', 'II4+'), ('V6', 'V4', 'I6', 'I5', 'VI4', 'II5+', 'II4'), ('V6', 'V4', 'I5', 'VI4', 'IV4', 'II5+', 'II4'), ('V4', 'V5', 'I5', 'II4', 'II5+', 'IV4'), ('V4', 'V5', 'I5', 'II4', 'IV4', 'II5'), ('V4', 'V5', 'V3', 'I5', 'IV4', 'II5')] - [('V4', 'V5', 'V3', 'I5', 'II4', 'II5')] vs [('V4', 'V5', 'V3', 'I5', 'II4', 'II5')]
Iter= 35000, Average Loss= 0.159639, Average Accuracy= 97.80%
[('II2', 'IV5'), ('II2', 'VI2', 'IV5'), ('II2', 'II3', 'IV5'), ('II2', 'IV3', 'IV5'), ('II2', 'VI3', 'IV5'), ('II2', 'II4', 'IV5'), ('IV4', 'IV5'), ('IV4', 'IV5'), ('VI4', 'IV4', 'IV5'), ('III4', 'III5'), ('IV4', 'III4', 'III5'), ('VI4', 'III4', 'III5'), ('I4+', 'I5+'), ('IV4', 'I4+', 'I5+'), ('VI4', 'I4+', 'I5+'), ('II4', 'II5'), ('IV4', 'II4', 'II5'), ('VI4', 'II4', 'II5'), ('VI5', 'I4+'), ('IV4', 'VI5', 'I4+')] - [('VI4', 'VI5', 'I4+')] vs [('VI4', 'VI5', 'I4+')]
Iter= 36000, Average Loss= 0.037367, Average Accuracy= 99.10%
[('II5+', 'I6', 'V3'), ('V5+', 'I6', 'V3'), ('IV3', 'I6', 'II6+'), ('I6', 'I4', 'II6+'), ('II6', 'II4+', 'VI5+'), ('II6', 'IV4', 'VI5+'), ('V4+', 'V5+', 'I6'), ('V5+', 'I6', 'I5'), ('V5', 'II5+', 'VI5+'), ('V5', 'VI5+', 'IV5'), ('V5', 'II5+', 'VI5+'), ('V5+', 'I5', 'IV5'), ('V4+', 'V5+', 'IV5'), ('V5+', 'IV4', 'IV5'), ('V5+', 'II4+', 'IV5'), ('V5+', 'IV4', 'IV5'), ('V5', 'II5+', 'II4+'), ('V5', 'II5+', 'I4'), ('V3+', 'II5', 'IV5'), ('IV3', 'II5', 'IV5')] - [('IV2', 'II5+', 'I5')] vs [('IV2', 'II5+', 'I5')]
Iter= 37000, Average Loss= 0.135707, Average Accuracy= 98.50%
[('VI4', 'II6', 'IV4'), ('II6', 'IV4', 'I5'), ('II6', 'IV4', 'II5'), ('II6', 'IV4', 'IV5'), ('II6', 'VI5', 'IV4'), ('II6', 'IV4'), ('V4+', 'II6'), ('II6', 'I5'), ('II6', 'II5'), ('II6', 'IV5'), ('V5+', 'II6'), ('I6', 'IV4'), ('V4+', 'I6'), ('I6', 'I5'), ('I6', 'II5'), ('I6', 'IV5'), ('I6', 'VI5+'), ('II6', 'IV4'), ('V4+', 'II6', 'IV4'), ('II6', 'IV4', 'I5')] - [('II6', 'IV4', 'II5')] vs [('II6', 'IV4', 'II5')]
Iter= 38000, Average Loss= 0.172181, Average Accuracy= 98.00%
[('V3', 'III4', 'III5'), ('V4', 'V3', 'IV5'), ('VI4', 'V3', 'IV5'), ('III5', 'V3', 'I5'), ('VI5', 'V3', 'I5'), ('III5', 'V3', 'I5'), ('IV3', 'II5', 'I5'), ('IV3', 'II5', 'VI3', 'I5'), ('IV3', 'II5', 'VI3', 'I4', 'I5'), ('I4', 'I5', 'VI3', 'IV3', 'II4', 'II5'), ('I4', 'III5', 'VI3', 'IV3', 'I5', 'II4'), ('I4', 'I5', 'VI3', 'IV3', 'II4', 'II5'), ('III3', 'VI3', 'II4', 'I4', 'II5'), ('III3', 'II4', 'I4', 'II5'), ('V3', 'II4', 'II5'), ('V3', 'II5'), ('VI3', 'VI4', 'I5'), ('VI4', 'I4', 'I5'), ('VII5', 'III4', 'II5'), ('V4', 'VII5', 'II5')] - [('VI4', 'I5')] vs [('VI4', 'I5')]
Iter= 39000, Average Loss= 0.133338, Average Accuracy= 98.70%
[('V5', 'V4', 'VII5', 'III5'), ('V4', 'VI4', 'V3', 'VII4'), ('I2',), ('I2', 'V2'), ('I2', 'I3'), ('I2', 'III3'), ('I2', 'V3'), ('I2', 'I4'), ('III2',), ('III2', 'VII3'), ('III2', 'III3'), ('III2', 'V3'), ('III2', 'VII4'), ('III2', 'III4'), ('I2',), ('I2', 'V2'), ('I2', 'I3'), ('I2', 'III3'), ('I2', 'V3'), ('I2', 'I4')] - [('III2',)] vs [('III2',)]
Iter= 40000, Average Loss= 0.075957, Average Accuracy= 98.70%
[('III3', 'VII4'), ('III3', 'III4'), ('III3', 'V4'), ('III3', 'VII5'), ('III3', 'III5'), ('V5', 'V3', 'VI5+'), ('VI3+', 'V5', 'VI5+'), ('V5', 'II4+', 'VI5+'), ('V4', 'V5', 'VI5+'), ('V5', 'VI5+', 'VI4+'), ('V5', 'II5+', 'VI5+'), ('I6', 'V5', 'II5+'), ('V5', 'V3', 'VI5+'), ('VI3+', 'V5', 'VI5+'), ('V5', 'II4+', 'VI5+'), ('V4', 'V5', 'VI5+'), ('V5', 'VI5+', 'VI4+'), ('V5', 'II5+', 'VI5+'), ('I6', 'V5', 'II5+'), ('V2', 'II6+')] - [('V6', 'I2', 'III6')] vs [('V6', 'I2', 'III6')]
Iter= 41000, Average Loss= 0.121064, Average Accuracy= 98.80%
[('VI3', 'VI4', 'VI5', 'IV4', 'II4', 'IV5'), ('V2', 'V1', 'VI4', 'VI5', 'IV5'), ('IV3', 'IV5', 'V2', 'IV4', 'V1'), ('V4', 'V5', 'V2', 'V3', 'V1', 'VII4', 'II4', 'II5'), ('VII6', 'VII5', 'V2', 'V1'), ('V2', 'V1', 'II4', 'VII6', 'VII4', 'VII5'), ('VI3', 'VI4', 'VI5', 'IV4', 'II4', 'IV5'), ('IV3', 'IV4', 'IV5'), ('IV3', 'II4', 'IV4', 'IV5'), ('V1+', 'V2+'), ('VII4', 'II4', 'V2+', 'IV5', 'IV3', 'VII5', 'V1+', 'IV4', 'II5'), ('V4', 'V5', 'V3', 'II4', 'VII4', 'II5', 'V1+', 'V2+', 'VII5'), ('II4', 'IV5', 'IV4', 'IV3', 'VII5', 'VII4', 'II5'), ('VI1', 'VI2'), ('I4', 'I5', 'VI1', 'VI2', 'VI3', 'IV3', 'IV4', 'IV5'), ('V4', 'V5', 'V3', 'I4', 'I5', 'VI1', 'VI2', 'VI3'), ('I6', 'I4', 'I5', 'VI1', 'VI2', 'VI3'), ('I4', 'VI3', 'VI4', 'VI5', 'IV4', 'IV5'), ('IV3', 'I4', 'IV4', 'IV5'), ('V2', 'V1')] - [('V2', 'V1', 'VI3', 'VI4', 'II4', 'IV3', 'IV5', 'IV4', 'II5')] vs [('V2', 'V1', 'VI3', 'VI4', 'II4', 'IV3', 'IV5', 'IV4', 'II5')]
Iter= 42000, Average Loss= 0.004514, Average Accuracy= 99.90%
[('III3', 'III4', 'I5'), ('I3', 'III4', 'I5'), ('V2', 'III4', 'I5'), ('I3', 'I5', 'III5'), ('I5', 'V2', 'III5'), ('II2', 'IV5+', 'II5'), ('VI2', 'IV5+', 'II5'), ('II3', 'I5', 'III5'), ('I5', 'IV3+', 'III5'), ('VI3', 'VI4', 'I5'), ('VI4', 'II4', 'I5'), ('IV4+', 'VI4', 'IV4', 'I5'), ('IV4+', 'VI4', 'II4', 'I5'), ('VI3', 'VI4', 'III4', 'I5'), ('VI4', 'IV3+', 'III4', 'I5'), ('II3', 'VI4', 'I4', 'I5'), ('VI2', 'VI4', 'I4', 'I5'), ('II2', 'I4'), ('VI2', 'I4'), ('II3', 'I4')] - [('VI3', 'IV3+')] vs [('VI3', 'IV3+')]
Iter= 43000, Average Loss= 0.024155, Average Accuracy= 99.70%
[('II4', 'II5'), ('IV4', 'II4', 'II5'), ('VI4', 'II4', 'II5'), ('VI5', 'I4+'), ('IV4', 'VI5', 'I4+'), ('VI4', 'VI5', 'I4+'), ('VI5', 'I4+', 'IV5'), ('VI5', 'I4+'), ('VI5', 'II4'), ('IV4', 'VI5', 'II4'), ('VI4', 'VI5', 'II4'), ('VI5', 'II4', 'IV5'), ('VI5', 'II4'), ('V5', 'V3', 'VII4'), ('V5', 'V3', 'II4+'), ('V4', 'V5', 'V3'), ('V5', 'V3', 'VII5'), ('V5', 'II5+', 'V3'), ('V5', 'V3'), ('I3', 'V5', 'III5')] - [('I3', 'V5', 'V3', 'III5')] vs [('I3', 'V5', 'V3', 'III5')]
Iter= 44000, Average Loss= 0.155985, Average Accuracy= 98.30%
[('I3', 'II4+', 'I4', 'V3+'), ('IV3', 'V2', 'I4', 'II4'), ('IV3', 'I4', 'II4', 'II3'), ('IV3', 'V2', 'I4', 'II4'), ('IV3', 'I4', 'II4', 'II3'), ('V2', 'I4', 'II4', 'V3'), ('II3', 'I4', 'II4', 'V3'), ('VI3', 'V2', 'I4', 'II4'), ('II3', 'VI3', 'I4', 'II4'), ('VI3', 'V2', 'I4', 'II4'), ('II3', 'VI3', 'I4', 'II4'), ('V2', 'I4', 'II4'), ('II3', 'I4', 'II4'), ('II4', 'V2', 'IV4', 'VII4'), ('II3', 'II4', 'IV4', 'VII4'), ('II4', 'V2', 'IV4', 'VII4'), ('II3', 'II4', 'IV4', 'VII4'), ('V2', 'II4', 'VI4', 'IV4', 'VII4'), ('II3', 'II4', 'VI4', 'IV4', 'VII4'), ('IV3', 'V2', 'I4', 'II4')] - [('IV3', 'I4', 'II4', 'II3')] vs [('IV3', 'I4', 'II4', 'II3')]
Iter= 45000, Average Loss= 0.012968, Average Accuracy= 99.60%
[('III6', 'III4'), ('V4+', 'III6'), ('VII5', 'II5'), ('VII5', 'II5'), ('I5', 'III5'), ('V5+', 'I5', 'III5'), ('VII5', 'II5'), ('VII5', 'III4', 'II5'), ('VII5', 'III4', 'II5'), ('V4', 'VII5', 'II5'), ('VI4', 'I5'), ('VI4', 'I5'), ('III5', 'VII5', 'II5'), ('V5', 'VII5', 'II5'), ('VI4', 'I5'), ('I5', 'III5'), ('I5', 'III4', 'III5'), ('VI4', 'III4', 'I5'), ('VI4', 'II4', 'I5'), ('VI4', 'IV4', 'I5')] - [('V4', 'V5', 'VII6')] vs [('V4', 'V5', 'VII6')]
Iter= 46000, Average Loss= 0.160298, Average Accuracy= 98.90%
[('III5', 'V3', 'I5'), ('VI5', 'V3', 'I5'), ('III5', 'V3', 'I5'), ('IV3', 'II5', 'I5'), ('IV3', 'II5', 'VI3', 'I5'), ('IV3', 'II5', 'VI3', 'I4', 'I5'), ('I4', 'I5', 'VI3', 'IV3', 'II4', 'II5'), ('I4', 'III5', 'VI3', 'IV3', 'I5', 'II4'), ('I4', 'I5', 'VI3', 'IV3', 'II4', 'II5'), ('III3', 'VI3', 'II4', 'I4', 'II5'), ('III3', 'II4', 'I4', 'II5'), ('V3', 'II4', 'II5'), ('V3', 'II5'), ('VI3', 'VI4', 'I5'), ('VI4', 'I4', 'I5'), ('VII5', 'III4', 'II5'), ('V4', 'VII5', 'II5'), ('VI4', 'I5'), ('II3', 'V4', 'IV3', 'VII4', 'VII5'), ('IV3', 'V4', 'V2', 'VII4', 'VII5')] - [('I2', 'V2')] vs [('I2', 'V2')]
Iter= 47000, Average Loss= 0.148299, Average Accuracy= 98.40%
[('VI3+', 'V4', 'VI4+'), ('V4', 'II4+', 'VI4+'), ('V4', 'IV4', 'VI4+'), ('V4', 'II4+', 'I5'), ('VI2',), ('VI2', 'V3'), ('VI2', 'I4'), ('VI2', 'III4'), ('VI2', 'V4'), ('VI2', 'I5'), ('III3',), ('III3', 'VII4'), ('III3', 'III4'), ('III3', 'V4'), ('III3', 'VII5'), ('III3', 'III5'), ('I3',), ('I3', 'V3'), ('I3', 'I4'), ('I3', 'III4')] - [('I3', 'V4')] vs [('I3', 'V4')]
Iter= 48000, Average Loss= 0.092210, Average Accuracy= 98.70%
[('I6', 'I4', 'I5', 'VI4', 'VI5', 'IV4'), ('VI4', 'VI5', 'VII4', 'IV5', 'VII6', 'IV4', 'VII5'), ('I6', 'I4', 'I5', 'VI4', 'VI5', 'IV4'), ('I4', 'VI3', 'VI4', 'VI5', 'IV4', 'IV5'), ('II2', 'VI2', 'II1'), ('III6', 'III4', 'III5', 'VI2', 'VI4', 'VI5', 'II2', 'II1', 'IV4'), ('II5', 'VI2', 'VI4', 'VI5', 'II2', 'II1', 'IV6', 'IV4', 'IV5'), ('III6', 'III4', 'III5', 'VI2', 'VI4', 'VI5', 'II2', 'II1', 'IV4'), ('VI4', 'VI5', 'IV4', 'II6', 'II4', 'II5'), ('III6', 'III4', 'III5', 'VI4', 'VI5', 'IV4'), ('VI4', 'VI5', 'IV4', 'II6', 'II4', 'II5'), ('I6', 'I4', 'I5', 'VI4', 'VI5', 'IV4'), ('VI4', 'VI5', 'IV4', 'II6', 'II4', 'II5'), ('I6', 'I4', 'I5', 'VI4', 'VI5', 'IV4'), ('VI4', 'VI5', 'IV4', 'VII6', 'VII4', 'VII5'), ('II6',), ('VI4', 'VI5', 'IV4', 'VII6', 'VII4', 'VII5'), ('I6', 'I4', 'I5', 'VI4', 'VI5', 'IV4'), ('VI3', 'VI4', 'VI5', 'IV4', 'II4', 'IV5'), ('V2', 'V1', 'VI4', 'VI5', 'IV5')] - [('IV3', 'IV5', 'V2', 'IV4', 'V1')] vs [('IV3', 'IV5', 'V2', 'IV4', 'V1')]
Iter= 49000, Average Loss= 0.080032, Average Accuracy= 98.70%
[('I2', 'III4', 'I5'), ('V2', 'III4', 'I5'), ('I3', 'III4', 'I5'), ('III3', 'III4', 'I5'), ('V4', 'V3', 'II5'), ('V4', 'I4', 'II5'), ('I5', 'III4', 'III5'), ('V4', 'I5', 'III5'), ('I5', 'III4', 'III5'), ('I5', 'I4', 'III5'), ('I5', 'V3', 'III5'), ('III3', 'I5', 'III5'), ('V3', 'III4', 'I5'), ('III3', 'III4', 'I5'), ('I3', 'III4', 'I5'), ('V2', 'III4', 'I5'), ('I3', 'I5', 'III5'), ('I5', 'V2', 'III5'), ('II2', 'IV5+', 'II5'), ('VI2', 'IV5+', 'II5')] - [('II3', 'I5', 'III5')] vs [('II3', 'I5', 'III5')]
Iter= 50000, Average Loss= 0.104427, Average Accuracy= 98.80%
[('VI3+', 'V5', 'VI4+'), ('VI3+', 'V5', 'II5+', 'VI4+'), ('II4+', 'I4', 'II6+'), ('V4', 'I4', 'II6+'), ('VI4+', 'I4', 'II6+'), ('I5', 'II5+', 'I4', 'II6+'), ('I6', 'I4', 'I5'), ('V5', 'I6', 'I4', 'I5'), ('V6', 'V4', 'II4+'), ('V6', 'II4+', 'VI4+'), ('V6', 'II4+', 'I5'), ('V6', 'V5', 'II5+', 'II4+'), ('II5+', 'II4+', 'II6+'), ('II5+', 'II4+', 'VI5+', 'II6+'), ('V6', 'V4'), ('V6', 'V4+', 'V4'), ('V6', 'V4', 'I5'), ('V6', 'V4', 'V5'), ('V6', 'V4', 'I6'), ('V6', 'V5+', 'V4')] - [('IV6', 'IV4')] vs [('IV6', 'IV4')]
Iter= 51000, Average Loss= 0.046477, Average Accuracy= 99.50%
[('IV6', 'II4', 'I5'), ('IV6', 'II4', 'IV5'), ('I6', 'IV6', 'II4'), ('V5+', 'IV6', 'II4'), ('V6+', 'II4+', 'I4'), ('V4+', 'V6+', 'I4'), ('V6+', 'I4', 'I5'), ('V6+', 'II5+', 'I4'), ('I7', 'I4'), ('I6', 'I7', 'I4'), ('VI3+', 'IV5'), ('VI3+', 'II4', 'IV5'), ('VI3+', 'IV4', 'IV5'), ('VI3+', 'I5', 'IV5'), ('VI3+', 'V4+', 'IV5'), ('V3+', 'IV5'), ('V3+', 'I4', 'IV5'), ('V3+', 'II4+', 'IV5'), ('V3+', 'IV4', 'IV5'), ('I5', 'V3+', 'IV5')] - [('V4+', 'V3+', 'IV5')] vs [('V4+', 'V3+', 'IV5')]
Iter= 52000, Average Loss= 0.074562, Average Accuracy= 99.30%
[('V4', 'VI3', 'V3', 'IV4'), ('II3', 'V4', 'VI3', 'IV4'), ('V4', 'V2', 'VII4', 'IV4'), ('II3', 'V4', 'VII4', 'IV4'), ('V4', 'V2', 'II4', 'IV4'), ('II2', 'V4', 'II4', 'IV4'), ('V2', 'VI4', 'I4', 'IV4'), ('II2', 'VI4', 'I4', 'IV4'), ('V4', 'VII5', 'V2', 'III5'), ('II3', 'V4', 'VII5', 'III5'), ('V2', 'VI4', 'IV4', 'II5'), ('II3', 'VI4', 'IV4', 'II5'), ('VI4', 'IV4', 'I4', 'V3'), ('II3', 'VI4', 'IV4', 'I4'), ('VI3', 'VI4', 'V3', 'IV4'), ('VI3', 'VI4', 'II4', 'IV4'), ('VI4', 'I4', 'IV4', 'V3'), ('II3', 'VI4', 'I4', 'IV4'), ('V4', 'VI3', 'V3', 'IV4'), ('II3', 'V4', 'VI3', 'IV4')] - [('V4', 'VII4', 'IV4', 'V3')] vs [('V4', 'VII4', 'IV4', 'V3')]
Iter= 53000, Average Loss= 0.013121, Average Accuracy= 99.90%
[('VII5', 'III4', 'II5'), ('V4', 'VII5', 'II5'), ('VI4', 'I5'), ('VI4', 'I5'), ('III5', 'VII5', 'II5'), ('V5', 'VII5', 'II5'), ('VI4', 'I5'), ('I5', 'III5'), ('I5', 'III4', 'III5'), ('VI4', 'III4', 'I5'), ('VI4', 'II4', 'I5'), ('VI4', 'IV4', 'I5'), ('V4', 'V5', 'VII6'), ('V5', 'VII6', 'VII5'), ('I6', 'VI5', 'II5'), ('I6', 'VI5', 'IV5'), ('V5', 'VII6'), ('V5', 'VII6', 'II4'), ('I4',), ('II4',)] - [('VI5', 'IV4', 'IV5')] vs [('VI5', 'IV4', 'IV5')]
Iter= 54000, Average Loss= 0.032139, Average Accuracy= 99.50%
[('V4', 'V3', 'VI4+'), ('VI3+', 'V4', 'VI4+'), ('V4', 'II4+', 'VI4+'), ('V4', 'IV4', 'VI4+'), ('V4', 'II4+', 'I5'), ('VI2',), ('VI2', 'V3'), ('VI2', 'I4'), ('VI2', 'III4'), ('VI2', 'V4'), ('VI2', 'I5'), ('III3',), ('III3', 'VII4'), ('III3', 'III4'), ('III3', 'V4'), ('III3', 'VII5'), ('III3', 'III5'), ('I3',), ('I3', 'V3'), ('I3', 'I4')] - [('I3', 'III4')] vs [('I3', 'III4')]
Iter= 55000, Average Loss= 0.021991, Average Accuracy= 99.80%
[('I3', 'I4', 'VI3', 'VI4', 'IV2', 'IV3', 'IV4', 'II5'), ('I3', 'I4', 'III5', 'VI3', 'VI4', 'IV2', 'IV3', 'IV4'), ('I3', 'I4', 'VI3', 'VI4', 'IV2', 'IV3', 'IV4', 'II5'), ('I4', 'I5', 'VI3', 'VI4', 'IV3', 'IV4'), ('V2', 'I5'), ('VI3+', 'III3', 'V4', 'V2', 'I4', 'I5'), ('VI3+', 'III3', 'V4', 'V2', 'II4', 'II5'), ('VI3+', 'V2', 'I4', 'III5', 'VI4', 'VI5', 'III4'), ('VI3+', 'V4', 'V5', 'V2', 'I4', 'III5', 'III4'), ('V4', 'V5', 'V2', 'III5'), ('V2', 'III4', 'III5'), ('VI2',), ('III3', 'III4', 'VI2', 'VI3', 'VI4', 'II4', 'II5'), ('III3', 'III4', 'III5', 'VI2', 'VI3', 'VI4', 'II4'), ('III3', 'III4', 'VI2', 'VI3', 'VI4', 'II4', 'II5'), ('III3', 'I4', 'I5', 'VI3', 'VI4', 'III4'), ('III3', 'III4', 'I5', 'VI2', 'VI3', 'VI4', 'I4'), ('III3', 'VI3', 'VI4', 'I4', 'III4'), ('II2', 'II1'), ('III6', 'III4', 'III5', 'VI4', 'VI5', 'II2', 'II1', 'IV4')] - [('VI4', 'VI5', 'IV4', 'II6', 'II4', 'II5')] vs [('VI4', 'VI5', 'IV4', 'II6', 'II4', 'II5')]
Iter= 56000, Average Loss= 0.135059, Average Accuracy= 98.70%
[('V4', 'V2', 'VI4+'), ('V4', 'V2', 'II3+', 'VI4+'), ('V4', 'V2', 'V3', 'VI4+'), ('VI3+', 'V4', 'V2', 'VI4+'), ('V4', 'V2'), ('V4', 'V2', 'II4+'), ('I2', 'III4', 'I5'), ('V2', 'III4', 'I5'), ('I3', 'III4', 'I5'), ('III3', 'III4', 'I5'), ('V4', 'V3', 'II5'), ('V4', 'I4', 'II5'), ('I5', 'III4', 'III5'), ('V4', 'I5', 'III5'), ('I5', 'III4', 'III5'), ('I5', 'I4', 'III5'), ('I5', 'V3', 'III5'), ('III3', 'I5', 'III5'), ('V3', 'III4', 'I5'), ('III3', 'III4', 'I5')] - [('I3', 'III4', 'I5')] vs [('I3', 'III4', 'I5')]
Iter= 57000, Average Loss= 0.060897, Average Accuracy= 99.30%
[('IV2', 'VI4', 'I4'), ('IV2', 'VI4', 'IV4'), ('III2', 'VII5'), ('III2', 'VII3', 'VII5'), ('III2', 'III3', 'VII5'), ('III2', 'V3', 'VII5'), ('III2', 'V4', 'VII4', 'III5'), ('III2', 'III4', 'VII4', 'III5'), ('II2', 'IV5'), ('II2', 'VI2', 'IV5'), ('II2', 'II3', 'IV5'), ('II2', 'IV3', 'IV5'), ('II2', 'VI3', 'IV5'), ('II2', 'II4', 'IV5'), ('IV4', 'IV5'), ('IV4', 'IV5'), ('VI4', 'IV4', 'IV5'), ('III4', 'III5'), ('IV4', 'III4', 'III5'), ('VI4', 'III4', 'III5')] - [('I4+', 'I5+')] vs [('I5', 'II5+', 'I4', 'II6+')]
Iter= 58000, Average Loss= 0.071430, Average Accuracy= 99.10%
[('V5', 'V3'), ('V5', 'II5+', 'V3'), ('VI3+', 'I6', 'I4'), ('VI3+', 'I6', 'II4+'), ('VI3+', 'V4', 'I6'), ('VI3+', 'VI4+', 'I6', 'I5'), ('VI3+', 'V5', 'VI4+'), ('VI3+', 'V5', 'II5+', 'VI4+'), ('II4+', 'I4', 'II6+'), ('V4', 'I4', 'II6+'), ('VI4+', 'I4', 'II6+'), ('I5', 'II5+', 'I4', 'II6+'), ('I6', 'I4', 'I5'), ('V5', 'I6', 'I4', 'I5'), ('V6', 'V4', 'II4+'), ('V6', 'II4+', 'VI4+'), ('V6', 'II4+', 'I5'), ('V6', 'V5', 'II5+', 'II4+'), ('II5+', 'II4+', 'II6+'), ('II5+', 'II4+', 'VI5+', 'II6+')] - [('V6', 'V4')] vs [('V6', 'V4')]
Iter= 59000, Average Loss= 0.079595, Average Accuracy= 99.00%
[('V3+', 'II4+', 'IV5'), ('V3+', 'IV4', 'IV5'), ('I5', 'V3+', 'IV5'), ('V4+', 'V3+', 'IV5'), ('V5+', 'V3'), ('V5+', 'V3', 'I4'), ('V5+', 'V3', 'II4+'), ('V4+', 'V5+', 'V3'), ('II5+', 'I6', 'V3'), ('V5+', 'I6', 'V3'), ('IV3', 'I6', 'II6+'), ('I6', 'I4', 'II6+'), ('II6', 'II4+', 'VI5+'), ('II6', 'IV4', 'VI5+'), ('V4+', 'V5+', 'I6'), ('V5+', 'I6', 'I5'), ('V5', 'II5+', 'VI5+'), ('V5', 'VI5+', 'IV5'), ('V5', 'II5+', 'VI5+'), ('V5+', 'I5', 'IV5')] - [('V4+', 'V5+', 'IV5')] vs [('V4+', 'V5+', 'IV5')]
Iter= 60000, Average Loss= 0.068781, Average Accuracy= 98.80%
[('II6', 'I5'), ('II6', 'II5'), ('II6', 'IV5'), ('II6', 'VI5'), ('II6', 'IV4'), ('VI4', 'II6'), ('II6', 'I5'), ('II6', 'II5'), ('II6', 'IV5'), ('VII6', 'II6'), ('II6', 'IV4'), ('VI4', 'II6', 'IV4'), ('II6', 'IV4', 'I5'), ('II6', 'IV4', 'II5'), ('II6', 'IV4', 'IV5'), ('II6', 'VI5', 'IV4'), ('II6', 'IV4'), ('V4+', 'II6'), ('II6', 'I5'), ('II6', 'II5')] - [('II6', 'IV5')] vs [('II6', 'IV5')]
Iter= 61000, Average Loss= 0.047074, Average Accuracy= 99.20%
[('V5+', 'I5', 'III5'), ('VII5', 'II5'), ('VII5', 'III4', 'II5'), ('VII5', 'III4', 'II5'), ('V4', 'VII5', 'II5'), ('VI4', 'I5'), ('VI4', 'I5'), ('III5', 'VII5', 'II5'), ('V5', 'VII5', 'II5'), ('VI4', 'I5'), ('I5', 'III5'), ('I5', 'III4', 'III5'), ('VI4', 'III4', 'I5'), ('VI4', 'II4', 'I5'), ('VI4', 'IV4', 'I5'), ('V4', 'V5', 'VII6'), ('V5', 'VII6', 'VII5'), ('I6', 'VI5', 'II5'), ('I6', 'VI5', 'IV5'), ('V5', 'VII6')] - [('V5', 'VII6', 'II4')] vs [('V5', 'VII6', 'II4')]
Iter= 62000, Average Loss= 0.160250, Average Accuracy= 98.80%
[('V4', 'IV4', 'VI4+'), ('V4', 'II4+', 'I5'), ('VI2',), ('VI2', 'V3'), ('VI2', 'I4'), ('VI2', 'III4'), ('VI2', 'V4'), ('VI2', 'I5'), ('III3',), ('III3', 'VII4'), ('III3', 'III4'), ('III3', 'V4'), ('III3', 'VII5'), ('III3', 'III5'), ('I3',), ('I3', 'V3'), ('I3', 'I4'), ('I3', 'III4'), ('I3', 'V4'), ('I3', 'I5')] - [('III3',)] vs [('III3',)]
Iter= 63000, Average Loss= 0.209145, Average Accuracy= 97.90%
[('III6', 'III4', 'III5', 'VI4', 'VI5', 'II2', 'II1', 'IV4'), ('VI4', 'VI5', 'IV4', 'II6', 'II4', 'II5'), ('II4', 'VI4', 'VI5', 'II2', 'II1', 'II6', 'IV4', 'II5'), ('I6', 'I4', 'I5', 'VI4', 'VI5', 'IV4'), ('VI4', 'VI5', 'VII4', 'IV5', 'VII6', 'IV4', 'VII5'), ('I6', 'I4', 'I5', 'VI4', 'VI5', 'IV4'), ('I4', 'VI3', 'VI4', 'VI5', 'IV4', 'IV5'), ('II2', 'VI2', 'II1'), ('III6', 'III4', 'III5', 'VI2', 'VI4', 'VI5', 'II2', 'II1', 'IV4'), ('II5', 'VI2', 'VI4', 'VI5', 'II2', 'II1', 'IV6', 'IV4', 'IV5'), ('III6', 'III4', 'III5', 'VI2', 'VI4', 'VI5', 'II2', 'II1', 'IV4'), ('VI4', 'VI5', 'IV4', 'II6', 'II4', 'II5'), ('III6', 'III4', 'III5', 'VI4', 'VI5', 'IV4'), ('VI4', 'VI5', 'IV4', 'II6', 'II4', 'II5'), ('I6', 'I4', 'I5', 'VI4', 'VI5', 'IV4'), ('VI4', 'VI5', 'IV4', 'II6', 'II4', 'II5'), ('I6', 'I4', 'I5', 'VI4', 'VI5', 'IV4'), ('VI4', 'VI5', 'IV4', 'VII6', 'VII4', 'VII5'), ('II6',), ('VI4', 'VI5', 'IV4', 'VII6', 'VII4', 'VII5')] - [('I6', 'I4', 'I5', 'VI4', 'VI5', 'IV4')] vs [('I6', 'I4', 'I5', 'VI4', 'VI5', 'IV4')]
Iter= 64000, Average Loss= 0.074266, Average Accuracy= 99.10%
[('III3', 'I5', 'III5'), ('V3', 'III4', 'I5'), ('III3', 'III4', 'I5'), ('I3', 'III4', 'I5'), ('V2', 'III4', 'I5'), ('I3', 'I5', 'III5'), ('I5', 'V2', 'III5'), ('II2', 'IV5+', 'II5'), ('VI2', 'IV5+', 'II5'), ('II3', 'I5', 'III5'), ('I5', 'IV3+', 'III5'), ('VI3', 'VI4', 'I5'), ('VI4', 'II4', 'I5'), ('IV4+', 'VI4', 'IV4', 'I5'), ('IV4+', 'VI4', 'II4', 'I5'), ('VI3', 'VI4', 'III4', 'I5'), ('VI4', 'IV3+', 'III4', 'I5'), ('II3', 'VI4', 'I4', 'I5'), ('VI2', 'VI4', 'I4', 'I5'), ('II2', 'I4')] - [('VI2', 'I4')] vs [('VI2', 'I4')]
Iter= 65000, Average Loss= 0.057585, Average Accuracy= 99.50%
[('I7', 'I4'), ('I6', 'I7', 'I4'), ('VI3+', 'IV5'), ('VI3+', 'II4', 'IV5'), ('VI3+', 'IV4', 'IV5'), ('VI3+', 'I5', 'IV5'), ('VI3+', 'V4+', 'IV5'), ('V3+', 'IV5'), ('V3+', 'I4', 'IV5'), ('V3+', 'II4+', 'IV5'), ('V3+', 'IV4', 'IV5'), ('I5', 'V3+', 'IV5'), ('V4+', 'V3+', 'IV5'), ('V5+', 'V3'), ('V5+', 'V3', 'I4'), ('V5+', 'V3', 'II4+'), ('V4+', 'V5+', 'V3'), ('II5+', 'I6', 'V3'), ('V5+', 'I6', 'V3'), ('IV3', 'I6', 'II6+')] - [('I6', 'I4', 'II6+')] vs [('I6', 'I4', 'II6+')]
Iter= 66000, Average Loss= 0.100902, Average Accuracy= 98.90%
[('V3+', 'II5', 'IV5'), ('IV3', 'II5', 'IV5'), ('IV2', 'II5+', 'I5'), ('I3', 'II5+', 'I5'), ('II3+', 'VI4+', 'II5'), ('IV3', 'VI4+', 'II5'), ('V4+', 'V3+', 'I5'), ('V4+', 'I4', 'I5'), ('V4', 'II4+', 'VI4+'), ('V4', 'I4', 'VI4+'), ('V4+', 'IV4', 'V3+'), ('V4+', 'IV3', 'IV4'), ('II3+', 'V4', 'II4+'), ('I3', 'V4', 'II4+'), ('IV2', 'V4', 'II4+', 'V3+'), ('I3', 'V4', 'II4+', 'V3+'), ('IV2', 'II4', 'IV4', 'V3+'), ('I3', 'II4', 'IV4', 'V3+'), ('IV2', 'II4+', 'I4', 'V3+'), ('I3', 'II4+', 'I4', 'V3+')] - [('IV3', 'V2', 'I4', 'II4')] vs [('IV3', 'V2', 'I4', 'II4')]
Iter= 67000, Average Loss= 0.097232, Average Accuracy= 98.50%
[('VI3', 'VI4', 'I4'), ('IV4', 'I4'), ('II4', 'I4'), ('VII4', 'IV5'), ('II4', 'VII4', 'IV5'), ('IV4', 'VII4', 'IV5'), ('VI4', 'VII4', 'IV5'), ('VI5', 'VII4', 'VII5'), ('VI5', 'VII4', 'II5'), ('II6', 'IV4'), ('VI4', 'II6'), ('II6', 'I5'), ('II6', 'II5'), ('II6', 'IV5'), ('II6', 'VI5'), ('II6', 'IV4'), ('VI4', 'II6'), ('II6', 'I5'), ('II6', 'II5'), ('II6', 'IV5')] - [('VII6', 'II6')] vs [('VII6', 'II6')]
Iter= 68000, Average Loss= 0.043608, Average Accuracy= 99.50%
[('VI5', 'IV4', 'IV5'), ('VI4', 'VI5', 'IV5'), ('V5', 'VII6', 'I5'), ('V5', 'VII6', 'II5'), ('VI5', 'IV5'), ('II6', 'IV5'), ('VI5', 'IV5'), ('V5', 'VI3', 'VII4', 'III5'), ('V5', 'VI3', 'II4', 'VII4', 'III5'), ('V5', 'III4', 'III5', 'VI3', 'VII4', 'II4'), ('V4', 'V5', 'III4', 'III5', 'VI3', 'VII4', 'II4'), ('V4', 'III4', 'III5', 'VI3', 'VII4', 'VII5', 'II4', 'VI5'), ('V4', 'V5', 'III4', 'III5', 'VI3', 'VII4', 'II4', 'VII5'), ('V4', 'V5', 'III4', 'III5', 'VII3', 'VII5'), ('V4', 'V5', 'III4', 'III5', 'VII3', 'II4', 'VII5'), ('IV3', 'V5', 'VII5', 'III5'), ('V5', 'V4', 'VII5', 'IV3', 'III5'), ('II5', 'VI3', 'IV5'), ('II5', 'VII4', 'IV5'), ('V5', 'II4', 'III5')] - [('V5', 'IV4', 'III5')] vs [('V5', 'IV4', 'III5')]
Iter= 69000, Average Loss= 0.026847, Average Accuracy= 99.60%
[('III2', 'III3'), ('III2', 'V3'), ('III2', 'VII4'), ('III2', 'III4'), ('I2',), ('I2', 'V2'), ('I2', 'I3'), ('I2', 'III3'), ('I2', 'V3'), ('I2', 'I4'), ('III2',), ('III2', 'VII3'), ('III2', 'III3'), ('III2', 'V3'), ('III2', 'VII4'), ('III2', 'III4'), ('V4', 'V2', 'VI4+'), ('V4', 'II3+', 'VI4+'), ('V4', 'V3', 'VI4+'), ('VI3+', 'V4', 'VI4+')] - [('V4', 'II4+', 'VI4+')] vs [('V4', 'II4+', 'VI4+')]
Iter= 70000, Average Loss= 0.032893, Average Accuracy= 99.20%
[('V4', 'II4', 'VII4', 'IV4'), ('II4', 'VI4', 'VII4', 'IV4'), ('V4', 'II4', 'VII4', 'IV4'), ('V4', 'VI3', 'I4', 'II4'), ('IV4', 'VI3', 'I4', 'II4'), ('V4', 'VI3', 'I4', 'II4'), ('IV4', 'VI3', 'I4', 'II4'), ('VI3', 'IV4', 'I4'), ('VII4', 'III4', 'II4', 'V3+'), ('III4', 'VI3', 'V3', 'I4'), ('VI3', 'I4', 'III4', 'V3'), ('IV4', 'VI3', 'V3', 'I4'), ('III4', 'VI3', 'V3', 'I4'), ('VI3', 'VI4', 'V3', 'I4'), ('III4', 'VI3', 'V3', 'I4'), ('IV3', 'VI3', 'II4', 'I4'), ('IV3', 'VI3', 'III4', 'I4'), ('IV3', 'VI3', 'II4', 'I4'), ('III3', 'VI3', 'V3', 'II4'), ('III3', 'VI3', 'V3', 'I4')] - [('III3', 'VI3', 'V3', 'II4')] vs [('III3', 'VI3', 'V3', 'II4')]
Iter= 71000, Average Loss= 0.020138, Average Accuracy= 99.80%
[('III2', 'V4', 'V3', 'III4'), ('III2', 'V4', 'VII4', 'III4'), ('III2', 'V4', 'III4'), ('V4', 'V2', 'VI4+'), ('V4', 'V2', 'II3+', 'VI4+'), ('V4', 'V2', 'V3', 'VI4+'), ('VI3+', 'V4', 'V2', 'VI4+'), ('V2', 'II4+', 'I5'), ('V4', 'V2', 'I5'), ('I2', 'V4', 'III4'), ('I2', 'V4', 'V2', 'III4'), ('I2', 'I3', 'V4', 'III4'), ('I2', 'III3', 'V4', 'III4'), ('I2', 'V4', 'V3', 'III4'), ('I2', 'V4', 'I4', 'III4'), ('III2', 'V4', 'III4'), ('III2', 'VII3', 'V4', 'III4'), ('III2', 'III3', 'V4', 'III4'), ('III2', 'V4', 'V3', 'III4'), ('III2', 'V4', 'VII4', 'III4')] - [('III2', 'V4', 'III4')] vs [('III2', 'V4', 'III4')]
Iter= 72000, Average Loss= 0.020255, Average Accuracy= 99.60%
[('V2', 'VI4', 'IV4'), ('IV2', 'VI4'), ('IV2', 'I3', 'VI4'), ('IV2', 'IV3', 'VI4'), ('IV2', 'VI3', 'VI4'), ('IV2', 'VI4', 'I4'), ('IV2', 'VI4', 'IV4'), ('III2', 'VII5'), ('III2', 'VII3', 'VII5'), ('III2', 'III3', 'VII5'), ('III2', 'V3', 'VII5'), ('III2', 'V4', 'VII4', 'III5'), ('III2', 'III4', 'VII4', 'III5'), ('II2', 'IV5'), ('II2', 'VI2', 'IV5'), ('II2', 'II3', 'IV5'), ('II2', 'IV3', 'IV5'), ('II2', 'VI3', 'IV5'), ('II2', 'II4', 'IV5'), ('IV4', 'IV5')] - [('IV4', 'IV5')] vs [('IV4', 'IV5')]
Iter= 73000, Average Loss= 0.065746, Average Accuracy= 99.60%
[('V5', 'V3', 'VI5+', 'VI4+'), ('II5+', 'I6', 'V3'), ('V5', 'I6', 'V3'), ('I3', 'V5', 'III5'), ('I3', 'V5', 'V3', 'III5'), ('I3', 'V5', 'I4', 'III5'), ('I3', 'V5', 'III4', 'III5'), ('I3', 'V4', 'V5', 'III5'), ('I5', 'I3', 'V5', 'III5'), ('III3', 'V5', 'V3', 'III5'), ('III3', 'V5', 'VII4', 'III5'), ('III3', 'V5', 'III4', 'III5'), ('III3', 'V4', 'V5', 'III5'), ('III3', 'V5', 'VII5', 'III5'), ('III3', 'V5', 'III5'), ('VI3+', 'V5', 'V3', 'VI5+'), ('V5', 'V3', 'VI5+', 'II4+'), ('V4', 'V5', 'V3', 'VI5+'), ('V5', 'V3', 'VI5+', 'VI4+'), ('V5', 'V3')] - [('V5', 'II5+', 'V3')] vs [('V5', 'II5+', 'V3')]
Iter= 74000, Average Loss= 0.095420, Average Accuracy= 99.40%
[('II3', 'I4', 'II4', 'V3'), ('VI3', 'V2', 'I4', 'II4'), ('II3', 'VI3', 'I4', 'II4'), ('VI3', 'V2', 'I4', 'II4'), ('II3', 'VI3', 'I4', 'II4'), ('V2', 'I4', 'II4'), ('II3', 'I4', 'II4'), ('II4', 'V2', 'IV4', 'VII4'), ('II3', 'II4', 'IV4', 'VII4'), ('II4', 'V2', 'IV4', 'VII4'), ('II3', 'II4', 'IV4', 'VII4'), ('V2', 'II4', 'VI4', 'IV4', 'VII4'), ('II3', 'II4', 'VI4', 'IV4', 'VII4'), ('V2', 'VI4', 'I4', 'IV4'), ('II2', 'VI4', 'I4', 'IV4'), ('V4', 'VII5', 'V2', 'III5'), ('II3', 'V4', 'VII5', 'III5'), ('V2', 'VI4', 'IV4', 'II5'), ('II3', 'VI4', 'IV4', 'II5'), ('VI4', 'IV4', 'I4', 'V3')] - [('II3', 'VI4', 'IV4', 'I4')] vs [('II3', 'VI4', 'IV4', 'I4')]
Iter= 75000, Average Loss= 0.076286, Average Accuracy= 99.00%
[('V4+', 'II6'), ('II6', 'I5'), ('II6', 'II5'), ('II6', 'IV5'), ('V5+', 'II6'), ('I6', 'IV4'), ('V4+', 'I6'), ('I6', 'I5'), ('I6', 'II5'), ('I6', 'IV5'), ('I6', 'VI5+'), ('II6', 'IV4'), ('V4+', 'II6', 'IV4'), ('II6', 'IV4', 'I5'), ('II6', 'IV4', 'II5'), ('II6', 'IV4', 'IV5'), ('V5', 'II6', 'IV4'), ('III4',), ('V4',), ('VII5',)] - [('III5',)] vs [('III5',)]
Iter= 76000, Average Loss= 0.065933, Average Accuracy= 99.10%
[('III2',), ('III2', 'VII3'), ('III2', 'III3'), ('III2', 'V3'), ('III2', 'VII4'), ('III2', 'III4'), ('I2',), ('I2', 'V2'), ('I2', 'I3'), ('I2', 'III3'), ('I2', 'V3'), ('I2', 'I4'), ('III2',), ('III2', 'VII3'), ('III2', 'III3'), ('III2', 'V3'), ('III2', 'VII4'), ('III2', 'III4'), ('V4', 'V2', 'VI4+'), ('V4', 'II3+', 'VI4+')] - [('V4', 'V3', 'VI4+')] vs [('V4', 'V3', 'VI4+')]
Iter= 77000, Average Loss= 0.158170, Average Accuracy= 98.20%
[('III3', 'V4', 'V3', 'III4'), ('V4', 'V5', 'III4', 'III5'), ('V4', 'III5', 'III4', 'I5'), ('IV2', 'I3', 'III5', 'I5'), ('I3', 'I4', 'VI3', 'VI4', 'IV2', 'IV3', 'IV4', 'II5'), ('I3', 'I4', 'III5', 'VI3', 'VI4', 'IV2', 'IV3', 'IV4'), ('I3', 'I4', 'VI3', 'VI4', 'IV2', 'IV3', 'IV4', 'II5'), ('I4', 'VI3', 'VI4', 'IV3', 'IV4', 'II5'), ('III2', 'I3', 'II5'), ('III2', 'I3', 'V4', 'V3', 'I4', 'I5', 'III3'), ('III2', 'I3', 'V4', 'V3', 'III3', 'II4', 'II5'), ('III2', 'I3', 'V4', 'V5', 'III4', 'I5', 'I4'), ('V3', 'I5', 'I4', 'III4', 'III5'), ('IV2', 'I3', 'III5'), ('I3', 'I4', 'VI3', 'VI4', 'IV2', 'IV3', 'IV4', 'II5'), ('I3', 'I4', 'III5', 'VI3', 'VI4', 'IV2', 'IV3', 'IV4'), ('I3', 'I4', 'VI3', 'VI4', 'IV2', 'IV3', 'IV4', 'II5'), ('I4', 'I5', 'VI3', 'VI4', 'IV3', 'IV4'), ('V2', 'I5'), ('VI3+', 'III3', 'V4', 'V2', 'I4', 'I5')] - [('VI3+', 'III3', 'V4', 'V2', 'II4', 'II5')] vs [('VI3+', 'III3', 'V4', 'V2', 'II4', 'II5')]
Iter= 78000, Average Loss= 0.053280, Average Accuracy= 99.30%
[('VI4', 'VI5', 'IV4', 'II6', 'II4', 'II5'), ('I6', 'I4', 'I5', 'VI4', 'VI5', 'IV4'), ('VI4', 'VI5', 'IV4', 'VII6', 'VII4', 'VII5'), ('II6',), ('VI4', 'VI5', 'IV4', 'VII6', 'VII4', 'VII5'), ('I6', 'I4', 'I5', 'VI4', 'VI5', 'IV4'), ('VI3', 'VI4', 'VI5', 'IV4', 'II4', 'IV5'), ('V2', 'V1', 'VI4', 'VI5', 'IV5'), ('IV3', 'IV5', 'V2', 'IV4', 'V1'), ('V4', 'V5', 'V2', 'V3', 'V1', 'VII4', 'II4', 'II5'), ('VII6', 'VII5', 'V2', 'V1'), ('V2', 'V1', 'II4', 'VII6', 'VII4', 'VII5'), ('VI3', 'VI4', 'VI5', 'IV4', 'II4', 'IV5'), ('IV3', 'IV4', 'IV5'), ('IV3', 'II4', 'IV4', 'IV5'), ('V1+', 'V2+'), ('VII4', 'II4', 'V2+', 'IV5', 'IV3', 'VII5', 'V1+', 'IV4', 'II5'), ('V4', 'V5', 'V3', 'II4', 'VII4', 'II5', 'V1+', 'V2+', 'VII5'), ('II4', 'IV5', 'IV4', 'IV3', 'VII5', 'VII4', 'II5'), ('VI1', 'VI2')] - [('I4', 'I5', 'VI1', 'VI2', 'VI3', 'IV3', 'IV4', 'IV5')] vs [('I4', 'I5', 'VI1', 'VI2', 'VI3', 'IV3', 'IV4', 'IV5')]
Iter= 79000, Average Loss= 0.063140, Average Accuracy= 99.00%
[('V4', 'V5', 'I5', 'II4', 'II5+', 'IV4'), ('V4', 'V5', 'I5', 'II4', 'IV4', 'II5'), ('V4', 'V5', 'V3', 'I5', 'IV4', 'II5'), ('V4', 'V5', 'V3', 'I5', 'II4', 'II5'), ('V4', 'V5', 'V3', 'I5', 'IV4', 'II4', 'II5'), ('V4', 'V5', 'V3', 'II4', 'VII5', 'IV4', 'II5'), ('I2', 'V4', 'V5', 'III4', 'IV4', 'VII5'), ('I2', 'V4', 'V5', 'III4', 'II4', 'II5', 'IV4', 'VII5'), ('I2', 'V4', 'V2', 'III4'), ('I2', 'V4', 'V2', 'III4', 'VII5'), ('I2', 'I3', 'V4', 'III4'), ('I2', 'III3', 'V4', 'III4'), ('I2', 'V4', 'V3', 'III4'), ('I2', 'V4', 'I4', 'III4'), ('III2', 'V4', 'III4'), ('III2', 'VII3', 'V4', 'III4'), ('III2', 'III3', 'V4', 'III4'), ('III2', 'V4', 'V3', 'III4'), ('III2', 'V4', 'VII4', 'III4'), ('III2', 'V4', 'III4')] - [('V4', 'V2', 'VI4+')] vs [('V4', 'V2', 'VI4+')]
Iter= 80000, Average Loss= 0.012068, Average Accuracy= 99.70%
[('III2', 'VII3', 'VII5'), ('III2', 'III3', 'VII5'), ('III2', 'V3', 'VII5'), ('III2', 'V4', 'VII4', 'III5'), ('III2', 'III4', 'VII4', 'III5'), ('V2', 'VI4'), ('V2', 'VI4', 'II3'), ('V2', 'VI4', 'IV3'), ('V2', 'VI3', 'VI4'), ('V2', 'VI4', 'VII4'), ('V2', 'VI4', 'IV4'), ('IV2', 'VI4'), ('IV2', 'I3', 'VI4'), ('IV2', 'IV3', 'VI4'), ('IV2', 'VI3', 'VI4'), ('IV2', 'VI4', 'I4'), ('IV2', 'VI4', 'IV4'), ('III2', 'VII5'), ('III2', 'VII3', 'VII5'), ('III2', 'III3', 'VII5')] - [('III2', 'V3', 'VII5')] vs [('III2', 'V3', 'VII5')]
Iter= 81000, Average Loss= 0.007861, Average Accuracy= 99.70%
[('I3', 'V5', 'III4', 'III5'), ('I3', 'V4', 'V5', 'III5'), ('I5', 'I3', 'V5', 'III5'), ('III3', 'V5', 'V3', 'III5'), ('III3', 'V5', 'VII4', 'III5'), ('III3', 'V5', 'III4', 'III5'), ('III3', 'V4', 'V5', 'III5'), ('III3', 'V5', 'VII5', 'III5'), ('III3', 'V5', 'III5'), ('VI3+', 'V5', 'V3', 'VI5+'), ('V5', 'V3', 'VI5+', 'II4+'), ('V4', 'V5', 'V3', 'VI5+'), ('V5', 'V3', 'VI5+', 'VI4+'), ('V5', 'V3'), ('V5', 'II5+', 'V3'), ('VI3+', 'I6', 'I4'), ('VI3+', 'I6', 'II4+'), ('VI3+', 'V4', 'I6'), ('VI3+', 'VI4+', 'I6', 'I5'), ('VI3+', 'V5', 'VI4+')] - [('VI3+', 'V5', 'II5+', 'VI4+')] vs [('VI3+', 'V5', 'II5+', 'VI4+')]
Iter= 82000, Average Loss= 0.049048, Average Accuracy= 99.30%
[('II3', 'I4', 'II4', 'V3'), ('VI3', 'V2', 'I4', 'II4'), ('II3', 'VI3', 'I4', 'II4'), ('VI3', 'V2', 'I4', 'II4'), ('II3', 'VI3', 'I4', 'II4'), ('V2', 'I4', 'II4'), ('II3', 'I4', 'II4'), ('II4', 'V2', 'IV4', 'VII4'), ('II3', 'II4', 'IV4', 'VII4'), ('II4', 'V2', 'IV4', 'VII4'), ('II3', 'II4', 'IV4', 'VII4'), ('V2', 'II4', 'VI4', 'IV4', 'VII4'), ('II3', 'II4', 'VI4', 'IV4', 'VII4'), ('V2', 'VI4', 'I4', 'IV4'), ('II2', 'VI4', 'I4', 'IV4'), ('V4', 'VII5', 'V2', 'III5'), ('II3', 'V4', 'VII5', 'III5'), ('V2', 'VI4', 'IV4', 'II5'), ('II3', 'VI4', 'IV4', 'II5'), ('VI4', 'IV4', 'I4', 'V3')] - [('II3', 'VI4', 'IV4', 'I4')] vs [('II3', 'VI4', 'IV4', 'I4')]
Iter= 83000, Average Loss= 0.053703, Average Accuracy= 99.10%
[('VI4', 'I4', 'IV4', 'V3'), ('II3', 'VI4', 'I4', 'IV4'), ('V4', 'VI3', 'V3', 'IV4'), ('II3', 'V4', 'VI3', 'IV4'), ('V4', 'VII4', 'IV4', 'V3'), ('II3', 'V4', 'VII4', 'IV4'), ('V4', 'II4', 'IV4', 'V3'), ('II3', 'V4', 'II4', 'IV4'), ('IV3', 'I4', 'II5'), ('IV3', 'II4', 'I4'), ('IV3', 'IV4', 'I4'), ('IV3', 'VI4', 'I4'), ('IV4', 'I4', 'V3'), ('II4', 'V3', 'I4'), ('VI3', 'I4'), ('VI3', 'II4', 'I4'), ('VI3', 'IV4', 'I4'), ('VI3', 'VI4', 'I4'), ('IV4', 'I4'), ('II4', 'I4')] - [('VII4', 'IV5')] vs [('VII4', 'IV5')]
Iter= 84000, Average Loss= 0.008395, Average Accuracy= 99.80%
[('V5', 'VII6', 'I5'), ('V5', 'VII6', 'II5'), ('VI5', 'IV5'), ('II6', 'IV5'), ('VI5', 'IV5'), ('V5', 'VI3', 'VII4', 'III5'), ('V5', 'VI3', 'II4', 'VII4', 'III5'), ('V5', 'III4', 'III5', 'VI3', 'VII4', 'II4'), ('V4', 'V5', 'III4', 'III5', 'VI3', 'VII4', 'II4'), ('V4', 'III4', 'III5', 'VI3', 'VII4', 'VII5', 'II4', 'VI5'), ('V4', 'V5', 'III4', 'III5', 'VI3', 'VII4', 'II4', 'VII5'), ('V4', 'V5', 'III4', 'III5', 'VII3', 'VII5'), ('V4', 'V5', 'III4', 'III5', 'VII3', 'II4', 'VII5'), ('IV3', 'V5', 'VII5', 'III5'), ('V5', 'V4', 'VII5', 'IV3', 'III5'), ('II5', 'VI3', 'IV5'), ('II5', 'VII4', 'IV5'), ('V5', 'II4', 'III5'), ('V5', 'IV4', 'III5'), ('II5', 'VI4', 'IV5')] - [('V4+', 'III3', 'VII4', 'II4', 'III5')] vs [('V4+', 'III3', 'VII4', 'II4', 'III5')]
Iter= 85000, Average Loss= 0.004414, Average Accuracy= 99.80%
[('VI4', 'I5'), ('II3', 'V4', 'IV3', 'VII4', 'VII5'), ('IV3', 'V4', 'V2', 'VII4', 'VII5'), ('I2', 'V2'), ('III3', 'V3'), ('V4', 'III4'), ('VI3+', 'V4', 'V5', 'III4', 'III5'), ('VI3+', 'V4', 'I5', 'III4', 'III5'), ('IV2', 'I3', 'I5', 'III5'), ('I3', 'I4', 'VI3', 'VI4', 'IV2', 'IV3', 'IV4', 'II5'), ('I3', 'I4', 'III5', 'VI3', 'VI4', 'IV2', 'IV3', 'IV4'), ('I3', 'I4', 'VI3', 'VI4', 'IV2', 'IV3', 'IV4', 'II5'), ('I4', 'VI3', 'VI4', 'IV3', 'IV4', 'II5'), ('V2', 'II5'), ('III3', 'V2', 'V3', 'I4', 'I5', 'VI4'), ('III3', 'V2', 'V3', 'VI4', 'II4', 'II5'), ('V4', 'V5', 'V2', 'III4', 'III5', 'I4', 'VII4'), ('I4', 'I5', 'III4', 'VII4', 'III5'), ('VI2', 'III5'), ('III3', 'III4', 'VI2', 'VI3', 'VI4', 'II4', 'II5')] - [('III3', 'III4', 'III5', 'VI2', 'VI3', 'VI4', 'II4')] vs [('III3', 'III4', 'III5', 'VI2', 'VI3', 'VI4', 'II4')]
Iter= 86000, Average Loss= 0.050393, Average Accuracy= 99.40%
[('I3', 'I5'), ('III3',), ('III3', 'VII4'), ('III3', 'III4'), ('III3', 'V4'), ('III3', 'VII5'), ('III3', 'III5'), ('V5', 'V3', 'VI5+'), ('VI3+', 'V5', 'VI5+'), ('V5', 'II4+', 'VI5+'), ('V4', 'V5', 'VI5+'), ('V5', 'VI5+', 'VI4+'), ('V5', 'II5+', 'VI5+'), ('I6', 'V5', 'II5+'), ('V5', 'V3', 'VI5+'), ('VI3+', 'V5', 'VI5+'), ('V5', 'II4+', 'VI5+'), ('V4', 'V5', 'VI5+'), ('V5', 'VI5+', 'VI4+'), ('V5', 'II5+', 'VI5+')] - [('I6', 'V5', 'II5+')] vs [('I6', 'V5', 'II5+')]
Iter= 87000, Average Loss= 0.371300, Average Accuracy= 97.30%
[('V6', 'V4', 'V5', 'I6', 'III4', 'I5'), ('V6', 'V4', 'V5', 'I6', 'III4', 'I5', 'III5'), ('V6', 'V4', 'V5', 'I6', 'III5', 'I5', 'II4+'), ('V6', 'V4', 'V5', 'I6', 'III5', 'VI4', 'II4+'), ('V6', 'V4', 'V5', 'I6', 'I5', 'VI4', 'II4+'), ('V6', 'V4', 'V5', 'I6', 'I5', 'VI4', 'II5+', 'II4+'), ('V6', 'V4', 'I6', 'I5', 'VI4', 'II5+', 'II4'), ('V6', 'V4', 'I5', 'VI4', 'IV4', 'II5+', 'II4'), ('V4', 'V5', 'I5', 'II4', 'II5+', 'IV4'), ('V4', 'V5', 'I5', 'II4', 'IV4', 'II5'), ('V4', 'V5', 'V3', 'I5', 'IV4', 'II5'), ('V4', 'V5', 'V3', 'I5', 'II4', 'II5'), ('V4', 'V5', 'V3', 'I5', 'IV4', 'II4', 'II5'), ('V4', 'V5', 'V3', 'II4', 'VII5', 'IV4', 'II5'), ('I2', 'V4', 'V5', 'III4', 'IV4', 'VII5'), ('I2', 'V4', 'V5', 'III4', 'II4', 'II5', 'IV4', 'VII5'), ('I2', 'V4', 'V2', 'III4'), ('I2', 'V4', 'V2', 'III4', 'VII5'), ('I2', 'I3', 'V4', 'III4'), ('I2', 'III3', 'V4', 'III4')] - [('I2', 'V4', 'V3', 'III4')] vs [('I2', 'V4', 'V3', 'III4')]
Iter= 88000, Average Loss= 0.056907, Average Accuracy= 99.30%
[('V2', 'VI4'), ('V2', 'VI4', 'II3'), ('V2', 'VI4', 'IV3'), ('V2', 'VI3', 'VI4'), ('V2', 'VI4', 'VII4'), ('V2', 'VI4', 'IV4'), ('IV2', 'VI4'), ('IV2', 'I3', 'VI4'), ('IV2', 'IV3', 'VI4'), ('IV2', 'VI3', 'VI4'), ('IV2', 'VI4', 'I4'), ('IV2', 'VI4', 'IV4'), ('III2', 'VII5'), ('III2', 'VII3', 'VII5'), ('III2', 'III3', 'VII5'), ('III2', 'V3', 'VII5'), ('III2', 'V4', 'VII4', 'III5'), ('III2', 'III4', 'VII4', 'III5'), ('II2', 'IV5'), ('II2', 'VI2', 'IV5')] - [('II2', 'II3', 'IV5')] vs [('II2', 'II3', 'IV5')]
Iter= 89000, Average Loss= 0.030489, Average Accuracy= 99.40%
[('III4', 'III5'), ('IV4', 'III4', 'III5'), ('VI4', 'III4', 'III5'), ('I4+', 'I5+'), ('IV4', 'I4+', 'I5+'), ('VI4', 'I4+', 'I5+'), ('II4', 'II5'), ('IV4', 'II4', 'II5'), ('VI4', 'II4', 'II5'), ('VI5', 'I4+'), ('IV4', 'VI5', 'I4+'), ('VI4', 'VI5', 'I4+'), ('VI5', 'I4+', 'IV5'), ('VI5', 'I4+'), ('VI5', 'II4'), ('IV4', 'VI5', 'II4'), ('VI4', 'VI5', 'II4'), ('VI5', 'II4', 'IV5'), ('VI5', 'II4'), ('V5', 'V3', 'VII4')] - [('V5', 'V3', 'II4+')] vs [('V5', 'V3', 'II4+')]
Iter= 90000, Average Loss= 0.026737, Average Accuracy= 99.60%
[('I6', 'I4', 'I5'), ('V5', 'I6', 'I4', 'I5'), ('V6', 'V4', 'II4+'), ('V6', 'II4+', 'VI4+'), ('V6', 'II4+', 'I5'), ('V6', 'V5', 'II5+', 'II4+'), ('II5+', 'II4+', 'II6+'), ('II5+', 'II4+', 'VI5+', 'II6+'), ('V6', 'V4'), ('V6', 'V4+', 'V4'), ('V6', 'V4', 'I5'), ('V6', 'V4', 'V5'), ('V6', 'V4', 'I6'), ('V6', 'V5+', 'V4'), ('IV6', 'IV4'), ('V4+', 'IV6', 'IV4'), ('IV6', 'IV4', 'I5'), ('IV6', 'IV4', 'IV5'), ('I6', 'IV6', 'IV4'), ('V5+', 'IV6', 'IV4')] - [('IV6', 'IV4', 'III4')] vs [('IV6', 'IV4', 'III4')]
Iter= 91000, Average Loss= 0.015104, Average Accuracy= 99.80%
[('VI3+', 'I5', 'IV5'), ('VI3+', 'V4+', 'IV5'), ('V3+', 'IV5'), ('V3+', 'I4', 'IV5'), ('V3+', 'II4+', 'IV5'), ('V3+', 'IV4', 'IV5'), ('I5', 'V3+', 'IV5'), ('V4+', 'V3+', 'IV5'), ('V5+', 'V3'), ('V5+', 'V3', 'I4'), ('V5+', 'V3', 'II4+'), ('V4+', 'V5+', 'V3'), ('II5+', 'I6', 'V3'), ('V5+', 'I6', 'V3'), ('IV3', 'I6', 'II6+'), ('I6', 'I4', 'II6+'), ('II6', 'II4+', 'VI5+'), ('II6', 'IV4', 'VI5+'), ('V4+', 'V5+', 'I6'), ('V5+', 'I6', 'I5')] - [('V5', 'II5+', 'VI5+')] vs [('V5', 'II5+', 'VI5+')]
Iter= 92000, Average Loss= 0.008537, Average Accuracy= 99.80%
[('II3', 'I4', 'II4'), ('II4', 'V2', 'IV4', 'VII4'), ('II3', 'II4', 'IV4', 'VII4'), ('II4', 'V2', 'IV4', 'VII4'), ('II3', 'II4', 'IV4', 'VII4'), ('V2', 'II4', 'VI4', 'IV4', 'VII4'), ('II3', 'II4', 'VI4', 'IV4', 'VII4'), ('IV3', 'V2', 'I4', 'II4'), ('IV3', 'I4', 'II4', 'II3'), ('IV3', 'V2', 'I4', 'II4'), ('IV3', 'I4', 'II4', 'II3'), ('V2', 'I4', 'II4', 'V3'), ('II3', 'I4', 'II4', 'V3'), ('VI3', 'V2', 'I4', 'II4'), ('II3', 'VI3', 'I4', 'II4'), ('VI3', 'V2', 'I4', 'II4'), ('II3', 'VI3', 'I4', 'II4'), ('V2', 'I4', 'II4'), ('II3', 'I4', 'II4'), ('II4', 'V2', 'IV4', 'VII4')] - [('II3', 'II4', 'IV4', 'VII4')] vs [('II3', 'II4', 'IV4', 'VII4')]
Iter= 93000, Average Loss= 0.011712, Average Accuracy= 99.80%
[('V4', 'VI3', 'V3', 'IV4'), ('II3', 'V4', 'VI3', 'IV4'), ('V4', 'VII4', 'IV4', 'V3'), ('II3', 'V4', 'VII4', 'IV4'), ('V4', 'II4', 'IV4', 'V3'), ('II3', 'V4', 'II4', 'IV4'), ('IV3', 'I4', 'II5'), ('IV3', 'II4', 'I4'), ('IV3', 'IV4', 'I4'), ('IV3', 'VI4', 'I4'), ('IV4', 'I4', 'V3'), ('II4', 'V3', 'I4'), ('VI3', 'I4'), ('VI3', 'II4', 'I4'), ('VI3', 'IV4', 'I4'), ('VI3', 'VI4', 'I4'), ('IV4', 'I4'), ('II4', 'I4'), ('VII4', 'IV5'), ('II4', 'VII4', 'IV5')] - [('IV4', 'VII4', 'IV5')] vs [('IV4', 'VII4', 'IV5')]
Iter= 94000, Average Loss= 0.009684, Average Accuracy= 99.90%
[('V4', 'III4', 'III5', 'VI3', 'VII4', 'VII5', 'II4', 'VI5'), ('V4', 'V5', 'III4', 'III5', 'VI3', 'VII4', 'II4', 'VII5'), ('V4', 'V5', 'III4', 'III5', 'VII3', 'VII5'), ('V4', 'V5', 'III4', 'III5', 'VII3', 'II4', 'VII5'), ('IV3', 'V5', 'VII5', 'III5'), ('V5', 'V4', 'VII5', 'IV3', 'III5'), ('II5', 'VI3', 'IV5'), ('II5', 'VII4', 'IV5'), ('V5', 'II4', 'III5'), ('V5', 'IV4', 'III5'), ('II5', 'VI4', 'IV5'), ('V4+', 'III3', 'VII4', 'II4', 'III5'), ('V3', 'VII4', 'III5'), ('VI3', 'V3', 'III5'), ('V3', 'I4', 'III5'), ('V3', 'III4', 'III5'), ('V4', 'V3', 'IV5'), ('VI4', 'V3', 'IV5'), ('III5', 'V3', 'I5'), ('VI5', 'V3', 'I5')] - [('III5', 'V3', 'I5')] vs [('III5', 'V3', 'I5')]
Iter= 95000, Average Loss= 0.000000, Average Accuracy= 100.00%
[('I2', 'I4'), ('III2',), ('III2', 'VII3'), ('III2', 'III3'), ('III2', 'V3'), ('III2', 'VII4'), ('III2', 'III4'), ('I2',), ('I2', 'V2'), ('I2', 'I3'), ('I2', 'III3'), ('I2', 'V3'), 2018-10-23 08:45:52,490 Create Music!!
2018-10-23 08:49:17,765 Convert grades to sequences
('I2', 'I4'), ('III2',), ('III2', 'VII3'), ('III2', 'III3'), ('III2', 'V3'), ('III2', 'VII4'), ('III2', 'III4'), ('V4', 'V2', 'VI4+')] - [('V4', 'II3+', 'VI4+')] vs [('V4', 'II3+', 'VI4+')]
Iter= 96000, Average Loss= 0.000274, Average Accuracy= 100.00%
[('V4+', 'I5', 'IV4', 'III5'), ('V4+', 'VII5', 'IV4', 'II5'), ('V4+', 'I5', 'IV4', 'III5'), ('V4+', 'VII5', 'IV4', 'II5'), ('V4', 'VII5', 'III4', 'II5'), ('V4', 'VI4', 'III4', 'I5'), ('V4', 'VII5', 'III4', 'II5'), ('V4', 'VI4', 'III4', 'I5'), ('V4', 'VI4', 'III4', 'III5'), ('V4', 'VI4', 'III4', 'I5'), ('VI4', 'II4', 'IV4', 'I5'), ('V4', 'II4', 'IV4', 'VII5'), ('VI4', 'II4', 'IV4', 'I5'), ('V4', 'II4', 'IV4', 'VII5'), ('II4', 'I4', 'IV4', 'VII5'), ('II4', 'VI4', 'I4', 'IV4'), ('II4', 'I4', 'IV4', 'VII5'), ('II4', 'VI4', 'I4', 'IV4'), ('II4', 'I4', 'IV4', 'II5'), ('II4', 'VI4', 'I4', 'IV4')] - [('V4', 'II4', 'VII4', 'IV4')] vs [('V4', 'II4', 'VII4', 'IV4')]
Iter= 97000, Average Loss= 0.000064, Average Accuracy= 100.00%
[('V6', 'V4', 'V5', 'I6', 'I5', 'VI4', 'II4+'), ('V6', 'V4', 'V5', 'I6', 'I5', 'VI4', 'II5+', 'II4+'), ('V6', 'V4', 'I6', 'I5', 'VI4', 'II5+', 'II4'), ('V6', 'V4', 'I5', 'VI4', 'IV4', 'II5+', 'II4'), ('V4', 'V5', 'I5', 'II4', 'II5+', 'IV4'), ('V4', 'V5', 'I5', 'II4', 'IV4', 'II5'), ('V4', 'V5', 'V3', 'I5', 'IV4', 'II5'), ('V4', 'V5', 'V3', 'I5', 'II4', 'II5'), ('V4', 'V5', 'V3', 'I5', 'IV4', 'II4', 'II5'), ('V4', 'V5', 'V3', 'II4', 'VII5', 'IV4', 'II5'), ('I2', 'V4', 'V5', 'III4', 'IV4', 'VII5'), ('I2', 'V4', 'V5', 'III4', 'II4', 'II5', 'IV4', 'VII5'), ('I2', 'V4', 'V2', 'III4'), ('I2', 'V4', 'V2', 'III4', 'VII5'), ('I2', 'I3', 'V4', 'III4'), ('I2', 'III3', 'V4', 'III4'), ('I2', 'V4', 'V3', 'III4'), ('I2', 'V4', 'I4', 'III4'), ('III2', 'V4', 'III4'), ('III2', 'VII3', 'V4', 'III4')] - [('III2', 'III3', 'V4', 'III4')] vs [('III2', 'III3', 'V4', 'III4')]
Iter= 98000, Average Loss= 0.002969, Average Accuracy= 99.90%
[('III2', 'V4', 'VII4', 'III4'), ('III2', 'V4', 'III4'), ('V4', 'V2', 'VI4+'), ('V4', 'V2', 'II3+', 'VI4+'), ('V4', 'V2', 'V3', 'VI4+'), ('VI3+', 'V4', 'V2', 'VI4+'), ('V4', 'V2'), ('V4', 'V2', 'II4+'), ('I2', 'III4', 'I5'), ('V2', 'III4', 'I5'), ('I3', 'III4', 'I5'), ('III3', 'III4', 'I5'), ('V4', 'V3', 'II5'), ('V4', 'I4', 'II5'), ('I5', 'III4', 'III5'), ('V4', 'I5', 'III5'), ('I5', 'III4', 'III5'), ('I5', 'I4', 'III5'), ('I5', 'V3', 'III5'), ('III3', 'I5', 'III5')] - [('V3', 'III4', 'I5')] vs [('V3', 'III4', 'I5')]
Iter= 99000, Average Loss= 0.000152, Average Accuracy= 100.00%
[('I3', 'V5', 'III4', 'III5'), ('I3', 'V4', 'V5', 'III5'), ('I5', 'I3', 'V5', 'III5'), ('III3', 'V5', 'V3', 'III5'), ('III3', 'V5', 'VII4', 'III5'), ('III3', 'V5', 'III4', 'III5'), ('III3', 'V4', 'V5', 'III5'), ('III3', 'V5', 'VII5', 'III5'), ('III3', 'V5', 'III5'), ('VI3+', 'V5', 'V3', 'VI5+'), ('V5', 'V3', 'VI5+', 'II4+'), ('V4', 'V5', 'V3', 'VI5+'), ('V5', 'V3', 'VI5+', 'VI4+'), ('II5+', 'I6', 'V3'), ('V5', 'I6', 'V3'), ('I3', 'V5', 'III5'), ('I3', 'V5', 'V3', 'III5'), ('I3', 'V5', 'I4', 'III5'), ('I3', 'V5', 'III4', 'III5'), ('I3', 'V4', 'V5', 'III5')] - [('I5', 'I3', 'V5', 'III5')] vs [('I5', 'I3', 'V5', 'III5')]
Iter= 100000, Average Loss= 0.009516, Average Accuracy= 99.90%
[('V2', 'I4', 'II4'), ('II3', 'I4', 'II4'), ('II4', 'V2', 'IV4', 'VII4'), ('II3', 'II4', 'IV4', 'VII4'), ('II4', 'V2', 'IV4', 'VII4'), ('II3', 'II4', 'IV4', 'VII4'), ('V2', 'II4', 'VI4', 'IV4', 'VII4'), ('II3', 'II4', 'VI4', 'IV4', 'VII4'), ('V2', 'VI4', 'I4', 'IV4'), ('II2', 'VI4', 'I4', 'IV4'), ('V4', 'VII5', 'V2', 'III5'), ('II3', 'V4', 'VII5', 'III5'), ('V2', 'VI4', 'IV4', 'II5'), ('II3', 'VI4', 'IV4', 'II5'), ('VI4', 'IV4', 'I4', 'V3'), ('II3', 'VI4', 'IV4', 'I4'), ('VI3', 'VI4', 'V3', 'IV4'), ('VI3', 'VI4', 'II4', 'IV4'), ('VI4', 'I4', 'IV4', 'V3'), ('II3', 'VI4', 'I4', 'IV4')] - [('V4', 'VI3', 'V3', 'IV4')] vs [('V4', 'VI3', 'V3', 'IV4')]
../models/n_input_20_chromatic_iters_100000_Debussy_Claire_de_Lune/n_input_20_chromatic_iters_100000_Debussy_Claire_de_Lune-100000.meta
Traceback (most recent call last):
  File "CreateMusic.py", line 371, in <module>
    chords_notes = (musical_piece
  File "/Users/adesant3/Documents/Kindergarten/chopyn/chopyn/src/ReadMusic.py", line 446, in convert_grades_sequence_to_notes
    for note in chord:
ValueError: invalid literal for int() with base 10: '+'
