2018-10-23 22:09:19,376 INFO: Creating class Read
2018-10-23 22:09:19,525 Calculate the tonality and apply it to the whole music piece
2018-10-23 22:09:19,583 Extract the sequence of chords
2018-10-23 22:09:19,583 Create the Deep Learning object
2018-10-23 22:09:19,584 Config LSTM
2018-10-23 22:09:20,449 From CreateMusic.py:81: softmax_cross_entropy_with_logits (from tensorflow.python.ops.nn_ops) is deprecated and will be removed in a future version.
Instructions for updating:

Future major versions of TensorFlow will allow gradients to flow
into the labels input on backprop by default.

See @{tf.nn.softmax_cross_entropy_with_logits_v2}.

2018-10-23 22:09:24,925 Estimate initial sequence to predict based on LSTM
2018-10-23 22:09:24,925 Train and save LSTM
2018-10-23 22:09:24.926086: I tensorflow/core/platform/cpu_feature_guard.cc:140] Your CPU supports instructions that this TensorFlow binary was not compiled to use: AVX2 FMA
La tonalidad es: Re
[]
Iter= 1000, Average Loss= 7.587933, Average Accuracy= 5.40%
[('I2', 'V3', 'III4', 'VII4', 'III5'), ('VII5',), ('IV2', 'VI4'), ('VI3', 'IV2', 'III4', 'I4', 'VII5'), ('I5',), ('V4', 'I2'), ('V4',), ('V4', 'I2', 'III4', 'VII4', 'V3'), ('III2', 'VII5'), ('VII5',), ('III2', 'V3', 'III4', 'VII4', 'VII5'), ('VI1', 'III5'), ('III5',), ('VI3', 'VI1', 'III4', 'I4', 'III5'), ('II2', 'II4'), ('II4',), ('VI3', 'II2', 'II4', 'IV3'), ('II2', 'II4'), ('II4',), ('VI3', 'IV4', 'II2', 'II4', 'I4')] - [('I2', 'II4')] vs [('I2', 'IV5')]
Iter= 2000, Average Loss= 2.642858, Average Accuracy= 37.40%
[('III2', 'VII5'), ('VII5',), ('III2', 'V3', 'III4', 'VII4', 'VII5'), ('VI1', 'III5'), ('III5',), ('VI3', 'VI1', 'III4', 'I4', 'III5'), ('II2', 'II4'), ('II4',), ('VI3', 'II2', 'II4', 'IV3'), ('II2', 'II4'), ('II4',), ('VI3', 'IV4', 'II2', 'II4', 'I4'), ('I2', 'II4'), ('I2', 'II3+', 'II4', 'I4', 'V3'), ('V4', 'V1'), ('II4', 'V3', 'V1', 'VI4+', 'VI4'), ('VI5+',), ('I2', 'II5'), ('I2', 'VI3', 'II4', 'IV3', 'I5'), ('VI4',)] - [('I2', 'I5')] vs [('IV2', 'VI4')]
Iter= 3000, Average Loss= 1.115772, Average Accuracy= 73.90%
[('I2', 'VII4', 'III4', 'V3'), ('IV2', 'III4'), ('III4',), ('VI3', 'IV2', 'I4', 'III4'), ('I2', 'III4'), ('III4',), ('I2', 'VII4', 'III4', 'V3'), ('IV2', 'III4'), ('VI3', 'IV2', 'I4', 'III4', 'III5'), ('V5',), ('I2', 'IV5'), ('I2', 'V3', 'III4', 'VII4', 'III5'), ('VII5',), ('IV2', 'VI4'), ('VI3', 'IV2', 'III4', 'I4', 'VII5'), ('I5',), ('V4', 'I2'), ('V4',), ('V4', 'I2', 'III4', 'VII4', 'V3'), ('III2', 'VII5')] - [('VII5',)] vs [('VII5',)]
Iter= 4000, Average Loss= 0.445058, Average Accuracy= 90.50%
[('V4', 'II2', 'II4', 'VII4', 'I5'), ('II5',), ('II2', 'VII5'), ('VII4', 'I5', 'V4', 'II2', 'III4', 'V3'), ('II5',), ('II2', 'III4'), ('II2', 'I4', 'III4', 'V3'), ('VI3', 'IV4', 'I4', 'III4'), ('II4', 'VI4+', 'V4', 'IV3', 'V2', 'VI5+'), ('I2', 'I3', 'I4', 'I5', 'III4', 'V4', 'V2'), ('IV2',), ('VI3', 'IV2', 'III4', 'I4'), ('I2',), ('I2', 'III4', 'VII4', 'V3'), ('IV2',), ('VI3', 'IV2', 'III4', 'I4'), ('I2',), ('I2', 'III4', 'VII4', 'V3'), ('IV2',), ('VI3', 'IV2', 'III4', 'I4', 'III5')] - [('V5',)] vs [('V5',)]
Iter= 5000, Average Loss= 0.242575, Average Accuracy= 95.90%
[('IV2', 'III4'), ('VI3', 'IV2', 'I4', 'III4', 'III5'), ('V5',), ('I2', 'IV5'), ('I2', 'V3', 'III4', 'VII4', 'III5'), ('VII5',), ('IV2', 'VI4'), ('VI3', 'IV2', 'III4', 'I4', 'VII5'), ('I5',), ('V4', 'I2'), ('V4',), ('V4', 'I2', 'III4', 'VII4', 'V3'), ('III2', 'VII5'), ('VII5',), ('III2', 'V3', 'III4', 'VII4', 'VII5'), ('VI1', 'III5'), ('III5',), ('VI3', 'VI1', 'III4', 'I4', 'III5'), ('II2', 'II4'), ('II4',)] - [('VI3', 'II2', 'II4', 'IV3')] vs [('VI3', 'II2', 'II4', 'IV3')]
Iter= 6000, Average Loss= 0.121797, Average Accuracy= 97.50%
[('II2', 'II4'), ('II4',), ('VI3', 'II2', 'II4', 'IV3'), ('II2', 'II4'), ('II4',), ('VI3', 'IV4', 'II2', 'II4', 'I4'), ('I2', 'II4'), ('I2', 'II3+', 'II4', 'I4', 'V3'), ('V4', 'V1'), ('II4', 'V3', 'V1', 'VI4+', 'VI4'), ('VI5+',), ('I2', 'II5'), ('I2', 'VI3', 'II4', 'IV3', 'I5'), ('VI4',), ('I2', 'I5'), ('VI3', 'I2', 'I3', 'IV3', 'II4', 'VI5+'), ('VI4',), ('I2', 'I5'), ('I2', 'I4', 'I5', 'VI3+', 'II3', 'V3'), ('I5',)] - [('I2', 'I5')] vs [('I2', 'I5')]
Iter= 7000, Average Loss= 0.113278, Average Accuracy= 98.20%
[('IV5', 'II2'), ('VI3', 'IV4', 'IV5', 'II4', 'II2'), ('IV5',), ('III2', 'III5'), ('III2', 'V3', 'III4', 'VII4', 'III5'), ('III5',), ('VI1', 'VI4'), ('V4', 'VI3', 'VI1', 'III4', 'I4'), ('VI4',), ('II2', 'VII5'), ('V4', 'II2', 'II4', 'VII4', 'I5'), ('II5',), ('II2', 'VII5'), ('VII4', 'I5', 'V4', 'II2', 'III4', 'V3'), ('II5',), ('II2', 'III4'), ('II2', 'I4', 'III4', 'V3'), ('VI3', 'IV4', 'I4', 'III4'), ('II4', 'VI4+', 'V4', 'IV3', 'V2', 'VI5+'), ('I2', 'I3', 'I4', 'I5', 'III4', 'V4', 'V2')] - [('IV2',)] vs [('IV2',)]
Iter= 8000, Average Loss= 0.028029, Average Accuracy= 99.70%
[('IV5',), ('III2', 'III5'), ('III2', 'V3', 'III4', 'VII4', 'III5'), ('III5',), ('VI1', 'VI4'), ('V4', 'VI3', 'VI1', 'III4', 'I4'), ('VI4',), ('II2', 'VII5'), ('V4', 'II2', 'II4', 'VII4', 'I5'), ('II5',), ('II2', 'VII5'), ('VII4', 'I5', 'V4', 'II2', 'III4', 'V3'), ('II5',), ('II2', 'III4'), ('II2', 'I4', 'III4', 'V3'), ('VI3', 'IV4', 'I4', 'III4'), ('II4', 'VI4+', 'V4', 'IV3', 'V2', 'VI5+'), ('I2', 'I3', 'I4', 'I5', 'III4', 'V4', 'V2'), ('IV2',), ('VI3', 'IV2', 'III4', 'I4')] - [('I2',)] vs [('I2',)]
Iter= 9000, Average Loss= 0.022598, Average Accuracy= 99.60%
[('VI3', 'IV2', 'III4', 'I4'), ('I2',), ('I2', 'III4', 'VII4', 'V3'), ('IV2',), ('VI3', 'IV2', 'III4', 'I4'), ('I2',), ('I2', 'III4', 'VII4', 'V3'), ('IV2',), ('VI3', 'IV2', 'III4', 'I4', 'III5'), ('V5',), ('I2', 'IV5'), ('I2', 'V3', 'III4', 'VII4', 'III5'), ('VII5',), ('IV2', 'VI4'), ('VI3', 'IV2', 'III4', 'I4', 'VII5'), ('I5',), ('V4', 'I2'), ('V4',), ('V4', 'I2', 'III4', 'VII4', 'V3'), ('IV2', 'III4')] - [('III4',)] vs [('III4',)]
Iter= 10000, Average Loss= 0.044849, Average Accuracy= 99.40%
[('VI5+',), ('I2', 'II5'), ('I2', 'VI3', 'II4', 'IV3', 'I5'), ('VI4',), ('I2', 'I5'), ('VI3', 'I2', 'I3', 'IV3', 'II4', 'VI5+'), ('VI4',), ('I2', 'I5'), ('I2', 'I4', 'I5', 'VI3+', 'II3', 'V3'), ('I5',), ('I2', 'I5'), ('I2', 'VI3+', 'V3', 'I4', 'III3'), ('I5',), ('I2', 'II5'), ('I2', 'V3', 'II4+', 'VI4+', 'II5+'), ('IV5',), ('I2', 'V5'), ('I2', 'V3', 'II4', 'VI4+', 'VI5+'), ('I5',), ('I2', 'II5')] - [('VI3', 'I2', 'I3', 'IV3', 'I5', 'II4')] vs [('VI3', 'I2', 'I3', 'IV3', 'I5', 'II4')]
Iter= 11000, Average Loss= 0.032250, Average Accuracy= 99.50%
[('III4',), ('I2', 'VII4', 'III4', 'V3'), ('IV2', 'III4'), ('VI3', 'IV2', 'I4', 'III4', 'III5'), ('V5',), ('I2', 'IV5'), ('I2', 'V3', 'III4', 'VII4', 'III5'), ('VII5',), ('IV2', 'VI4'), ('VI3', 'IV2', 'III4', 'I4', 'VII5'), ('I5',), ('V4', 'I2'), ('V4',), ('V4', 'I2', 'III4', 'VII4', 'V3'), ('III2', 'VII5'), ('VII5',), ('III2', 'V3', 'III4', 'VII4', 'VII5'), ('VI1', 'III5'), ('III5',), ('VI3', 'VI1', 'III4', 'I4', 'III5')] - [('II2', 'II4')] vs [('II2', 'II4')]
Iter= 12000, Average Loss= 0.044560, Average Accuracy= 99.00%
[('VI3', 'I2', 'I3', 'IV3', 'II4', 'VI5+'), ('VI4',), ('I2', 'I5'), ('I2', 'I4', 'I5', 'VI3+', 'II3', 'V3'), ('I5',), ('I2', 'I5'), ('I2', 'VI3+', 'V3', 'I4', 'III3'), ('I5',), ('I2', 'II5'), ('I2', 'V3', 'II4+', 'VI4+', 'II5+'), ('IV5',), ('I2', 'V5'), ('I2', 'V3', 'II4', 'VI4+', 'VI5+'), ('I5',), ('I2', 'II5'), ('VI3', 'I2', 'I3', 'IV3', 'I5', 'II4'), ('VI4',), ('I2', 'I5'), ('I2', 'I4', 'I5', 'VI3+', 'II3', 'V3'), ('I5',)] - [('I2', 'I5')] vs [('I2', 'I5')]
Iter= 13000, Average Loss= 0.036103, Average Accuracy= 99.30%
[('I2', 'III4', 'VII4', 'V3'), ('IV2',), ('VI3', 'IV2', 'III4', 'I4'), ('I2',), ('I2', 'III4', 'VII4', 'V3'), ('IV2',), ('VI3', 'IV2', 'III4', 'I4', 'III5'), ('V5',), ('I2', 'IV5'), ('I2', 'V3', 'III4', 'VII4', 'III5'), ('VII5',), ('IV2', 'VI4'), ('VI3', 'IV2', 'III4', 'I4', 'VII5'), ('I5',), ('V4', 'I2'), ('V4',), ('V4', 'I2', 'III4', 'VII4', 'V3'), ('IV2', 'III4'), ('III4',), ('VI3', 'IV2', 'I4', 'III4')] - [('I2', 'III4')] vs [('I2', 'III4')]
Iter= 14000, Average Loss= 0.029279, Average Accuracy= 99.40%
[('V4', 'I2', 'III4', 'VII4', 'V3'), ('IV2', 'III4'), ('III4',), ('VI3', 'IV2', 'I4', 'III4'), ('I2', 'III4'), ('III4',), ('I2', 'VII4', 'III4', 'V3'), ('IV2', 'III4'), ('III4',), ('VI3', 'IV2', 'I4', 'III4'), ('I2', 'III4'), ('III4',), ('I2', 'VII4', 'III4', 'V3'), ('IV2', 'III4'), ('VI3', 'IV2', 'I4', 'III4', 'III5'), ('V5',), ('I2', 'IV5'), ('I2', 'V3', 'III4', 'VII4', 'III5'), ('VII5',), ('IV2', 'VI4')] - [('VI3', 'IV2', 'III4', 'I4', 'VII5')] vs [('VI3', 'IV2', 'III4', 'I4', 'VII5')]
Iter= 15000, Average Loss= 0.033452, Average Accuracy= 98.90%
[('I5',), ('IV5', 'II2'), ('VI3', 'IV4', 'IV5', 'II4', 'II2'), ('IV5',), ('II2', 'II5+'), ('II4+', 'II5+', 'I4', 'V4', 'II2', 'V3'), ('II5+',), ('II2', 'VI4'), ('V3', 'II2', 'II4+', 'VI4+', 'VI5+'), ('II5+',), ('II2', 'II5'), ('V4', 'II2', 'II4', 'VI4+', 'I5'), ('VI5+',), ('II2', 'II5'), ('II4+', 'I5', 'V4', 'II2', 'VI4+', 'V3'), ('VI5+',), ('II2', 'II4+'), ('II2', 'I4', 'II4+', 'V3'), ('VI3', 'IV4', 'I4', 'II4+'), ('V4', 'II4', 'VI4+', 'VI5+')] - [('II4', 'VI4+', 'V4', 'IV3', 'V2', 'VI5+')] vs [('II4', 'VI4+', 'V4', 'IV3', 'V2', 'VI5+')]
Iter= 16000, Average Loss= 0.017490, Average Accuracy= 99.60%
[('I2', 'V3', 'III4', 'VII4', 'III5'), ('VII5',), ('IV2', 'VI4'), ('VI3', 'IV2', 'III4', 'I4', 'VII5'), ('I5',), ('V4', 'I2'), ('V4',), ('V4', 'I2', 'III4', 'VII4', 'V3'), ('IV2', 'III4'), ('III4',), ('VI3', 'IV2', 'I4', 'III4'), ('I2', 'III4'), ('III4',), ('I2', 'VII4', 'III4', 'V3'), ('IV2', 'III4'), ('III4',), ('VI3', 'IV2', 'I4', 'III4'), ('I2', 'III4'), ('III4',), ('I2', 'VII4', 'III4', 'V3')] - [('IV2', 'III4')] vs [('IV2', 'III4')]
Iter= 17000, Average Loss= 0.018234, Average Accuracy= 99.50%
[('V5',), ('I2', 'IV5'), ('I2', 'V3', 'III4', 'VII4', 'III5'), ('VII5',), ('IV2', 'VI4'), ('VI3', 'IV2', 'III4', 'I4', 'VII5'), ('I5',), ('V4', 'I2'), ('V4',), ('V4', 'I2', 'III4', 'VII4', 'V3'), ('III2', 'VII5'), ('VII5',), ('III2', 'V3', 'III4', 'VII4', 'VII5'), ('VI1', 'III5'), ('III5',), ('VI3', 'VI1', 'III4', 'I4', 'III5'), ('II2', 'II4'), ('II4',), ('VI3', 'II2', 'II4', 'IV3'), ('II2', 'II4')] - [('II4',)] vs [('II4',)]
Iter= 18000, Average Loss= 0.022378, Average Accuracy= 99.40%
[('VI3', 'IV2', 'I4', 'III4'), ('I2', 'III4'), ('III4',), ('I2', 'VII4', 'III4', 'V3'), ('IV2', 'III4'), ('VI3', 'IV2', 'I4', 'III4', 'III5'), ('V5',), ('I2', 'IV5'), ('I2', 'V3', 'III4', 'VII4', 'III5'), ('VII5',), ('IV2', 'VI4'), ('VI3', 'IV2', 'III4', 'I4', 'VII5'), ('I5',), ('V4', 'I2'), ('V4',), ('V4', 'I2', 'III4', 'VII4', 'V3'), ('III2', 'VII5'), ('VII5',), ('III2', 'V3', 'III4', 'VII4', 'VII5'), ('VI1', 'III5')] - [('III5',)] vs [('III5',)]
Iter= 19000, Average Loss= 0.042687, Average Accuracy= 98.90%
[('IV2', 'VI4'), ('VI3', 'IV2', 'III4', 'I4', 'VII5'), ('I5',), ('V4', 'I2'), ('V4',), ('V4', 'I2', 'III4', 'VII4', 'V3'), ('IV2', 'III4'), ('III4',), ('VI3', 'IV2', 'I4', 'III4'), ('I2', 'III4'), ('III4',), ('I2', 'VII4', 'III4', 'V3'), ('IV2', 'III4'), ('III4',), ('VI3', 'IV2', 'I4', 'III4'), ('I2', 'III4'), ('III4',), ('I2', 'VII4', 'III4', 'V3'), ('IV2', 'III4'), ('VI3', 'IV2', 'I4', 'III4', 'III5')] - [('V5',)] vs [('V5',)]
Iter= 20000, Average Loss= 0.020505, Average Accuracy= 99.30%
[('VI1', 'III5'), ('III5',), ('VI3', 'VI1', 'III4', 'I4', 'III5'), ('II2', 'II4'), ('II4',), ('VI3', 'II2', 'II4', 'IV3'), ('II2', 'II4'), ('II4',), ('VI3', 'IV4', 'II2', 'II4', 'I4'), ('I2', 'II4'), ('I2', 'II3+', 'II4', 'I4', 'V3'), ('V4', 'V1'), ('II4', 'V3', 'V1', 'VI4+', 'VI4'), ('VI5+',), ('I2', 'II5'), ('I2', 'VI3', 'II4', 'IV3', 'I5'), ('VI4',), ('I2', 'I5'), ('VI3', 'I2', 'I3', 'IV3', 'II4', 'VI5+'), ('VI4',)] - [('I2', 'I5')] vs [('I2', 'I5')]
Iter= 21000, Average Loss= 0.036710, Average Accuracy= 98.90%
[('IV2',), ('VI3', 'IV2', 'III4', 'I4', 'III5'), ('V5',), ('I2', 'IV5'), ('I2', 'V3', 'III4', 'VII4', 'III5'), ('VII5',), ('IV2', 'VI4'), ('VI3', 'IV2', 'III4', 'I4', 'VII5'), ('I5',), ('V4', 'I2'), ('V4',), ('V4', 'I2', 'III4', 'VII4', 'V3'), ('IV2', 'III4'), ('III4',), ('VI3', 'IV2', 'I4', 'III4'), ('I2', 'III4'), ('III4',), ('I2', 'VII4', 'III4', 'V3'), ('IV2', 'III4'), ('III4',)] - [('VI3', 'IV2', 'I4', 'III4')] vs [('VI3', 'IV2', 'I4', 'III4')]
Iter= 22000, Average Loss= 0.065925, Average Accuracy= 98.50%
[('I2', 'IV5'), ('I2', 'V3', 'III4', 'VII4', 'III5'), ('VII5',), ('IV2', 'VI4'), ('VI3', 'IV2', 'III4', 'I4', 'VII5'), ('I5',), ('V4', 'I2'), ('V4',), ('V4', 'I2', 'III4', 'VII4', 'V3'), ('IV2', 'III4'), ('III4',), ('VI3', 'IV2', 'I4', 'III4'), ('I2', 'III4'), ('III4',), ('I2', 'VII4', 'III4', 'V3'), ('IV2', 'III4'), ('III4',), ('VI3', 'IV2', 'I4', 'III4'), ('I2', 'III4'), ('III4',)] - [('I2', 'VII4', 'III4', 'V3')] vs [('I2', 'VII4', 'III4', 'V3')]
Iter= 23000, Average Loss= 0.017454, Average Accuracy= 99.80%
[('VI5+',), ('I2', 'II5'), ('I2', 'VI3', 'II4', 'IV3', 'I5'), ('VI4',), ('I2', 'I5'), ('VI3', 'I2', 'I3', 'IV3', 'II4', 'VI5+'), ('VI4',), ('I2', 'I5'), ('I2', 'I4', 'I5', 'VI3+', 'II3', 'V3'), ('I5',), ('I2', 'I5'), ('I2', 'VI3+', 'V3', 'I4', 'III3'), ('I5',), ('I2', 'II5'), ('I2', 'V3', 'II4+', 'VI4+', 'II5+'), ('IV5',), ('I2', 'V5'), ('I2', 'V3', 'II4', 'VI4+', 'VI5+'), ('I5',), ('I2', 'II5')] - [('VI3', 'I2', 'I3', 'IV3', 'I5', 'II4')] vs [('VI3', 'I2', 'I3', 'IV3', 'I5', 'II4')]
Iter= 24000, Average Loss= 0.063250, Average Accuracy= 99.10%
[('II5',), ('II2', 'III4'), ('II2', 'I4', 'III4', 'V3'), ('VI3', 'IV4', 'I4', 'III4'), ('II4', 'VI4+', 'V4', 'IV3', 'V2', 'VI5+'), ('I2', 'I3', 'I4', 'I5', 'III4', 'V4', 'V2'), ('IV2',), ('VI3', 'IV2', 'III4', 'I4'), ('I2',), ('I2', 'III4', 'VII4', 'V3'), ('IV2',), ('VI3', 'IV2', 'III4', 'I4'), ('I2',), ('I2', 'III4', 'VII4', 'V3'), ('IV2',), ('VI3', 'IV2', 'III4', 'I4', 'III5'), ('V5',), ('I2', 'IV5'), ('I2', 'V3', 'III4', 'VII4', 'III5'), ('VII5',)] - [('IV2', 'VI4')] vs [('IV2', 'VI4')]
Iter= 25000, Average Loss= 0.050845, Average Accuracy= 99.30%
[('I2',), ('I2', 'III4', 'VII4', 'V3'), ('IV2',), ('VI3', 'IV2', 'III4', 'I4'), ('I2',), ('I2', 'III4', 'VII4', 'V3'), ('IV2',), ('VI3', 'IV2', 'III4', 'I4', 'III5'), ('V5',), ('I2', 'IV5'), ('I2', 'V3', 'III4', 'VII4', 'III5'), ('VII5',), ('IV2', 'VI4'), ('VI3', 'IV2', 'III4', 'I4', 'VII5'), ('I5',), ('V4', 'I2'), ('V4',), ('V4', 'I2', 'III4', 'VII4', 'V3'), ('IV2', 'III4'), ('III4',)] - [('VI3', 'IV2', 'I4', 'III4')] vs [('VI3', 'IV2', 'I4', 'III4')]
Iter= 26000, Average Loss= 0.033961, Average Accuracy= 99.30%
[('I5',), ('I2', 'II5'), ('I2', 'V3', 'II4+', 'VI4+', 'II5+'), ('IV5',), ('I2', 'V5'), ('I2', 'V3', 'II4', 'VI4+', 'VI5+'), ('I5',), ('I2', 'II5'), ('VI3', 'I2', 'I3', 'IV3', 'I5', 'II4'), ('VI4',), ('I2', 'I5'), ('I2', 'I4', 'I5', 'VI3+', 'II3', 'V3'), ('I5',), ('I2', 'I5'), ('I2', 'VI3+', 'V3', 'I4', 'III3'), ('I5',), ('IV5', 'II2'), ('VI3', 'IV4', 'IV5', 'II4', 'II2'), ('IV5',), ('II2', 'II5+')] - [('II4+', 'II5+', 'I4', 'V4', 'II2', 'V3')] vs [('II4+', 'II5+', 'I4', 'V4', 'II2', 'V3')]
Iter= 27000, Average Loss= 0.066795, Average Accuracy= 99.00%
[('VII4', 'I5', 'V4', 'II2', 'III4', 'V3'), ('II5',), ('II2', 'III4'), ('II2', 'I4', 'III4', 'V3'), ('VI3', 'IV4', 'I4', 'III4'), ('II4', 'VI4+', 'V4', 'IV3', 'V2', 'VI5+'), ('I2', 'I3', 'I4', 'I5', 'III4', 'V4', 'V2'), ('IV2',), ('VI3', 'IV2', 'III4', 'I4'), ('I2',), ('I2', 'III4', 'VII4', 'V3'), ('IV2',), ('VI3', 'IV2', 'III4', 'I4'), ('I2',), ('I2', 'III4', 'VII4', 'V3'), ('IV2',), ('VI3', 'IV2', 'III4', 'I4', 'III5'), ('V5',), ('I2', 'IV5'), ('I2', 'V3', 'III4', 'VII4', 'III5')] - [('VII5',)] vs [('VII5',)]
Iter= 28000, Average Loss= 0.023048, Average Accuracy= 99.80%
[('I2', 'II5'), ('I2', 'VI3', 'II4', 'IV3', 'I5'), ('VI4',), ('I2', 'I5'), ('VI3', 'I2', 'I3', 'IV3', 'II4', 'VI5+'), ('VI4',), ('I2', 'I5'), ('I2', 'I4', 'I5', 'VI3+', 'II3', 'V3'), ('I5',), ('I2', 'I5'), ('I2', 'VI3+', 'V3', 'I4', 'III3'), ('I5',), ('I2', 'II5'), ('I2', 'V3', 'II4+', 'VI4+', 'II5+'), ('IV5',), ('I2', 'V5'), ('I2', 'V3', 'II4', 'VI4+', 'VI5+'), ('I5',), ('I2', 'II5'), ('VI3', 'I2', 'I3', 'IV3', 'I5', 'II4')] - [('VI4',)] vs [('VI4',)]
Iter= 29000, Average Loss= 0.023383, Average Accuracy= 99.50%
[('IV2', 'III4'), ('VI3', 'IV2', 'I4', 'III4', 'III5'), ('V5',), ('I2', 'IV5'), ('I2', 'V3', 'III4', 'VII4', 'III5'), ('VII5',), ('IV2', 'VI4'), ('VI3', 'IV2', 'III4', 'I4', 'VII5'), ('I5',), ('V4', 'I2'), ('V4',), ('V4', 'I2', 'III4', 'VII4', 'V3'), ('III2', 'VII5'), ('VII5',), ('III2', 'V3', 'III4', 'VII4', 'VII5'), ('VI1', 'III5'), ('III5',), ('VI3', 'VI1', 'III4', 'I4', 'III5'), ('II2', 'II4'), ('II4',)] - [('VI3', 'II2', 'II4', 'IV3')] vs [('VI3', 'II2', 'II4', 'IV3')]
Iter= 30000, Average Loss= 0.063030, Average Accuracy= 98.90%
[('V4', 'II2', 'II4', 'VII4', 'I5'), ('II5',), ('II2', 'VII5'), ('VII4', 'I5', 'V4', 'II2', 'III4', 'V3'), ('II5',), ('II2', 'III4'), ('II2', 'I4', 'III4', 'V3'), ('VI3', 'IV4', 'I4', 'III4'), ('II4', 'VI4+', 'V4', 'IV3', 'V2', 'VI5+'), ('I2', 'I3', 'I4', 'I5', 'III4', 'V4', 'V2'), ('IV2',), ('VI3', 'IV2', 'III4', 'I4'), ('I2',), ('I2', 'III4', 'VII4', 'V3'), ('IV2',), ('VI3', 'IV2', 'III4', 'I4'), ('I2',), ('I2', 'III4', 'VII4', 'V3'), ('IV2',), ('VI3', 'IV2', 'III4', 'I4', 'III5')] - [('V5',)] vs [('I2',)]
Iter= 31000, Average Loss= 0.007140, Average Accuracy= 99.20%
[('VI3', 'IV4', 'II2', 'II4', 'I4'), ('I2', 'II4'), ('I2', 'II3+', 'II4', 'I4', 'V3'), ('V4', 'V1'), ('II4', 'V3', 'V1', 'VI4+', 'VI4'), ('VI5+',), ('I2', 'II5'), ('I2', 'VI3', 'II4', 'IV3', 'I5'), ('VI4',), ('I2', 'I5'), ('VI3', 'I2', 'I3', 'IV3', 'II4', 'VI5+'), ('VI4',), ('I2', 'I5'), ('I2', 'I4', 'I5', 'VI3+', 'II3', 'V3'), ('I5',), ('I2', 'I5'), ('I2', 'VI3+', 'V3', 'I4', 'III3'), ('I5',), ('I2', 'II5'), ('I2', 'V3', 'II4+', 'VI4+', 'II5+')] - [('IV5',)] vs [('IV5',)]
Iter= 32000, Average Loss= 0.008769, Average Accuracy= 99.30%
[('II4',), ('VI3', 'IV4', 'II2', 'II4', 'I4'), ('I2', 'II4'), ('I2', 'II3+', 'II4', 'I4', 'V3'), ('V4', 'V1'), ('II4', 'V3', 'V1', 'VI4+', 'VI4'), ('VI5+',), ('I2', 'II5'), ('I2', 'VI3', 'II4', 'IV3', 'I5'), ('VI4',), ('I2', 'I5'), ('VI3', 'I2', 'I3', 'IV3', 'II4', 'VI5+'), ('VI4',), ('I2', 'I5'), ('I2', 'I4', 'I5', 'VI3+', 'II3', 'V3'), ('I5',), ('I2', 'I5'), ('I2', 'VI3+', 'V3', 'I4', 'III3'), ('I5',), ('I2', 'II5')] - [('I2', 'V3', 'II4+', 'VI4+', 'II5+')] vs [('I2', 'V3', 'II4+', 'VI4+', 'II5+')]
Iter= 33000, Average Loss= 0.006044, Average Accuracy= 99.50%
[('III2', 'VII5'), ('VII5',), ('III2', 'V3', 'III4', 'VII4', 'VII5'), ('VI1', 'III5'), ('III5',), ('VI3', 'VI1', 'III4', 'I4', 'III5'), ('II2', 'II4'), ('II4',), ('VI3', 'II2', 'II4', 'IV3'), ('II2', 'II4'), ('II4',), ('VI3', 'IV4', 'II2', 'II4', 'I4'), ('I2', 'II4'), ('I2', 'II3+', 'II4', 'I4', 'V3'), ('V4', 'V1'), ('II4', 'V3', 'V1', 'VI4+', 'VI4'), ('VI5+',), ('I2', 'II5'), ('I2', 'VI3', 'II4', 'IV3', 'I5'), ('VI4',)] - [('I2', 'I5')] vs [('I2', 'I5')]
Iter= 34000, Average Loss= 0.005775, Average Accuracy= 99.50%
[('II5',), ('II2', 'VII5'), ('VII4', 'I5', 'V4', 'II2', 'III4', 'V3'), ('II5',), ('II2', 'III4'), ('II2', 'I4', 'III4', 'V3'), ('VI3', 'IV4', 'I4', 'III4'), ('II4', 'VI4+', 'V4', 'IV3', 'V2', 'VI5+'), ('I2', 'I3', 'I4', 'I5', 'III4', 'V4', 'V2'), ('IV2',), ('VI3', 'IV2', 'III4', 'I4'), ('I2',), ('I2', 'III4', 'VII4', 'V3'), ('IV2',), ('VI3', 'IV2', 'III4', 'I4'), ('I2',), ('I2', 'III4', 'VII4', 'V3'), ('IV2',), ('VI3', 'IV2', 'III4', 'I4', 'III5'), ('V5',)] - [('I2', 'IV5')] vs [('I2', 'IV5')]
Iter= 35000, Average Loss= 0.004196, Average Accuracy= 99.80%
[('I2', 'IV5'), ('I2', 'V3', 'III4', 'VII4', 'III5'), ('VII5',), ('IV2', 'VI4'), ('VI3', 'IV2', 'III4', 'I4', 'VII5'), ('I5',), ('V4', 'I2'), ('V4',), ('V4', 'I2', 'III4', 'VII4', 'V3'), ('IV2', 'III4'), ('III4',), ('VI3', 'IV2', 'I4', 'III4'), ('I2', 'III4'), ('III4',), ('I2', 'VII4', 'III4', 'V3'), ('IV2', 'III4'), ('III4',), ('VI3', 'IV2', 'I4', 'III4'), ('I2', 'III4'), ('III4',)] - [('I2', 'VII4', 'III4', 'V3')] vs [('I2', 'VII4', 'III4', 'V3')]
Iter= 36000, Average Loss= 0.005183, Average Accuracy= 99.50%
[('V5',), ('I2', 'IV5'), ('I2', 'V3', 'III4', 'VII4', 'III5'), ('VII5',), ('IV2', 'VI4'), ('VI3', 'IV2', 'III4', 'I4', 'VII5'), ('I5',), ('V4', 'I2'), ('V4',), ('V4', 'I2', 'III4', 'VII4', 'V3'), ('IV2', 'III4'), ('III4',), ('VI3', 'IV2', 'I4', 'III4'), ('I2', 'III4'), ('III4',), ('I2', 'VII4', 'III4', 'V3'), ('IV2', 'III4'), ('III4',), ('VI3', 'IV2', 'I4', 'III4'), ('I2', 'III4')] - [('III4',)] vs [('III4',)]
Iter= 37000, Average Loss= 0.005534, Average Accuracy= 99.60%
[('VI3', 'IV2', 'III4', 'I4'), ('I2',), ('I2', 'III4', 'VII4', 'V3'), ('IV2',), ('VI3', 'IV2', 'III4', 'I4', 'III5'), ('V5',), ('I2', 'IV5'), ('I2', 'V3', 'III4', 'VII4', 'III5'), ('VII5',), ('IV2', 'VI4'), ('VI3', 'IV2', 'III4', 'I4', 'VII5'), ('I5',), ('V4', 'I2'), ('V4',), ('V4', 'I2', 'III4', 'VII4', 'V3'), ('IV2', 'III4'), ('III4',), ('VI3', 'IV2', 'I4', 'III4'), ('I2', 'III4'), ('III4',)] - [('I2', 'VII4', 'III4', 'V3')] vs [('I2', 'VII4', 'III4', 'V3')]
Iter= 38000, Average Loss= 0.006956, Average Accuracy= 99.60%
[('II2', 'II4'), ('II4',), ('VI3', 'II2', 'II4', 'IV3'), ('II2', 'II4'), ('II4',), ('VI3', 'IV4', 'II2', 'II4', 'I4'), ('I2', 'II4'), ('I2', 'II3+', 'II4', 'I4', 'V3'), ('V4', 'V1'), ('II4', 'V3', 'V1', 'VI4+', 'VI4'), ('VI5+',), ('I2', 'II5'), ('I2', 'VI3', 'II4', 'IV3', 'I5'), ('VI4',), ('I2', 'I5'), ('VI3', 'I2', 'I3', 'IV3', 'II4', 'VI5+'), ('VI4',), ('I2', 'I5'), ('I2', 'I4', 'I5', 'VI3+', 'II3', 'V3'), ('I5',)] - [('I2', 'I5')] vs [('I2', 'I5')]
Iter= 39000, Average Loss= 0.008283, Average Accuracy= 99.50%
[('I2', 'I5'), ('I2', 'I4', 'I5', 'VI3+', 'II3', 'V3'), ('I5',), ('I2', 'I5'), ('I2', 'VI3+', 'V3', 'I4', 'III3'), ('I5',), ('IV5', 'II2'), ('VI3', 'IV4', 'IV5', 'II4', 'II2'), ('IV5',), ('III2', 'III5'), ('III2', 'V3', 'III4', 'VII4', 'III5'), ('III5',), ('VI1', 'VI4'), ('V4', 'VI3', 'VI1', 'III4', 'I4'), ('VI4',), ('II2', 'VII5'), ('V4', 'II2', 'II4', 'VII4', 'I5'), ('II5',), ('II2', 'VII5'), ('VII4', 'I5', 'V4', 'II2', 'III4', 'V3')] - [('II5',)] vs [('II5',)]
Iter= 40000, Average Loss= 0.007678, Average Accuracy= 99.50%
[('II4',), ('VI3', 'IV4', 'II2', 'II4', 'I4'), ('I2', 'II4'), ('I2', 'II3+', 'II4', 'I4', 'V3'), ('V4', 'V1'), ('II4', 'V3', 'V1', 'VI4+', 'VI4'), ('VI5+',), ('I2', 'II5'), ('I2', 'VI3', 'II4', 'IV3', 'I5'), ('VI4',), ('I2', 'I5'), ('VI3', 'I2', 'I3', 'IV3', 'II4', 'VI5+'), ('VI4',), ('I2', 'I5'), ('I2', 'I4', 'I5', 'VI3+', 'II3', 'V3'), ('I5',), ('I2', 'I5'), ('I2', 'VI3+', 'V3', 'I4', 'III3'), ('I5',), ('I2', 'II5')] - [('I2', 'V3', 'II4+', 'VI4+', 'II5+')] vs [('I2', 'V3', 'II4+', 'VI4+', 'II5+')]
Iter= 41000, Average Loss= 0.003625, Average Accuracy= 99.70%
[('II4', 'VI4+', 'V4', 'IV3', 'V2', 'VI5+'), ('I2', 'I3', 'I4', 'I5', 'III4', 'V4', 'V2'), ('IV2',), ('VI3', 'IV2', 'III4', 'I4'), ('I2',), ('I2', 'III4', 'VII4', 'V3'), ('IV2',), ('VI3', 'IV2', 'III4', 'I4'), ('I2',), ('I2', 'III4', 'VII4', 'V3'), ('IV2',), ('VI3', 'IV2', 'III4', 'I4', 'III5'), ('V5',), ('I2', 'IV5'), ('I2', 'V3', 'III4', 'VII4', 'III5'), ('VII5',), ('IV2', 'VI4'), ('VI3', 'IV2', 'III4', 'I4', 'VII5'), ('I5',), ('V4', 'I2')] - [('V4',)] vs [('V4',)]
Iter= 42000, Average Loss= 0.003328, Average Accuracy= 99.90%
[('V4', 'V1'), ('II4', 'V3', 'V1', 'VI4+', 'VI4'), ('VI5+',), ('I2', 'II5'), ('I2', 'VI3', 'II4', 'IV3', 'I5'), ('VI4',), ('I2', 'I5'), ('VI3', 'I2', 'I3', 'IV3', 'II4', 'VI5+'), ('VI4',), ('I2', 'I5'), ('I2', 'I4', 'I5', 'VI3+', 'II3', 'V3'), ('I5',), ('I2', 'I5'), ('I2', 'VI3+', 'V3', 'I4', 'III3'), ('I5',), ('I2', 'II5'), ('I2', 'V3', 'II4+', 'VI4+', 'II5+'), ('IV5',), ('I2', 'V5'), ('I2', 'V3', 'II4', 'VI4+', 'VI5+')] - [('I5',)] vs [('I5',)]
Iter= 43000, Average Loss= 0.005301, Average Accuracy= 99.70%
[('III2', 'V3', 'III4', 'VII4', 'VII5'), ('VI1', 'III5'), ('III5',), ('VI3', 'VI1', 'III4', 'I4', 'III5'), ('II2', 'II4'), ('II4',), ('VI3', 'II2', 'II4', 'IV3'), ('II2', 'II4'), ('II4',), ('VI3', 'IV4', 'II2', 'II4', 'I4'), ('I2', 'II4'), ('I2', 'II3+', 'II4', 'I4', 'V3'), ('V4', 'V1'), ('II4', 'V3', 'V1', 'VI4+', 'VI4'), ('VI5+',), ('I2', 'II5'), ('I2', 'VI3', 'II4', 'IV3', 'I5'), ('VI4',), ('I2', 'I5'), ('VI3', 'I2', 'I3', 'IV3', 'II4', 'VI5+')] - [('VI4',)] vs [('VI4',)]
Iter= 44000, Average Loss= 0.029310, Average Accuracy= 99.20%
[('I2', 'V3', 'III4', 'VII4', 'III5'), ('VII5',), ('IV2', 'VI4'), ('VI3', 'IV2', 'III4', 'I4', 'VII5'), ('I5',), ('V4', 'I2'), ('V4',), ('V4', 'I2', 'III4', 'VII4', 'V3'), ('III2', 'VII5'), ('VII5',), ('III2', 'V3', 'III4', 'VII4', 'VII5'), ('VI1', 'III5'), ('III5',), ('VI3', 'VI1', 'III4', 'I4', 'III5'), ('II2', 'II4'), ('II4',), ('VI3', 'II2', 'II4', 'IV3'), ('II2', 'II4'), ('II4',), ('VI3', 'IV4', 'II2', 'II4', 'I4')] - [('I2', 'II4')] vs [('I2', 'II4')]
Iter= 45000, Average Loss= 0.005179, Average Accuracy= 99.70%
[('I2', 'VII4', 'III4', 'V3'), ('IV2', 'III4'), ('VI3', 'IV2', 'I4', 'III4', 'III5'), ('V5',), ('I2', 'IV5'), ('I2', 'V3', 'III4', 'VII4', 'III5'), ('VII5',), ('IV2', 'VI4'), ('VI3', 'IV2', 'III4', 'I4', 'VII5'), ('I5',), ('V4', 'I2'), ('V4',), ('V4', 'I2', 'III4', 'VII4', 'V3'), ('III2', 'VII5'), ('VII5',), ('III2', 'V3', 'III4', 'VII4', 'VII5'), ('VI1', 'III5'), ('III5',), ('VI3', 'VI1', 'III4', 'I4', 'III5'), ('II2', 'II4')] - [('II4',)] vs [('II4',)]
Iter= 46000, Average Loss= 0.006514, Average Accuracy= 99.60%
[('I5',), ('I2', 'I5'), ('I2', 'VI3+', 'V3', 'I4', 'III3'), ('I5',), ('IV5', 'II2'), ('VI3', 'IV4', 'IV5', 'II4', 'II2'), ('IV5',), ('II2', 'II5+'), ('II4+', 'II5+', 'I4', 'V4', 'II2', 'V3'), ('II5+',), ('II2', 'VI4'), ('V3', 'II2', 'II4+', 'VI4+', 'VI5+'), ('II5+',), ('II2', 'II5'), ('V4', 'II2', 'II4', 'VI4+', 'I5'), ('VI5+',), ('II2', 'II5'), ('II4+', 'I5', 'V4', 'II2', 'VI4+', 'V3'), ('VI5+',), ('II2', 'II4+')] - [('II2', 'I4', 'II4+', 'V3')] vs [('II2', 'I4', 'II4+', 'V3')]
Iter= 47000, Average Loss= 0.004150, Average Accuracy= 99.80%
[('IV2',), ('VI3', 'IV2', 'III4', 'I4', 'III5'), ('V5',), ('I2', 'IV5'), ('I2', 'V3', 'III4', 'VII4', 'III5'), ('VII5',), ('IV2', 'VI4'), ('VI3', 'IV2', 'III4', 'I4', 'VII5'), ('I5',), ('V4', 'I2'), ('V4',), ('V4', 'I2', 'III4', 'VII4', 'V3'), ('IV2', 'III4'), ('III4',), ('VI3', 'IV2', 'I4', 'III4'), ('I2', 'III4'), ('III4',), ('I2', 'VII4', 'III4', 'V3'), ('IV2', 'III4'), ('III4',)] - [('VI3', 'IV2', 'I4', 'III4')] vs [('VI3', 'IV2', 'I4', 'III4')]
Iter= 48000, Average Loss= 0.008611, Average Accuracy= 99.50%
[('I2', 'VI3', 'II4', 'IV3', 'I5'), ('VI4',), ('I2', 'I5'), ('VI3', 'I2', 'I3', 'IV3', 'II4', 'VI5+'), ('VI4',), ('I2', 'I5'), ('I2', 'I4', 'I5', 'VI3+', 'II3', 'V3'), ('I5',), ('I2', 'I5'), ('I2', 'VI3+', 'V3', 'I4', 'III3'), ('I5',), ('I2', 'II5'), ('I2', 'V3', 'II4+', 'VI4+', 'II5+'), ('IV5',), ('I2', 'V5'), ('I2', 'V3', 'II4', 'VI4+', 'VI5+'), ('I5',), ('I2', 'II5'), ('VI3', 'I2', 'I3', 'IV3', 'I5', 'II4'), ('VI4',)] - [('I2', 'I5')] vs [('I2', 'I5')]
Iter= 49000, Average Loss= 0.002347, Average Accuracy= 99.90%
[('I2', 'III4'), ('III4',), ('I2', 'VII4', 'III4', 'V3'), ('IV2', 'III4'), ('VI3', 'IV2', 'I4', 'III4', 'III5'), ('V5',), ('I2', 'IV5'), ('I2', 'V3', 'III4', 'VII4', 'III5'), ('VII5',), ('IV2', 'VI4'), ('VI3', 'IV2', 'III4', 'I4', 'VII5'), ('I5',), ('V4', 'I2'), ('V4',), ('V4', 'I2', 'III4', 'VII4', 'V3'), ('III2', 'VII5'), ('VII5',), ('III2', 'V3', 'III4', 'VII4', 'VII5'), ('VI1', 'III5'), ('III5',)] - [('VI3', 'VI1', 'III4', 'I4', 'III5')] vs [('VI3', 'VI1', 'III4', 'I4', 'III5')]
Iter= 50000, Average Loss= 0.005614, Average Accuracy= 99.80%
[('VI3', 'I2', 'I3', 'IV3', 'II4', 'VI5+'), ('VI4',), ('I2', 'I5'), ('I2', 'I4', 'I5', 'VI3+', 'II3', 'V3'), ('I5',), ('I2', 'I5'), ('I2', 'VI3+', 'V3', 'I4', 'III3'), ('I5',), ('I2', 'II5'), ('I2', 'V3', 'II4+', 'VI4+', 'II5+'), ('IV5',), ('I2', 'V5'), ('I2', 'V3', 'II4', 'VI4+', 'VI5+'), ('I5',), ('I2', 'II5'), ('VI3', 'I2', 'I3', 'IV3', 'I5', 'II4'), ('VI4',), ('I2', 'I5'), ('I2', 'I4', 'I5', 'VI3+', 'II3', 'V3'), ('I5',)] - [('I2', 'I5')] vs [('I2', 'I5')]
Iter= 51000, Average Loss= 0.013286, Average Accuracy= 99.40%
[('I2', 'I4', 'I5', 'VI3+', 'II3', 'V3'), ('I5',), ('I2', 'I5'), ('I2', 'VI3+', 'V3', 'I4', 'III3'), ('I5',), ('I2', 'II5'), ('I2', 'V3', 'II4+', 'VI4+', 'II5+'), ('IV5',), ('I2', 'V5'), ('I2', 'V3', 'II4', 'VI4+', 'VI5+'), ('I5',), ('I2', 'II5'), ('VI3', 'I2', 'I3', 'IV3', 'I5', 'II4'), ('VI4',), ('I2', 'I5'), ('I2', 'I4', 'I5', 'VI3+', 'II3', 'V3'), ('I5',), ('I2', 'I5'), ('I2', 'VI3+', 'V3', 'I4', 'III3'), ('I5',)] - [('IV5', 'II2')] vs [('IV5', 'II2')]
Iter= 52000, Average Loss= 0.008605, Average Accuracy= 99.60%
[('VII5',), ('IV2', 'VI4'), ('VI3', 'IV2', 'III4', 'I4', 'VII5'), ('I5',), ('V4', 'I2'), ('V4',), ('V4', 'I2', 'III4', 'VII4', 'V3'), ('III2', 'VII5'), ('VII5',), ('III2', 'V3', 'III4', 'VII4', 'VII5'), ('VI1', 'III5'), ('III5',), ('VI3', 'VI1', 'III4', 'I4', 'III5'), ('II2', 'II4'), ('II4',), ('VI3', 'II2', 'II4', 'IV3'), ('II2', 'II4'), ('II4',), ('VI3', 'IV4', 'II2', 'II4', 'I4'), ('I2', 'II4')] - [('I2', 'II3+', 'II4', 'I4', 'V3')] vs [('I2', 'II3+', 'II4', 'I4', 'V3')]
Iter= 53000, Average Loss= 0.021783, Average Accuracy= 99.50%
[('VI3', 'IV2', 'I4', 'III4'), ('I2', 'III4'), ('III4',), ('I2', 'VII4', 'III4', 'V3'), ('IV2', 'III4'), ('VI3', 'IV2', 'I4', 'III4', 'III5'), ('V5',), ('I2', 'IV5'), ('I2', 'V3', 'III4', 'VII4', 'III5'), ('VII5',), ('IV2', 'VI4'), ('VI3', 'IV2', 'III4', 'I4', 'VII5'), ('I5',), ('V4', 'I2'), ('V4',), ('V4', 'I2', 'III4', 'VII4', 'V3'), ('III2', 'VII5'), ('VII5',), ('III2', 'V3', 'III4', 'VII4', 'VII5'), ('VI1', 'III5')] - [('III5',)] vs [('III5',)]
Iter= 54000, Average Loss= 0.008731, Average Accuracy= 99.60%
[('V4',), ('V4', 'I2', 'III4', 'VII4', 'V3'), ('IV2', 'III4'), ('III4',), ('VI3', 'IV2', 'I4', 'III4'), ('I2', 'III4'), ('III4',), ('I2', 'VII4', 'III4', 'V3'), ('IV2', 'III4'), ('III4',), ('VI3', 'IV2', 'I4', 'III4'), ('I2', 'III4'), ('III4',), ('I2', 'VII4', 'III4', 'V3'), ('IV2', 'III4'), ('VI3', 'IV2', 'I4', 'III4', 'III5'), ('V5',), ('I2', 'IV5'), ('I2', 'V3', 'III4', 'VII4', 'III5'), ('VII5',)] - [('IV2', 'VI4')] vs [('IV2', 'VI4')]
Iter= 55000, Average Loss= 0.008226, Average Accuracy= 99.80%
[('VI3', 'IV2', 'I4', 'III4'), ('I2', 'III4'), ('III4',), ('I2', 'VII4', 'III4', 'V3'), ('IV2', 'III4'), ('VI3', 'IV2', 'I4', 'III4', 'III5'), ('V5',), ('I2', 'IV5'), ('I2', 'V3', 'III4', 'VII4', 'III5'), ('VII5',), ('IV2', 'VI4'), ('VI3', 'IV2', 'III4', 'I4', 'VII5'), ('I5',), ('V4', 'I2'), ('V4',), ('V4', 'I2', 'III4', 'VII4', 'V3'), ('III2', 'VII5'), ('VII5',), ('III2', 'V3', 'III4', 'VII4', 'VII5'), ('VI1', 'III5')] - [('III5',)] vs [('III5',)]
Iter= 56000, Average Loss= 0.030963, Average Accuracy= 99.70%
[('III4',), ('I2', 'VII4', 'III4', 'V3'), ('IV2', 'III4'), ('VI3', 'IV2', 'I4', 'III4', 'III5'), ('V5',), ('I2', 'IV5'), ('I2', 'V3', 'III4', 'VII4', 'III5'), ('VII5',), ('IV2', 'VI4'), ('VI3', 'IV2', 'III4', 'I4', 'VII5'), ('I5',), ('V4', 'I2'), ('V4',), ('V4', 'I2', 'III4', 'VII4', 'V3'), ('III2', 'VII5'), ('VII5',), ('III2', 'V3', 'III4', 'VII4', 'VII5'), ('VI1', 'III5'), ('III5',), ('VI3', 'VI1', 'III4', 'I4', 'III5')] - [('II2', 'II4')] vs [('II2', 'II4')]
Iter= 57000, Average Loss= 0.153674, Average Accuracy= 98.50%
[('I2', 'VII4', 'III4', 'V3'), ('IV2', 'III4'), ('VI3', 'IV2', 'I4', 'III4', 'III5'), ('V5',), ('I2', 'IV5'), ('I2', 'V3', 'III4', 'VII4', 'III5'), ('VII5',), ('IV2', 'VI4'), ('VI3', 'IV2', 'III4', 'I4', 'VII5'), ('I5',), ('V4', 'I2'), ('V4',), ('V4', 'I2', 'III4', 'VII4', 'V3'), ('III2', 'VII5'), ('VII5',), ('III2', 'V3', 'III4', 'VII4', 'VII5'), ('VI1', 'III5'), ('III5',), ('VI3', 'VI1', 'III4', 'I4', 'III5'), ('II2', 'II4')] - [('II4',)] vs [('II4',)]
Iter= 58000, Average Loss= 0.024648, Average Accuracy= 99.40%
[('I2', 'III4'), ('III4',), ('I2', 'VII4', 'III4', 'V3'), ('IV2', 'III4'), ('III4',), ('VI3', 'IV2', 'I4', 'III4'), ('I2', 'III4'), ('III4',), ('I2', 'VII4', 'III4', 'V3'), ('IV2', 'III4'), ('VI3', 'IV2', 'I4', 'III4', 'III5'), ('V5',), ('I2', 'IV5'), ('I2', 'V3', 'III4', 'VII4', 'III5'), ('VII5',), ('IV2', 'VI4'), ('VI3', 'IV2', 'III4', 'I4', 'VII5'), ('I5',), ('V4', 'I2'), ('V4',)] - [('V4', 'I2', 'III4', 'VII4', 'V3')] vs [('V4', 'I2', 'III4', 'VII4', 'V3')]
Iter= 59000, Average Loss= 0.009924, Average Accuracy= 99.40%
[('I5',), ('V4', 'I2'), ('V4',), ('V4', 'I2', 'III4', 'VII4', 'V3'), ('IV2', 'III4'), ('III4',), ('VI3', 'IV2', 'I4', 'III4'), ('I2', 'III4'), ('III4',), ('I2', 'VII4', 'III4', 'V3'), ('IV2', 'III4'), ('III4',), ('VI3', 'IV2', 'I4', 'III4'), ('I2', 'III4'), ('III4',), ('I2', 'VII4', 'III4', 'V3'), ('IV2', 'III4'), ('VI3', 'IV2', 'I4', 'III4', 'III5'), ('V5',), ('I2', 'IV5')] - [('I2', 'V3', 'III4', 'VII4', 'III5')] vs [('I2', 'V3', 'III4', 'VII4', 'III5')]
Iter= 60000, Average Loss= 0.005877, Average Accuracy= 99.60%
[('I2', 'III4'), ('III4',), ('I2', 'VII4', 'III4', 'V3'), ('IV2', 'III4'), ('III4',), ('VI3', 'IV2', 'I4', 'III4'), ('I2', 'III4'), ('III4',), ('I2', 'VII4', 'III4', 'V3'), ('IV2', 'III4'), ('VI3', 'IV2', 'I4', 'III4', 'III5'), ('V5',), ('I2', 'IV5'), ('I2', 'V3', 'III4', 'VII4', 'III5'), ('VII5',), ('IV2', 'VI4'), ('VI3', 'IV2', 'III4', 'I4', 'VII5'), ('I5',), ('V4', 'I2'), ('V4',)] - [('V4', 'I2', 'III4', 'VII4', 'V3')] vs [('V4', 'I2', 'III4', 'VII4', 'V3')]
Iter= 61000, Average Loss= 0.028192, Average Accuracy= 99.20%
[('III2', 'V3', 'III4', 'VII4', 'III5'), ('III5',), ('VI1', 'VI4'), ('V4', 'VI3', 'VI1', 'III4', 'I4'), ('VI4',), ('II2', 'VII5'), ('V4', 'II2', 'II4', 'VII4', 'I5'), ('II5',), ('II2', 'VII5'), ('VII4', 'I5', 'V4', 'II2', 'III4', 'V3'), ('II5',), ('II2', 'III4'), ('II2', 'I4', 'III4', 'V3'), ('VI3', 'IV4', 'I4', 'III4'), ('II4', 'VI4+', 'V4', 'IV3', 'V2', 'VI5+'), ('I2', 'I3', 'I4', 'I5', 'III4', 'V4', 'V2'), ('IV2',), ('VI3', 'IV2', 'III4', 'I4'), ('I2',), ('I2', 'III4', 'VII4', 'V3')] - [('IV2',)] vs [('IV2',)]
Iter= 62000, Average Loss= 0.014377, Average Accuracy= 99.80%
[('IV2',), ('VI3', 'IV2', 'III4', 'I4'), ('I2',), ('I2', 'III4', 'VII4', 'V3'), ('IV2',), ('VI3', 'IV2', 'III4', 'I4', 'III5'), ('V5',), ('I2', 'IV5'), ('I2', 'V3', 'III4', 'VII4', 'III5'), ('VII5',), ('IV2', 'VI4'), ('VI3', 'IV2', 'III4', 'I4', 'VII5'), ('I5',), ('V4', 'I2'), ('V4',), ('V4', 'I2', 'III4', 'VII4', 'V3'), ('IV2', 'III4'), ('III4',), ('VI3', 'IV2', 'I4', 'III4'), ('I2', 'III4')] - [('III4',)] vs [('III4',)]
Iter= 63000, Average Loss= 0.033265, Average Accuracy= 99.60%
[('V5',), ('I2', 'IV5'), ('I2', 'V3', 'III4', 'VII4', 'III5'), ('VII5',), ('IV2', 'VI4'), ('VI3', 'IV2', 'III4', 'I4', 'VII5'), ('I5',), ('V4', 'I2'), ('V4',), ('V4', 'I2', 'III4', 'VII4', 'V3'), ('III2', 'VII5'), ('VII5',), ('III2', 'V3', 'III4', 'VII4', 'VII5'), ('VI1', 'III5'), ('III5',), ('VI3', 'VI1', 'III4', 'I4', 'III5'), ('II2', 'II4'), ('II4',), ('VI3', 'II2', 'II4', 'IV3'), ('II2', 'II4')] - [('II4',)] vs [('II4',)]
Iter= 64000, Average Loss= 0.016000, Average Accuracy= 99.40%
[('I2', 'I5'), ('VI3', 'I2', 'I3', 'IV3', 'II4', 'VI5+'), ('VI4',), ('I2', 'I5'), ('I2', 'I4', 'I5', 'VI3+', 'II3', 'V3'), ('I5',), ('I2', 'I5'), ('I2', 'VI3+', 'V3', 'I4', 'III3'), ('I5',), ('I2', 'II5'), ('I2', 'V3', 'II4+', 'VI4+', 'II5+'), ('IV5',), ('I2', 'V5'), ('I2', 'V3', 'II4', 'VI4+', 'VI5+'), ('I5',), ('I2', 'II5'), ('VI3', 'I2', 'I3', 'IV3', 'I5', 'II4'), ('VI4',), ('I2', 'I5'), ('I2', 'I4', 'I5', 'VI3+', 'II3', 'V3')] - [('I5',)] vs [('I5',)]
Iter= 65000, Average Loss= 0.023502, Average Accuracy= 99.50%
[('I2', 'V3', 'II4+', 'VI4+', 'II5+'), ('IV5',), ('I2', 'V5'), ('I2', 'V3', 'II4', 'VI4+', 'VI5+'), ('I5',), ('I2', 'II5'), ('VI3', 'I2', 'I3', 'IV3', 'I5', 'II4'), ('VI4',), ('I2', 'I5'), ('I2', 'I4', 'I5', 'VI3+', 'II3', 'V3'), ('I5',), ('I2', 'I5'), ('I2', 'VI3+', 'V3', 'I4', 'III3'), ('I5',), ('IV5', 'II2'), ('VI3', 'IV4', 'IV5', 'II4', 'II2'), ('IV5',), ('III2', 'III5'), ('III2', 'V3', 'III4', 'VII4', 'III5'), ('III5',)] - [('VI1', 'VI4')] vs [('VI1', 'VI4')]
Iter= 66000, Average Loss= 0.051129, Average Accuracy= 99.20%
[('IV2',), ('VI3', 'IV2', 'III4', 'I4', 'III5'), ('V5',), ('I2', 'IV5'), ('I2', 'V3', 'III4', 'VII4', 'III5'), ('VII5',), ('IV2', 'VI4'), ('VI3', 'IV2', 'III4', 'I4', 'VII5'), ('I5',), ('V4', 'I2'), ('V4',), ('V4', 'I2', 'III4', 'VII4', 'V3'), ('IV2', 'III4'), ('III4',), ('VI3', 'IV2', 'I4', 'III4'), ('I2', 'III4'), ('III4',), ('I2', 'VII4', 'III4', 'V3'), ('IV2', 'III4'), ('III4',)] - [('VI3', 'IV2', 'I4', 'III4')] vs [('VI3', 'IV2', 'I4', 'III4')]
Iter= 67000, Average Loss= 0.047163, Average Accuracy= 98.70%
[('IV2', 'VI4'), ('VI3', 'IV2', 'III4', 'I4', 'VII5'), ('I5',), ('V4', 'I2'), ('V4',), ('V4', 'I2', 'III4', 'VII4', 'V3'), ('IV2', 'III4'), ('III4',), ('VI3', 'IV2', 'I4', 'III4'), ('I2', 'III4'), ('III4',), ('I2', 'VII4', 'III4', 'V3'), ('IV2', 'III4'), ('III4',), ('VI3', 'IV2', 'I4', 'III4'), ('I2', 'III4'), ('III4',), ('I2', 'VII4', 'III4', 'V3'), ('IV2', 'III4'), ('VI3', 'IV2', 'I4', 'III4', 'III5')] - [('V5',)] vs [('V5',)]
Iter= 68000, Average Loss= 0.131853, Average Accuracy= 98.60%
[('I2', 'V3', 'III4', 'VII4', 'III5'), ('VII5',), ('IV2', 'VI4'), ('VI3', 'IV2', 'III4', 'I4', 'VII5'), ('I5',), ('V4', 'I2'), ('V4',), ('V4', 'I2', 'III4', 'VII4', 'V3'), ('III2', 'VII5'), ('VII5',), ('III2', 'V3', 'III4', 'VII4', 'VII5'), ('VI1', 'III5'), ('III5',), ('VI3', 'VI1', 'III4', 'I4', 'III5'), ('II2', 'II4'), ('II4',), ('VI3', 'II2', 'II4', 'IV3'), ('II2', 'II4'), ('II4',), ('VI3', 'IV4', 'II2', 'II4', 'I4')] - [('I2', 'II4')] vs [('I2', 'II4')]
Iter= 69000, Average Loss= 0.049703, Average Accuracy= 99.50%
[('II4',), ('VI3', 'IV4', 'II2', 'II4', 'I4'), ('I2', 'II4'), ('I2', 'II3+', 'II4', 'I4', 'V3'), ('V4', 'V1'), ('II4', 'V3', 'V1', 'VI4+', 'VI4'), ('VI5+',), ('I2', 'II5'), ('I2', 'VI3', 'II4', 'IV3', 'I5'), ('VI4',), ('I2', 'I5'), ('VI3', 'I2', 'I3', 'IV3', 'II4', 'VI5+'), ('VI4',), ('I2', 'I5'), ('I2', 'I4', 'I5', 'VI3+', 'II3', 'V3'), ('I5',), ('I2', 'I5'), ('I2', 'VI3+', 'V3', 'I4', 'III3'), ('I5',), ('I2', 'II5')] - [('I2', 'V3', 'II4+', 'VI4+', 'II5+')] vs [('I2', 'V3', 'II4+', 'VI4+', 'II5+')]
Iter= 70000, Average Loss= 0.011842, Average Accuracy= 99.80%
[('V4', 'V1'), ('II4', 'V3', 'V1', 'VI4+', 'VI4'), ('VI5+',), ('I2', 'II5'), ('I2', 'VI3', 'II4', 'IV3', 'I5'), ('VI4',), ('I2', 'I5'), ('VI3', 'I2', 'I3', 'IV3', 'II4', 'VI5+'), ('VI4',), ('I2', 'I5'), ('I2', 'I4', 'I5', 'VI3+', 'II3', 'V3'), ('I5',), ('I2', 'I5'), ('I2', 'VI3+', 'V3', 'I4', 'III3'), ('I5',), ('I2', 'II5'), ('I2', 'V3', 'II4+', 'VI4+', 'II5+'), ('IV5',), ('I2', 'V5'), ('I2', 'V3', 'II4', 'VI4+', 'VI5+')] - [('I5',)] vs [('I5',)]
Iter= 71000, Average Loss= 0.018217, Average Accuracy= 99.40%
[('IV5',), ('III2', 'III5'), ('III2', 'V3', 'III4', 'VII4', 'III5'), ('III5',), ('VI1', 'VI4'), ('V4', 'VI3', 'VI1', 'III4', 'I4'), ('VI4',), ('II2', 'VII5'), ('V4', 'II2', 'II4', 'VII4', 'I5'), ('II5',), ('II2', 'VII5'), ('VII4', 'I5', 'V4', 'II2', 'III4', 'V3'), ('II5',), ('II2', 'III4'), ('II2', 'I4', 'III4', 'V3'), ('VI3', 'IV4', 'I4', 'III4'), ('II4', 'VI4+', 'V4', 'IV3', 'V2', 'VI5+'), ('I2', 'I3', 'I4', 'I5', 'III4', 'V4', 'V2'), ('IV2',), ('VI3', 'IV2', 'III4', 'I4')] - [('I2',)] vs [('I2',)]
Iter= 72000, Average Loss= 0.016432, Average Accuracy= 99.40%
[('VI4',), ('I2', 'I5'), ('I2', 'I4', 'I5', 'VI3+', 'II3', 'V3'), ('I5',), ('I2', 'I5'), ('I2', 'VI3+', 'V3', 'I4', 'III3'), ('I5',), ('IV5', 'II2'), ('VI3', 'IV4', 'IV5', 'II4', 'II2'), ('IV5',), ('II2', 'II5+'), ('II4+', 'II5+', 'I4', 'V4', 'II2', 'V3'), ('II5+',), ('II2', 'VI4'), ('V3', 'II2', 'II4+', 'VI4+', 'VI5+'), ('II5+',), ('II2', 'II5'), ('V4', 'II2', 'II4', 'VI4+', 'I5'), ('VI5+',), ('II2', 'II5')] - [('II4+', 'I5', 'V4', 'II2', 'VI4+', 'V3')] vs [('II4+', 'I5', 'V4', 'II2', 'VI4+', 'V3')]
Iter= 73000, Average Loss= 0.009737, Average Accuracy= 99.60%
[('I2', 'VI3', 'II4', 'IV3', 'I5'), ('VI4',), ('I2', 'I5'), ('VI3', 'I2', 'I3', 'IV3', 'II4', 'VI5+'), ('VI4',), ('I2', 'I5'), ('I2', 'I4', 'I5', 'VI3+', 'II3', 'V3'), ('I5',), ('I2', 'I5'), ('I2', 'VI3+', 'V3', 'I4', 'III3'), ('I5',), ('I2', 'II5'), ('I2', 'V3', 'II4+', 'VI4+', 'II5+'), ('IV5',), ('I2', 'V5'), ('I2', 'V3', 'II4', 'VI4+', 'VI5+'), ('I5',), ('I2', 'II5'), ('VI3', 'I2', 'I3', 'IV3', 'I5', 'II4'), ('VI4',)] - [('I2', 'I5')] vs [('I2', 'I5')]
Iter= 74000, Average Loss= 0.008808, Average Accuracy= 99.40%
[('VI3', 'IV2', 'III4', 'I4'), ('I2',), ('I2', 'III4', 'VII4', 'V3'), ('IV2',), ('VI3', 'IV2', 'III4', 'I4'), ('I2',), ('I2', 'III4', 'VII4', 'V3'), ('IV2',), ('VI3', 'IV2', 'III4', 'I4', 'III5'), ('V5',), ('I2', 'IV5'), ('I2', 'V3', 'III4', 'VII4', 'III5'), ('VII5',), ('IV2', 'VI4'), ('VI3', 'IV2', 'III4', 'I4', 'VII5'), ('I5',), ('V4', 'I2'), ('V4',), ('V4', 'I2', 'III4', 'VII4', 'V3'), ('IV2', 'III4')] - [('III4',)] vs [('III4',)]
Iter= 75000, Average Loss= 0.006080, Average Accuracy= 99.60%
[('I2', 'II4'), ('I2', 'II3+', 'II4', 'I4', 'V3'), ('V4', 'V1'), ('II4', 'V3', 'V1', 'VI4+', 'VI4'), ('VI5+',), ('I2', 'II5'), ('I2', 'VI3', 'II4', 'IV3', 'I5'), ('VI4',), ('I2', 'I5'), ('VI3', 'I2', 'I3', 'IV3', 'II4', 'VI5+'), ('VI4',), ('I2', 'I5'), ('I2', 'I4', 'I5', 'VI3+', 'II3', 'V3'), ('I5',), ('I2', 'I5'), ('I2', 'VI3+', 'V3', 'I4', 'III3'), ('I5',), ('I2', 'II5'), ('I2', 'V3', 'II4+', 'VI4+', 'II5+'), ('IV5',)] - [('I2', 'V5')] vs [('I2', 'V5')]
Iter= 76000, Average Loss= 0.007798, Average Accuracy= 99.30%
[('I5',), ('V4', 'I2'), ('V4',), ('V4', 'I2', 'III4', 'VII4', 'V3'), ('IV2', 'III4'), ('III4',), ('VI3', 'IV2', 'I4', 'III4'), ('I2', 'III4'), ('III4',), ('I2', 'VII4', 'III4', 'V3'), ('IV2', 'III4'), ('III4',), ('VI3', 'IV2', 'I4', 'III4'), ('I2', 'III4'), ('III4',), ('I2', 'VII4', 'III4', 'V3'), ('IV2', 'III4'), ('VI3', 'IV2', 'I4', 'III4', 'III5'), ('V5',), ('I2', 'IV5')] - [('I2', 'V3', 'III4', 'VII4', 'III5')] vs [('I2', 'V3', 'III4', 'VII4', 'III5')]
Iter= 77000, Average Loss= 0.031891, Average Accuracy= 99.20%
[('VII5',), ('IV2', 'VI4'), ('VI3', 'IV2', 'III4', 'I4', 'VII5'), ('I5',), ('V4', 'I2'), ('V4',), ('V4', 'I2', 'III4', 'VII4', 'V3'), ('III2', 'VII5'), ('VII5',), ('III2', 'V3', 'III4', 'VII4', 'VII5'), ('VI1', 'III5'), ('III5',), ('VI3', 'VI1', 'III4', 'I4', 'III5'), ('II2', 'II4'), ('II4',), ('VI3', 'II2', 'II4', 'IV3'), ('II2', 'II4'), ('II4',), ('VI3', 'IV4', 'II2', 'II4', 'I4'), ('I2', 'II4')] - [('I2', 'II3+', 'II4', 'I4', 'V3')] vs [('I2', 'II3+', 'II4', 'I4', 'V3')]
Iter= 78000, Average Loss= 0.010560, Average Accuracy= 99.30%
[('VI3', 'I2', 'I3', 'IV3', 'II4', 'VI5+'), ('VI4',), ('I2', 'I5'), ('I2', 'I4', 'I5', 'VI3+', 'II3', 'V3'), ('I5',), ('I2', 'I5'), ('I2', 'VI3+', 'V3', 'I4', 'III3'), ('I5',), ('I2', 'II5'), ('I2', 'V3', 'II4+', 'VI4+', 'II5+'), ('IV5',), ('I2', 'V5'), ('I2', 'V3', 'II4', 'VI4+', 'VI5+'), ('I5',), ('I2', 'II5'), ('VI3', 'I2', 'I3', 'IV3', 'I5', 'II4'), ('VI4',), ('I2', 'I5'), ('I2', 'I4', 'I5', 'VI3+', 'II3', 'V3'), ('I5',)] - [('I2', 'I5')] vs [('I2', 'I5')]
Iter= 79000, Average Loss= 0.005180, Average Accuracy= 99.70%
[('III4',), ('I2', 'VII4', 'III4', 'V3'), ('IV2', 'III4'), ('III4',), ('VI3', 'IV2', 'I4', 'III4'), ('I2', 'III4'), ('III4',), ('I2', 'VII4', 'III4', 'V3'), ('IV2', 'III4'), ('VI3', 'IV2', 'I4', 'III4', 'III5'), ('V5',), ('I2', 'IV5'), ('I2', 'V3', 'III4', 'VII4', 'III5'), ('VII5',), ('IV2', 'VI4'), ('VI3', 'IV2', 'III4', 'I4', 'VII5'), ('I5',), ('V4', 'I2'), ('V4',), ('V4', 'I2', 'III4', 'VII4', 'V3')] - [('III2', 'VII5')] vs [('III2', 'VII5')]
Iter= 80000, Average Loss= 0.007741, Average Accuracy= 99.60%
[('I2', 'IV5'), ('I2', 'V3', 'III4', 'VII4', 'III5'), ('VII5',), ('IV2', 'VI4'), ('VI3', 'IV2', 'III4', 'I4', 'VII5'), ('I5',), ('V4', 'I2'), ('V4',), ('V4', 'I2', 'III4', 'VII4', 'V3'), ('IV2', 'III4'), ('III4',), ('VI3', 'IV2', 'I4', 'III4'), ('I2', 'III4'), ('III4',), ('I2', 'VII4', 'III4', 'V3'), ('IV2', 'III4'), ('III4',), ('VI3', 'IV2', 'I4', 'III4'), ('I2', 'III4'), ('III4',)] - [('I2', 'VII4', 'III4', 'V3')] vs [('I2', 'VII4', 'III4', 'V3')]
Iter= 81000, Average Loss= 0.014629, Average Accuracy= 99.20%
[('V4',), ('V4', 'I2', 'III4', 'VII4', 'V3'), ('III2', 'VII5'), ('VII5',), ('III2', 'V3', 'III4', 'VII4', 'VII5'), ('VI1', 'III5'), ('III5',), ('VI3', 'VI1', 'III4', 'I4', 'III5'), ('II2', 'II4'), ('II4',), ('VI3', 'II2', 'II4', 'IV3'), ('II2', 'II4'), ('II4',), ('VI3', 'IV4', 'II2', 'II4', 'I4'), ('I2', 'II4'), ('I2', 'II3+', 'II4', 'I4', 'V3'), ('V4', 'V1'), ('II4', 'V3', 'V1', 'VI4+', 'VI4'), ('VI5+',), ('I2', 'II5')] - [('I2', 'VI3', 'II4', 'IV3', 'I5')] vs [('I2', 'VI3', 'II4', 'IV3', 'I5')]
Iter= 82000, Average Loss= 0.003435, Average Accuracy= 99.80%
[('I2', 'II4'), ('I2', 'II3+', 'II4', 'I4', 'V3'), ('V4', 'V1'), ('II4', 'V3', 'V1', 'VI4+', 'VI4'), ('VI5+',), ('I2', 'II5'), ('I2', 'VI3', 'II4', 'IV3', 'I5'), ('VI4',), ('I2', 'I5'), ('VI3', 'I2', 'I3', 'IV3', 'II4', 'VI5+'), ('VI4',), ('I2', 'I5'), ('I2', 'I4', 'I5', 'VI3+', 'II3', 'V3'), ('I5',), ('I2', 'I5'), ('I2', 'VI3+', 'V3', 'I4', 'III3'), ('I5',), ('I2', 'II5'), ('I2', 'V3', 'II4+', 'VI4+', 'II5+'), ('IV5',)] - [('I2', 'V5')] vs [('I2', 'V5')]
Iter= 83000, Average Loss= 0.006248, Average Accuracy= 99.60%
[('III4',), ('I2', 'VII4', 'III4', 'V3'), ('IV2', 'III4'), ('III4',), ('VI3', 'IV2', 'I4', 'III4'), ('I2', 'III4'), ('III4',), ('I2', 'VII4', 'III4', 'V3'), ('IV2', 'III4'), ('VI3', 'IV2', 'I4', 'III4', 'III5'), ('V5',), ('I2', 'IV5'), ('I2', 'V3', 'III4', 'VII4', 'III5'), ('VII5',), ('IV2', 'VI4'), ('VI3', 'IV2', 'III4', 'I4', 'VII5'), ('I5',), ('V4', 'I2'), ('V4',), ('V4', 'I2', 'III4', 'VII4', 'V3')] - [('III2', 'VII5')] vs [('III2', 'VII5')]
Iter= 84000, Average Loss= 0.015207, Average Accuracy= 98.90%
[('III2', 'VII5'), ('VII5',), ('III2', 'V3', 'III4', 'VII4', 'VII5'), ('VI1', 'III5'), ('III5',), ('VI3', 'VI1', 'III4', 'I4', 'III5'), ('II2', 'II4'), ('II4',), ('VI3', 'II2', 'II4', 'IV3'), ('II2', 'II4'), ('II4',), ('VI3', 'IV4', 'II2', 'II4', 'I4'), ('I2', 'II4'), ('I2', 'II3+', 'II4', 'I4', 'V3'), ('V4', 'V1'), ('II4', 'V3', 'V1', 'VI4+', 'VI4'), ('VI5+',), ('I2', 'II5'), ('I2', 'VI3', 'II4', 'IV3', 'I5'), ('VI4',)] - [('I2', 'I5')] vs [('I2', 'I5')]
Iter= 85000, Average Loss= 0.007947, Average Accuracy= 99.60%
[('II2', 'III4'), ('II2', 'I4', 'III4', 'V3'), ('VI3', 'IV4', 'I4', 'III4'), ('II4', 'VI4+', 'V4', 'IV3', 'V2', 'VI5+'), ('I2', 'I3', 'I4', 'I5', 'III4', 'V4', 'V2'), ('IV2',), ('VI3', 'IV2', 'III4', 'I4'), ('I2',), ('I2', 'III4', 'VII4', 'V3'), ('IV2',), ('VI3', 'IV2', 'III4', 'I4'), ('I2',), ('I2', 'III4', 'VII4', 'V3'), ('IV2',), ('VI3', 'IV2', 'III4', 'I4', 'III5'), ('V5',), ('I2', 'IV5'), ('I2', 'V3', 'III4', 'VII4', 'III5'), ('VII5',), ('IV2', 'VI4')] - [('VI3', 'IV2', 'III4', 'I4', 'VII5')] vs [('VI3', 'IV2', 'III4', 'I4', 'VII5')]
Iter= 86000, Average Loss= 0.003119, Average Accuracy= 99.90%
[('VI3', 'IV2', 'III4', 'I4', 'III5'), ('V5',), ('I2', 'IV5'), ('I2', 'V3', 'III4', 'VII4', 'III5'), ('VII5',), ('IV2', 'VI4'), ('VI3', 'IV2', 'III4', 'I4', 'VII5'), ('I5',), ('V4', 'I2'), ('V4',), ('V4', 'I2', 'III4', 'VII4', 'V3'), ('IV2', 'III4'), ('III4',), ('VI3', 'IV2', 'I4', 'III4'), ('I2', 'III4'), ('III4',), ('I2', 'VII4', 'III4', 'V3'), ('IV2', 'III4'), ('III4',), ('VI3', 'IV2', 'I4', 'III4')] - [('I2', 'III4')] vs [('I2', 'III4')]
Iter= 87000, Average Loss= 0.011538, Average Accuracy= 99.40%
[('II4',), ('VI3', 'II2', 'II4', 'IV3'), ('II2', 'II4'), ('II4',), ('VI3', 'IV4', 'II2', 'II4', 'I4'), ('I2', 'II4'), ('I2', 'II3+', 'II4', 'I4', 'V3'), ('V4', 'V1'), ('II4', 'V3', 'V1', 'VI4+', 'VI4'), ('VI5+',), ('I2', 'II5'), ('I2', 'VI3', 'II4', 'IV3', 'I5'), ('VI4',), ('I2', 'I5'), ('VI3', 'I2', 'I3', 'IV3', 'II4', 'VI5+'), ('VI4',), ('I2', 'I5'), ('I2', 'I4', 'I5', 'VI3+', 'II3', 'V3'), ('I5',), ('I2', 'I5')] - [('I2', 'VI3+', 'V3', 'I4', 'III3')] vs [('I2', 'VI3+', 'V3', 'I4', 'III3')]
Iter= 88000, Average Loss= 0.011463, Average Accuracy= 99.30%
[('VI3', 'IV2', 'III4', 'I4', 'VII5'), ('I5',), ('V4', 'I2'), ('V4',), ('V4', 'I2', 'III4', 'VII4', 'V3'), ('III2', 'VII5'), ('VII5',), ('III2', 'V3', 'III4', 'VII4', 'VII5'), ('VI1', 'III5'), ('III5',), ('VI3', 'VI1', 'III4', 'I4', 'III5'), ('II2', 'II4'), ('II4',), ('VI3', 'II2', 'II4', 'IV3'), ('II2', 'II4'), ('II4',), ('VI3', 'IV4', 'II2', 'II4', 'I4'), ('I2', 'II4'), ('I2', 'II3+', 'II4', 'I4', 'V3'), ('V4', 'V1')] - [('II4', 'V3', 'V1', 'VI4+', 'VI4')] vs [('II4', 'V3', 'V1', 'VI4+', 'VI4')]
Iter= 89000, Average Loss= 0.027882, Average Accuracy= 98.90%
[('I5',), ('I2', 'II5'), ('VI3', 'I2', 'I3', 'IV3', 'I5', 'II4'), ('VI4',), ('I2', 'I5'), ('I2', 'I4', 'I5', 'VI3+', 'II3', 'V3'), ('I5',), ('I2', 'I5'), ('I2', 'VI3+', 'V3', 'I4', 'III3'), ('I5',), ('IV5', 'II2'), ('VI3', 'IV4', 'IV5', 'II4', 'II2'), ('IV5',), ('II2', 'II5+'), ('II4+', 'II5+', 'I4', 'V4', 'II2', 'V3'), ('II5+',), ('II2', 'VI4'), ('V3', 'II2', 'II4+', 'VI4+', 'VI5+'), ('II5+',), ('II2', 'II5')] - [('V4', 'II2', 'II4', 'VI4+', 'I5')] vs [('V4', 'II2', 'II4', 'VI4+', 'I5')]
Iter= 90000, Average Loss= 0.014382, Average Accuracy= 99.60%
[('VI3', 'IV2', 'III4', 'I4', 'VII5'), ('I5',), ('V4', 'I2'), ('V4',), ('V4', 'I2', 'III4', 'VII4', 'V3'), ('IV2', 'III4'), ('III4',), ('VI3', 'IV2', 'I4', 'III4'), ('I2', 'III4'), ('III4',), ('I2', 'VII4', 'III4', 'V3'), ('IV2', 'III4'), ('III4',), ('VI3', 'IV2', 'I4', 'III4'), ('I2', 'III4'), ('III4',), ('I2', 'VII4', 'III4', 'V3'), ('IV2', 'III4'), ('VI3', 'IV2', 'I4', 'III4', 'III5'), ('V5',)] - [('I2', 'IV5')] vs [('I2', 'IV5')]
Iter= 91000, Average Loss= 0.011074, Average Accuracy= 99.50%
[('III2', 'VII5'), ('VII5',), ('III2', 'V3', 'III4', 'VII4', 'VII5'), ('VI1', 'III5'), ('III5',), ('VI3', 'VI1', 'III4', 'I4', 'III5'), ('II2', 'II4'), ('II4',), ('VI3', 'II2', 'II4', 'IV3'), ('II2', 'II4'), ('II4',), ('VI3', 'IV4', 'II2', 'II4', 'I4'), ('I2', 'II4'), ('I2', 'II3+', 'II4', 'I4', 'V3'), ('V4', 'V1'), ('II4', 'V3', 'V1', 'VI4+', 'VI4'), ('VI5+',), ('I2', 'II5'), ('I2', 'VI3', 'II4', 'IV3', 'I5'), ('VI4',)] - [('I2', 'I5')] vs [('I2', 'I5')]
Iter= 92000, Average Loss= 0.024374, Average Accuracy= 99.30%
[('VI3', 'II2', 'II4', 'IV3'), ('II2', 'II4'), ('II4',), ('VI3', 'IV4', 'II2', 'II4', 'I4'), ('I2', 'II4'), ('I2', 'II3+', 'II4', 'I4', 'V3'), ('V4', 'V1'), ('II4', 'V3', 'V1', 'VI4+', 'VI4'), ('VI5+',), ('I2', 'II5'), ('I2', 'VI3', 'II4', 'IV3', 'I5'), ('VI4',), ('I2', 'I5'), ('VI3', 'I2', 'I3', 'IV3', 'II4', 'VI5+'), ('VI4',), ('I2', 'I5'), ('I2', 'I4', 'I5', 'VI3+', 'II3', 'V3'), ('I5',), ('I2', 'I5'), ('I2', 'VI3+', 'V3', 'I4', 'III3')] - [('I5',)] vs [('I5',)]
Iter= 93000, Average Loss= 0.059401, Average Accuracy= 99.20%
[('VI3', 'IV2', 'III4', 'I4'), ('I2',), ('I2', 'III4', 'VII4', 'V3'), ('IV2',), ('VI3', 'IV2', 'III4', 'I4'), ('I2',), ('I2', 'III4', 'VII4', 'V3'), ('I2018-10-25 11:45:40,168 Create Music!!
V2',), ('VI3', 'IV2', 'III4', 'I4', 'III5'), ('V5',), ('I2', 'IV5'), ('I2', 'V3', 'III4', 'VII4', 'III5'), ('VII5',), ('IV2', 'VI4'), ('VI3', 'IV2', 'III4', 'I4', 'VII5'), ('I5',), ('V4', 'I2'), ('V4',), ('V4', 'I2', 'III4', 'VII4', 'V3'), ('IV2', 'III4')] - [('III4',)] vs [('III4',)]
Iter= 94000, Average Loss= 0.023438, Average Accuracy= 99.50%
[('I2', 'III4', 'VII4', 'V3'), ('IV2',), ('VI3', 'IV2', 'III4', 'I4'), ('I2',), ('I2', 'III4', 'VII4', 'V3'), ('IV2',), ('VI3', 'IV2', 'III4', 'I4', 'III5'), ('V5',), ('I2', 'IV5'), ('I2', 'V3', 'III4', 'VII4', 'III5'), ('VII5',), ('IV2', 'VI4'), ('VI3', 'IV2', 'III4', 'I4', 'VII5'), ('I5',), ('V4', 'I2'), ('V4',), ('V4', 'I2', 'III4', 'VII4', 'V3'), ('IV2', 'III4'), ('III4',), ('VI3', 'IV2', 'I4', 'III4')] - [('I2', 'III4')] vs [('I2', 'III4')]
Iter= 95000, Average Loss= 0.036136, Average Accuracy= 98.90%
[('IV2', 'VI4'), ('VI3', 'IV2', 'III4', 'I4', 'VII5'), ('I5',), ('V4', 'I2'), ('V4',), ('V4', 'I2', 'III4', 'VII4', 'V3'), ('IV2', 'III4'), ('III4',), ('VI3', 'IV2', 'I4', 'III4'), ('I2', 'III4'), ('III4',), ('I2', 'VII4', 'III4', 'V3'), ('IV2', 'III4'), ('III4',), ('VI3', 'IV2', 'I4', 'III4'), ('I2', 'III4'), ('III4',), ('I2', 'VII4', 'III4', 'V3'), ('IV2', 'III4'), ('VI3', 'IV2', 'I4', 'III4', 'III5')] - [('V5',)] vs [('V5',)]
Iter= 96000, Average Loss= 0.030336, Average Accuracy= 99.40%
[('VI3', 'IV2', 'III4', 'I4', 'VII5'), ('I5',), ('V4', 'I2'), ('V4',), ('V4', 'I2', 'III4', 'VII4', 'V3'), ('III2', 'VII5'), ('VII5',), ('III2', 'V3', 'III4', 'VII4', 'VII5'), ('VI1', 'III5'), ('III5',), ('VI3', 'VI1', 'III4', 'I4', 'III5'), ('II2', 'II4'), ('II4',), ('VI3', 'II2', 'II4', 'IV3'), ('II2', 'II4'), ('II4',), ('VI3', 'IV4', 'II2', 'II4', 'I4'), ('I2', 'II4'), ('I2', 'II3+', 'II4', 'I4', 'V3'), ('V4', 'V1')] - [('II4', 'V3', 'V1', 'VI4+', 'VI4')] vs [('II4', 'V3', 'V1', 'VI4+', 'VI4')]
Iter= 97000, Average Loss= 0.029392, Average Accuracy= 99.40%
[('I2', 'III4', 'VII4', 'V3'), ('IV2',), ('VI3', 'IV2', 'III4', 'I4'), ('I2',), ('I2', 'III4', 'VII4', 'V3'), ('IV2',), ('VI3', 'IV2', 'III4', 'I4', 'III5'), ('V5',), ('I2', 'IV5'), ('I2', 'V3', 'III4', 'VII4', 'III5'), ('VII5',), ('IV2', 'VI4'), ('VI3', 'IV2', 'III4', 'I4', 'VII5'), ('I5',), ('V4', 'I2'), ('V4',), ('V4', 'I2', 'III4', 'VII4', 'V3'), ('IV2', 'III4'), ('III4',), ('VI3', 'IV2', 'I4', 'III4')] - [('I2', 'III4')] vs [('I2', 'III4')]
Iter= 98000, Average Loss= 0.053668, Average Accuracy= 99.30%
[('I5',), ('I2', 'II5'), ('VI3', 'I2', 'I3', 'IV3', 'I5', 'II4'), ('VI4',), ('I2', 'I5'), ('I2', 'I4', 'I5', 'VI3+', 'II3', 'V3'), ('I5',), ('I2', 'I5'), ('I2', 'VI3+', 'V3', 'I4', 'III3'), ('I5',), ('IV5', 'II2'), ('VI3', 'IV4', 'IV5', 'II4', 'II2'), ('IV5',), ('II2', 'II5+'), ('II4+', 'II5+', 'I4', 'V4', 'II2', 'V3'), ('II5+',), ('II2', 'VI4'), ('V3', 'II2', 'II4+', 'VI4+', 'VI5+'), ('II5+',), ('II2', 'II5')] - [('V4', 'II2', 'II4', 'VI4+', 'I5')] vs [('V4', 'II2', 'II4', 'VI4+', 'I5')]
Iter= 99000, Average Loss= 0.037760, Average Accuracy= 99.60%
[('II4',), ('VI3', 'II2', 'II4', 'IV3'), ('II2', 'II4'), ('II4',), ('VI3', 'IV4', 'II2', 'II4', 'I4'), ('I2', 'II4'), ('I2', 'II3+', 'II4', 'I4', 'V3'), ('V4', 'V1'), ('II4', 'V3', 'V1', 'VI4+', 'VI4'), ('VI5+',), ('I2', 'II5'), ('I2', 'VI3', 'II4', 'IV3', 'I5'), ('VI4',), ('I2', 'I5'), ('VI3', 'I2', 'I3', 'IV3', 'II4', 'VI5+'), ('VI4',), ('I2', 'I5'), ('I2', 'I4', 'I5', 'VI3+', 'II3', 'V3'), ('I5',), ('I2', 'I5')] - [('I2', 'VI3+', 'V3', 'I4', 'III3')] vs [('I2', 'VI3+', 'V3', 'I4', 'III3')]
Iter= 100000, Average Loss= 0.020009, Average Accuracy= 99.60%
[('I2', 'V5'), ('I2', 'V3', 'II4', 'VI4+', 'VI5+'), ('I5',), ('I2', 'II5'), ('VI3', 'I2', 'I3', 'IV3', 'I5', 'II4'), ('VI4',), ('I2', 'I5'), ('I2', 'I4', 'I5', 'VI3+', 'II3', 'V3'), ('I5',), ('I2', 'I5'), ('I2', 'VI3+', 'V3', 'I4', 'III3'), ('I5',), ('IV5', 'II2'), ('VI3', 'IV4', 'IV5', 'II4', 'II2'), ('IV5',), ('III2', 'III5'), ('III2', 'V3', 'III4', 'VII4', 'III5'), ('III5',), ('VI1', 'VI4'), ('V4', 'VI3', 'VI1', 'III4', 'I4')] - [('VI4',)] vs [('VI4',)]
../models/n_input_20_chromatic_iters_100000_Gymnopedie_No_1/n_input_20_chromatic_iters_100000_Gymnopedie_No_1-100000.meta
[('I2', 'I5'), ('VI3', 'I2', 'I3', 'IV3', 'II4', 'VI5+'), ('VI4',), ('I2', 'I5'), ('I2', 'I4', 'I5', 'VI3+', 'II3', 'V3'), ('I5',), ('I2', 'I5'), ('I2', 'VI3+', 'V3', 'I4', 'III3'), ('I5',), ('I2', 'II5'), ('I2', 'V3', 'II4+', 'VI4+', 'II5+'), ('IV5',), ('I2', 'V5'), ('I2', 'V3', 'II4', 'VI4+', 'VI5+'), ('I5',), ('I2', 'II5'), ('VI3', 'I2', 'I3', 'IV3', 'I5', 'II4'), ('VI4',), ('I2', 'I5'), ('I2', 'I4', 'I5', 'VI3+', 'II3', 'V3'), ('I5',), ('I2', 'I5'), ('I2', 'VI3+', 'V3', 'I4', 'III3'), ('I5',), ('IV5', 'II2'), ('VI3', 'IV4', 'IV5', 'II4', 'II2'), ('IV5',), ('III2', 'III5'), ('III2', 'V3', 'III4', 'VII4', 'III5'), ('III5',), ('VI1', 'VI4'), ('V4', 'VI3', 'VI1', 'III4', 'I4'), ('VI4',), ('II2', 'VII5'), ('V4', 'II2', 'II4', 'VII4', 'I5'), ('II5',), ('II2', 'VII5'), ('VII4', 'I5', 'V4', 'II2', 'III4', 'V3'), ('II5',), ('II2', 'III4'), ('II2', 'I4', 'III4', 'V3'), ('VI3', 'IV4', 'I4', 'III4'), ('II4', 'VI4+', 'V4', 'IV3', 'V2', 'VI5+'), ('I2', 'I3', 'I4', 'I5', 'III4', 'V4', 'V2'), ('IV2',), ('VI3', 'IV2', 'III4', 'I4'), ('I2',), ('I2', 'III4', 'VII4', 'V3'), ('IV2',), ('VI3', 'IV2', 'III4', 'I4'), ('I2',), ('I2', 'III4', 'VII4', 'V3'), ('IV2',), ('VI3', 'IV2', 'III4', 'I4', 'III5'), ('V5',), ('I2', 'IV5'), ('I2', 'V3', 'III4', 'VII4', 'III5'), ('VII5',), ('IV2', 'VI4'), ('VI3', 'IV2', 'III4', 'I4', 'VII5'), ('I5',), ('V4', 'I2'), ('V4',), ('V4', 'I2', 'III4', 'VII4', 'V3'), ('IV2', 'III4'), ('III4',), ('VI3', 'IV2', 'I4', 'III4'), ('I2', 'III4'), ('III4',), ('I2', 'VII4', 'III4', 'V3'), ('IV2', 'III4'), ('III4',), ('VI3', 'IV2', 'I4', 'III4'), ('I2', 'III4'), ('III4',), ('I2', 'VII4', 'III4', 'V3'), ('IV2', 'III4'), ('VI3', 'IV2', 'I4', 'III4', 'III5'), ('V5',), ('I2', 'IV5'), ('I2', 'V3', 'III4', 'VII4', 'III5'), ('VII5',), ('IV2', 'VI4'), ('VI3', 'IV2', 'III4', 'I4', 'VII5'), ('I5',), ('V4', 'I2'), ('V4',), ('V4', 'I2', 'III4', 'VII4', 'V3'), ('III2', 'VII5'), ('VII5',), ('III2', 'V3', 'III4', 'VII4', 'VII5'), ('VI1', 'III5'), ('III5',), ('VI3', 'VI1', 'III4', 'I4', 'III5'), ('II2', 'II4'), ('II4',), ('VI3', 'II2', 'II4', 'IV3'), ('II2', 'II4'), ('II4',), ('VI3', 'IV4', 'II2', 'II4', 'I4'), ('I2', 'II4'), ('I2', 'II3+', 'II4', 'I4', 'V3'), ('V4', 'V1'), ('II4', 'V3', 'V1', 'VI4+', 'VI4'), ('VI5+',), ('I2', 'II5'), ('I2', 'VI3', 'II4', 'IV3', 'I5'), ('VI4',), ('I2', 'I5'), ('VI3', 'I2', 'I3', 'IV3', 'II4', 'VI5+'), ('VI4',), ('I2', 'I5'), ('I2', 'I4', 'I5', 'VI3+', 'II3', 'V3'), ('I5',), ('I2', 'I5'), ('I2', 'VI3+', 'V3', 'I4', 'III3'), ('I5',), ('I2', 'II5'), ('I2', 'V3', 'II4+', 'VI4+', 'II5+'), ('IV5',), ('I2', 'V5'), ('I2', 'V3', 'II4', 'VI4+', 'VI5+'), ('I5',), ('I2', 'II5'), ('VI3', 'I2', 'I3', 'IV3', 'I5', 'II4'), ('VI4',), ('I2', 'I5'), ('I2', 'I4', 'I5', 'VI3+', 'II3', 'V3'), ('I5',), ('I2', 'I5'), ('I2', 'VI3+', 'V3', 'I4', 'III3'), ('I5',), ('IV5', 'II2'), ('VI3', 'IV4', 'IV5', 'II4', 'II2'), ('IV5',), ('III2', 'III5'), ('III2', 'V3', 'III4', 'VII4', 'III5'), ('III5',), ('VI1', 'VI4'), ('V4', 'VI3', 'VI1', 'III4', 'I4'), ('VI4',), ('II2', 'VII5'), ('V4', 'II2', 'II4', 'VII4', 'I5'), ('II5',), ('II2', 'VII5'), ('VII4', 'I5', 'V4', 'II2', 'III4', 'V3'), ('II5',), ('II2', 'III4'), ('II2', 'I4', 'III4', 'V3'), ('VI3', 'IV4', 'I4', 'III4'), ('II4', 'VI4+', 'V4', 'IV3', 'V2', 'VI5+'), ('I2', 'I3', 'I4', 'I5', 'III4', 'V4', 'V2'), ('IV2',), ('VI3', 'IV2', 'III4', 'I4'), ('I2',), ('I2', 'III4', 'VII4', 'V3'), ('IV2',), ('VI3', 'IV2', 'III4', 'I4'), ('I2',), ('I2', 'III4', 'VII4', 'V3'), ('IV2',), ('VI3', 'IV2', 'III4', 'I4', 'III5'), ('V5',), ('I2', 'IV5'), ('I2', 'V3', 'III4', 'VII4', 'III5'), ('VII5',), ('IV2', 'VI4'), ('VI3', 'IV2', 'III4', 'I4', 'VII5'), ('I5',), ('V4', 'I2'), ('V4',), ('V4', 'I2', 'III4', 'VII4', 'V3'), ('IV2', 'III4'), ('III4',), ('VI3', 'IV2', 'I4', 'III4'), ('I2', 'III4'), ('III4',), ('I2', 'VII4', 'III4', 'V3'), ('IV2', 'III4'), ('III4',), ('VI3', 'IV2', 'I4', 'III4'), ('I2', 'III4'), ('III4',), ('I2', 'VII4', 'III4', 'V3'), ('IV2', 'III4'), ('VI3', 'IV2', 'I4', 'III4', 'III5'), ('V5',), ('I2', 'IV5'), ('I2', 'V3', 'III4', 'VII4', 'III5'), ('VII5',), ('IV2', 'VI4'), ('VI3', 'IV2', 'III4', 'I4', 'VII5'), ('I5',), ('V4', 'I2'), ('V4',), ('V4', 'I2', 'III4', 'VII4', 'V3'), ('III2', 'VII5'), ('VII5',), ('III2', 'V3', 'III4', 'VII4', 'VII5'), ('VI1', 'III5'), ('III5',), ('VI3', 'VI1', 'III4', 'I4', 'III5'), ('II2', 'II4'), ('II4',), ('VI3', 'II2', 'II4', 'IV3'), ('II2', 'II4'), ('II4',), ('VI3', 'IV4', 'II2', 'II4', 'I4'), ('I2', 'II4'), ('I2', 'II3+', 'II4', 'I4', 'V3'), ('V4', 'V1'), ('II4', 'V3', 'V1', 'VI4+', 'VI4'), ('VI5+',), ('I2', 'II5'), ('I2', 'VI3', 'II4', 'IV3', 'I5'), ('VI4',), ('I2', 'I5'), ('VI3', 'I2', 'I3', 'IV3', 'II4', 'VI5+'), ('VI4',), ('I2', 'I5'), ('I2', 'I4', 'I5', 'VI3+', 'II3', 'V3'), ('I5',), ('I2', 'I5'), ('I2', 'VI3+', 'V3', 'I4', 'III3'), ('I5',), ('I2', 'II5'), ('I2', 'V3', 'II4+', 'VI4+', 'II5+'), ('IV5',), ('I2', 'V5'), ('I2', 'V3', 'II4', 'VI4+', 'VI5+'), ('I5',), ('I2', 'II5'), ('VI3', 'I2', 'I3', 'IV3', 'I5', 'II4'), ('VI4',), ('I2', 'I5'), ('I2', 'I4', 'I5', 'VI3+', 'II3', 'V3'), ('I5',), ('I2', 'I5'), ('I2', 'VI3+', 'V3', 'I4', 'III3'), ('I5',), ('IV5', 'II2'), ('VI3', 'IV4', 'IV5', 'II4', 'II2'), ('IV5',), ('III2', 'III5'), ('III2', 'V3', 'III4', 'VII4', 'III5'), ('III5',), ('VI1', 'VI4'), ('V4', 'VI3', 'VI1', 'III4', 'I4'), ('VI4',), ('II2', 'VII5'), ('V4', 'II2', 'II4', 'VII4', 'I5'), ('II5',), ('II2', 'VII5'), ('VII4', 'I5', 'V4', 'II2', 'III4', 'V3'), ('II5',), ('II2', 'III4'), ('II2', 'I4', 'III4', 'V3'), ('VI3', 'IV4', 'I4', 'III4'), ('II4', 'VI4+', 'V4', 'IV3', 'V2', 'VI5+'), ('I2', 'I3', 'I4', 'I5', 'III4', 'V4', 'V2'), ('IV2',), ('VI3', 'IV2', 'III4', 'I4'), ('I2',), ('I2', 'III4', 'VII4', 'V3'), ('IV2',), ('VI3', 'IV2', 'III4', 'I4'), ('I2',), ('I2', 'III4', 'VII4', 'V3'), ('IV2',), ('VI3', 'IV2', 'III4', 'I4', 'III5'), ('V5',), ('I2', 'IV5'), ('I2', 'V3', 'III4', 'VII4', 'III5'), ('VII5',), ('IV2', 'VI4'), ('VI3', 'IV2', 'III4', 'I4', 'VII5'), ('I5',), ('V4', 'I2'), ('V4',), ('V4', 'I2', 'III4', 'VII4', 'V3'), ('IV2', 'III4'), ('III4',), ('VI3', 'IV2', 'I4', 'III4'), ('I2', 'III4'), ('III4',), ('I2', 'VII4', 'III4', 'V3'), ('IV2', 'III4'), ('III4',), ('VI3', 'IV2', 'I4', 'III4'), ('I2', 'III4'), ('III4',), ('I2', 'VII4', 'III4', 'V3'), ('IV2', 'III4'), ('VI3', 'IV2', 'I4', 'III4', 'III5'), ('V5',), ('I2', 'IV5'), ('I2', 'V3', 'III4', 'VII4', 'III5'), ('VII5',), ('IV2', 'VI4'), ('VI3', 'IV2', 'III4', 'I4', 'VII5'), ('I5',), ('V4', 'I2'), ('V4',), ('V4', 'I2', 'III4', 'VII4', 'V3'), ('III2', 'VII5'), ('VII5',), ('III2', 'V3', 'III4', 'VII4', 'VII5'), ('VI1', 'III5'), ('III5',), ('VI3', 'VI1', 'III4', 'I4', 'III5'), ('II2', 'II4'), ('II4',), ('VI3', 'II2', 'II4', 'IV3'), ('II2', 'II4'), ('II4',), ('VI3', 'IV4', 'II2', 'II4', 'I4'), ('I2', 'II4'), ('I2', 'II3+', 'II4', 'I4', 'V3'), ('V4', 'V1'), ('II4', 'V3', 'V1', 'VI4+', 'VI4'), ('VI5+',), ('I2', 'II5'), ('I2', 'VI3', 'II4', 'IV3', 'I5'), ('VI4',), ('I2', 'I5'), ('VI3', 'I2', 'I3', 'IV3', 'II4', 'VI5+'), ('VI4',), ('I2', 'I5'), ('I2', 'I4', 'I5', 'VI3+', 'II3', 'V3'), ('I5',), ('I2', 'I5'), ('I2', 'VI3+', 'V3', 'I4', 'III3'), ('I5',), ('I2', 'II5'), ('I2', 'V3', 'II4+', 'VI4+', 'II5+'), ('IV5',), ('I2', 'V5'), ('I2', 'V3', 'II4', 'VI4+', 'VI5+'), ('I5',), ('I2', 'II5'), ('VI3', 'I2', 'I3', 'IV3', 'I5', 'II4'), ('VI4',), ('I2', 'I5'), ('I2', 'I4', 'I5', 'VI3+', 'II3', 'V3'), ('I5',), ('I2', 'I5'), ('I2', 'VI3+', 'V3', 'I4', 'III3'), ('I5',), ('IV5', 'II2'), ('VI3', 'IV4', 'IV5', 'II4', 'II2'), ('IV5',), ('III2', 'III5'), ('III2', 'V3', 'III4', 'VII4', 'III5'), ('III5',), ('VI1', 'VI4'), ('V4', 'VI3', 'VI1', 'III4', 'I4'), ('VI4',), ('II2', 'VII5'), ('V4', 'II2', 'II4', 'VII4', 'I5'), ('II5',), ('II2', 'VII5'), ('VII4', 'I5', 'V4', 'II2', 'III4', 'V3'), ('II5',), ('II2', 'III4'), ('II2', 'I4', 'III4', 'V3'), ('VI3', 'IV4', 'I4', 'III4'), ('II4', 'VI4+', 'V4', 'IV3', 'V2', 'VI5+'), ('I2', 'I3', 'I4', 'I5', 'III4', 'V4', 'V2'), ('IV2',), ('VI3', 'IV2', 'III4', 'I4'), ('I2',), ('I2', 'III4', 'VII4', 'V3'), ('IV2',), ('VI3', 'IV2', 'III4', 'I4'), ('I2',), ('I2', 'III4', 'VII4', 'V3'), ('IV2',), ('VI3', 'IV2', 'III4', 'I4', 'III5'), ('V5',), ('I2', 'IV5'), ('I2', 'V3', 'III4', 'VII4', '2018-10-25 11:49:00,681 Convert grades to sequences
2018-10-25 11:49:00,703 Convert it to MIDI
/usr/local/lib/python2.7/site-packages/pandas/core/indexing.py:362: SettingWithCopyWarning: 
A value is trying to be set on a copy of a slice from a DataFrame.
Try using .loc[row_indexer,col_indexer] = value instead

See the caveats in the documentation: http://pandas.pydata.org/pandas-docs/stable/indexing.html#indexing-view-versus-copy
  self.obj[key] = _infer_fill_value(value)
/usr/local/lib/python2.7/site-packages/pandas/core/indexing.py:543: SettingWithCopyWarning: 
A value is trying to be set on a copy of a slice from a DataFrame.
Try using .loc[row_indexer,col_indexer] = value instead

See the caveats in the documentation: http://pandas.pydata.org/pandas-docs/stable/indexing.html#indexing-view-versus-copy
  self.obj[item] = s
2018-10-25 11:50:11,668 Finished!!!
III5'), ('VII5',), ('IV2', 'VI4'), ('VI3', 'IV2', 'III4', 'I4', 'VII5'), ('I5',), ('V4', 'I2'), ('V4',), ('V4', 'I2', 'III4', 'VII4', 'V3'), ('IV2', 'III4'), ('III4',), ('VI3', 'IV2', 'I4', 'III4'), ('I2', 'III4'), ('III4',), ('I2', 'VII4', 'III4', 'V3'), ('IV2', 'III4'), ('III4',), ('VI3', 'IV2', 'I4', 'III4'), ('I2', 'III4'), ('III4',), ('I2', 'VII4', 'III4', 'V3'), ('IV2', 'III4'), ('VI3', 'IV2', 'I4', 'III4', 'III5'), ('V5',), ('I2', 'IV5'), ('I2', 'V3', 'III4', 'VII4', 'III5'), ('VII5',), ('IV2', 'VI4'), ('VI3', 'IV2', 'III4', 'I4', 'VII5'), ('I5',), ('V4', 'I2'), ('V4',), ('V4', 'I2', 'III4', 'VII4', 'V3'), ('III2', 'VII5'), ('VII5',), ('III2', 'V3', 'III4', 'VII4', 'VII5'), ('VI1', 'III5'), ('III5',), ('VI3', 'VI1', 'III4', 'I4', 'III5'), ('II2', 'II4'), ('II4',), ('VI3', 'II2', 'II4', 'IV3'), ('II2', 'II4'), ('II4',), ('VI3', 'IV4', 'II2', 'II4', 'I4'), ('I2', 'II4'), ('I2', 'II3+', 'II4', 'I4', 'V3'), ('V4', 'V1'), ('II4', 'V3', 'V1', 'VI4+', 'VI4'), ('VI5+',), ('I2', 'II5'), ('I2', 'VI3', 'II4', 'IV3', 'I5'), ('VI4',), ('I2', 'I5'), ('VI3', 'I2', 'I3', 'IV3', 'II4', 'VI5+'), ('VI4',), ('I2', 'I5'), ('I2', 'I4', 'I5', 'VI3+', 'II3', 'V3'), ('I5',), ('I2', 'I5'), ('I2', 'VI3+', 'V3', 'I4', 'III3'), ('I5',), ('I2', 'II5'), ('I2', 'V3', 'II4+', 'VI4+', 'II5+'), ('IV5',), ('I2', 'V5'), ('I2', 'V3', 'II4', 'VI4+', 'VI5+'), ('I5',), ('I2', 'II5'), ('VI3', 'I2', 'I3', 'IV3', 'I5', 'II4'), ('VI4',), ('I2', 'I5'), ('I2', 'I4', 'I5', 'VI3+', 'II3', 'V3'), ('I5',), ('I2', 'I5'), ('I2', 'VI3+', 'V3', 'I4', 'III3'), ('I5',), ('IV5', 'II2'), ('VI3', 'IV4', 'IV5', 'II4', 'II2'), ('IV5',), ('III2', 'III5'), ('III2', 'V3', 'III4', 'VII4', 'III5'), ('III5',), ('VI1', 'VI4'), ('V4', 'VI3', 'VI1', 'III4', 'I4'), ('VI4',), ('II2', 'VII5'), ('V4', 'II2', 'II4', 'VII4', 'I5'), ('II5',), ('II2', 'VII5'), ('VII4', 'I5', 'V4', 'II2', 'III4', 'V3'), ('II5',), ('II2', 'III4'), ('II2', 'I4', 'III4', 'V3'), ('VI3', 'IV4', 'I4', 'III4'), ('II4', 'VI4+', 'V4', 'IV3', 'V2', 'VI5+'), ('I2', 'I3', 'I4', 'I5', 'III4', 'V4', 'V2'), ('IV2',), ('VI3', 'IV2', 'III4', 'I4'), ('I2',), ('I2', 'III4', 'VII4', 'V3'), ('IV2',), ('VI3', 'IV2', 'III4', 'I4'), ('I2',), ('I2', 'III4', 'VII4', 'V3'), ('IV2',), ('VI3', 'IV2', 'III4', 'I4', 'III5'), ('V5',), ('I2', 'IV5'), ('I2', 'V3', 'III4', 'VII4', 'III5'), ('VII5',), ('IV2', 'VI4'), ('VI3', 'IV2', 'III4', 'I4', 'VII5'), ('I5',), ('V4', 'I2'), ('V4',), ('V4', 'I2', 'III4', 'VII4', 'V3'), ('IV2', 'III4'), ('III4',), ('VI3', 'IV2', 'I4', 'III4'), ('I2', 'III4')]
[5, 'VI', 'Si']
[3, 'VI', 'Si']
[3, 'VI', 'Si']
[4, 'II', 'Mi']
[4, 'VI', 'Si']
[5, 'II', 'Mi']
[4, 'VI', 'Si']
[5, 'VI', 'Si']
[3, 'VI', 'Si']
[3, 'VI', 'Si']
[4, 'VI', 'Si']
[5, 'VI', 'Si']
[3, 'II', 'Mi']
[4, 'VI', 'Si']
[5, 'VI', 'Si']
[5, 'VI', 'Si']
[3, 'VI', 'Si']
[3, 'VI', 'Si']
[4, 'II', 'Mi']
[4, 'VI', 'Si']
[5, 'II', 'Mi']
[4, 'VI', 'Si']
[5, 'VI', 'Si']
[3, 'VI', 'Si']
[3, 'VI', 'Si']
[4, 'VI', 'Si']
[5, 'VI', 'Si']
[3, 'II', 'Mi']
[4, 'VI', 'Si']
[5, 'VI', 'Si']
[5, 'VI', 'Si']
[3, 'VI', 'Si']
[3, 'VI', 'Si']
[4, 'II', 'Mi']
[4, 'VI', 'Si']
[5, 'II', 'Mi']
[4, 'VI', 'Si']
[5, 'VI', 'Si']
[3, 'VI', 'Si']
[3, 'VI', 'Si']
[4, 'VI', 'Si']
[5, 'VI', 'Si']
[3, 'II', 'Mi']
[4, 'VI', 'Si']
[5, 'VI', 'Si']
[5, 'VI', 'Si']
[3, 'VI', 'Si']
[3, 'VI', 'Si']
[4, 'II', 'Mi']
[4, 'VI', 'Si']
[5, 'II', 'Mi']
[4, 'VI', 'Si']
[5, 'VI', 'Si']
[3, 'VI', 'Si']
[3, 'VI', 'Si']
[4, 'VI', 'Si']
[5, 'VI', 'Si']
[3, 'II', 'Mi']
[4, 'VI', 'Si']
[5, 'VI', 'Si']
[5, 'VI', 'Si']
[3, 'VI', 'Si']
[3, 'VI', 'Si']
[4, 'II', 'Mi']
[4, 'VI', 'Si']
[5, 'II', 'Mi']
[4, 'VI', 'Si']
[5, 'VI', 'Si']
[3, 'VI', 'Si']
[3, 'VI', 'Si']
[4, 'VI', 'Si']
[5, 'VI', 'Si']
-------Fallan aqui los .loc
-------Fallan aqui los .loc --- 2
